2023-12-14 11:38:58,463 - ====================================================
2023-12-14 11:38:58,673 - Model: distilbert-base-uncased 2023-12-14_11-38-58 with 1 epochs
2023-12-14 11:44:43,034 - Epoch 1 average train loss: 0.5919491574080551
2023-12-14 11:45:08,598 - 2023-12-14_11-38-58 with 1 epochs: Evaluation Results:
2023-12-14 11:45:08,598 - Training time: 344.19854044914246 seconds
2023-12-14 11:45:08,598 - Inference time: 25.553999662399292 seconds
2023-12-14 11:45:08,598 - Precision: 0.9544735496760636
2023-12-14 11:45:08,598 - Recall: 0.9540720781388586
2023-12-14 11:45:08,598 - F-score: 0.9541672543579709
2023-12-14 11:45:08,598 - Accuracy: 0.9541176470588235
2023-12-14 11:45:08,603 - G-mean: 0.9540948623267866
2023-12-14 11:45:38,034 - distilbert-base-uncased 2023-12-14_11-38-58 with 1 epochs: Evaluation Results (completely new data):
2023-12-14 11:45:38,034 - Training time: 344.19854044914246 seconds
2023-12-14 11:45:38,034 - Inference time: 25.29404377937317 seconds
2023-12-14 11:45:38,034 - Precision: 0.9593666518451966
2023-12-14 11:45:38,034 - Recall: 0.9604911800436942
2023-12-14 11:45:38,034 - F-score: 0.9598204534240107
2023-12-14 11:45:38,034 - Accuracy: 0.96
2023-12-14 11:45:38,034 - G-mean: 0.9602455586161002
2023-12-14 11:45:39,966 - ====================================================
2023-12-14 11:45:40,271 - Model: distilbert-base-uncased 2023-12-14_11-45-40 with 1 epochs
2023-12-14 12:22:33,522 - Epoch 1 average train loss: 0.5876445723631802
2023-12-14 12:22:59,288 - 2023-12-14_11-45-40 with 1 epochs: Evaluation Results:
2023-12-14 12:22:59,288 - Training time: 2213.1890139579773 seconds
2023-12-14 12:22:59,288 - Inference time: 25.75697135925293 seconds
2023-12-14 12:22:59,288 - Precision: 0.953246029453479
2023-12-14 12:22:59,288 - Recall: 0.9541330798234517
2023-12-14 12:22:59,289 - F-score: 0.953496700576407
2023-12-14 12:22:59,289 - Accuracy: 0.9529411764705882
2023-12-14 12:22:59,289 - G-mean: 0.9535369419149243
2023-12-14 12:23:28,065 - distilbert-base-uncased 2023-12-14_11-45-40 with 1 epochs: Evaluation Results (completely new data):
2023-12-14 12:23:28,065 - Training time: 2213.1890139579773 seconds
2023-12-14 12:23:28,065 - Inference time: 25.179996967315674 seconds
2023-12-14 12:23:28,065 - Precision: 0.9593345849174073
2023-12-14 12:23:28,066 - Recall: 0.9608061303406004
2023-12-14 12:23:28,066 - F-score: 0.9598747051905698
2023-12-14 12:23:28,066 - Accuracy: 0.96
2023-12-14 12:23:28,066 - G-mean: 0.9604029805904271
2023-12-14 12:23:30,030 - ====================================================
2023-12-14 12:23:30,282 - Model: distilbert-base-uncased 2023-12-14_12-23-30 with 1 epochs
