2023-12-14 10:10:31,804 - ====================================================
2023-12-14 11:38:58,673 - Model: distilbert-base-uncased 2023-12-14_10-10-31 with 7 epochs
2023-12-14 10:14:44,179 - Epoch 1 average train loss: 0.589547883315998
2023-12-14 10:18:44,525 - Epoch 2 average train loss: 0.11513544695780557
2023-12-14 10:22:47,308 - Epoch 3 average train loss: 0.06168626656755805
2023-12-14 10:26:50,538 - Epoch 4 average train loss: 0.028297953157521347
2023-12-14 10:30:55,462 - Epoch 5 average train loss: 0.018671600282301797
2023-12-14 10:35:17,825 - Epoch 6 average train loss: 0.013962194979300393
2023-12-14 10:40:03,713 - Epoch 7 average train loss: 0.01692418438985067
2023-12-14 10:40:38,463 - distilbert-base-uncased 2023-12-14_10-10-31 with 7 epochs: Evaluation Results:
2023-12-14 10:40:38,465 - Training time: 1758.0164849758148 seconds
2023-12-14 10:40:38,465 - Inference time: 31.92399549484253 seconds
2023-12-14 10:40:38,465 - Precision: 0.9687700728774725
2023-12-14 10:40:38,465 - Recall: 0.9679539862164452
2023-12-14 10:40:38,465 - F-score: 0.9682843239433515
2023-12-14 10:40:38,466 - Accuracy: 0.9682352941176471
2023-12-14 10:40:38,466 - G-mean: 0.9680946299492776
2023-12-14 10:41:21,637 - distilbert-base-uncased 2023-12-14_10-10-31 with 7 epochs: Evaluation Results (completely new data):
2023-12-14 10:41:21,637 - Training time: 1758.0164849758148 seconds
2023-12-14 10:41:21,637 - Inference time: 38.20261216163635 seconds
2023-12-14 10:41:21,637 - Precision: 0.9674714467233013
2023-12-14 10:41:21,638 - Recall: 0.9678126143521029
2023-12-14 10:41:21,638 - F-score: 0.967560059860937
2023-12-14 10:41:21,638 - Accuracy: 0.968
2023-12-14 10:41:21,638 - G-mean: 0.9679063026413433
