2023-12-20 09:49:13,064 - ====================================================
2023-12-20 09:49:13,254 - Model: distilbert-base-uncased 2023-12-20_09-49-13 with 13 epochs
2023-12-20 09:52:56,565 - Epoch 1 average train loss: 0.576290
2023-12-20 09:56:43,682 - Epoch 2 average train loss: 0.104603
2023-12-20 10:00:32,039 - Epoch 3 average train loss: 0.049861
2023-12-20 10:04:22,171 - Epoch 4 average train loss: 0.037357
2023-12-20 10:08:13,112 - Epoch 5 average train loss: 0.018638
2023-12-20 10:12:05,023 - Epoch 6 average train loss: 0.022093
2023-12-20 10:15:56,777 - Epoch 7 average train loss: 0.009177
2023-12-20 10:19:49,383 - Epoch 8 average train loss: 0.003828
2023-12-20 10:23:42,010 - Epoch 9 average train loss: 0.009162
2023-12-20 10:27:34,964 - Epoch 10 average train loss: 0.006565
2023-12-20 10:31:27,899 - Epoch 11 average train loss: 0.003910
2023-12-20 10:35:18,905 - Epoch 12 average train loss: 0.008293
2023-12-20 10:39:07,415 - Epoch 13 average train loss: 0.003517
2023-12-20 10:39:33,749 - 2023-12-20_09-49-13 with 13 epochs: Evaluation Results:
2023-12-20 10:39:33,749 - Training time: 2994.092511177063 seconds
2023-12-20 10:39:33,749 - Inference time: 26.326910257339478 seconds
2023-12-20 10:39:33,749 - Precision: 0.9724573410898261
2023-12-20 10:39:33,749 - Recall: 0.9718267028618641
2023-12-20 10:39:33,750 - F-score: 0.9720570976079397
2023-12-20 10:39:33,750 - Accuracy: 0.971764705882353
2023-12-20 10:39:33,750 - G-mean: 0.9717957038777112
2023-12-20 10:40:02,745 - distilbert-base-uncased 2023-12-20_09-49-13 with 13 epochs: Evaluation Results (completely new data):
2023-12-20 10:40:02,745 - Training time: 2994.092511177063 seconds
2023-12-20 10:40:02,745 - Inference time: 25.379331827163696 seconds
2023-12-20 10:40:02,746 - Precision: 0.9737390313501869
2023-12-20 10:40:02,746 - Recall: 0.9747700008889598
2023-12-20 10:40:02,746 - F-score: 0.9741404914418874
2023-12-20 10:40:02,746 - Accuracy: 0.9741176470588235
2023-12-20 10:40:02,746 - G-mean: 0.9744437693830675
