2023-12-22 19:24:10,601 - 
Starting detection model - ekvNiiJ2AC
2023-12-22 19:25:08,855 - Epoch 1 average train loss: 0.0
2023-12-22 19:25:41,572 - Epoch 2 average train loss: 0.0
2023-12-22 19:26:14,285 - Epoch 3 average train loss: 0.0
2023-12-22 19:26:46,999 - Epoch 4 average train loss: 0.0
2023-12-22 19:26:49,925 - Evaluation Results
2023-12-22 19:26:49,926 - Training time: 131.23494577407837 seconds
2023-12-22 19:26:49,926 - Inference time: 2.529048204421997 seconds
2023-12-22 19:26:49,926 - Precision: 0.7684391080617495
2023-12-22 19:26:49,926 - Recall: 0.8871287128712871
2023-12-22 19:26:49,926 - F-score: 0.8235294117647058
2023-12-22 19:26:49,926 - Accuracy: 0.8382476832350463
2023-12-22 19:26:49,926 - G-mean: 0.8623419207574482
2023-12-22 19:26:49,926 - Additional Info
2023-12-22 19:26:49,926 - Model name: distilbert-base-uncased
2023-12-22 19:26:49,927 - Datasets list: health
2023-12-22 19:26:49,927 - Dataset size: 5932
2023-12-22 19:26:49,927 - Layers frozen: 0
2023-12-22 19:26:49,927 - Learning rate: 1e-05
2023-12-22 19:26:49,927 - Class weights: Manual weights - [0.45, 0.55]
2023-12-22 19:26:49,927 - Model saved to: ./models/bert_model_ekvNiiJ2AC.pt
