2023-12-22 19:37:37,786 - 
Starting detection model - 8gCRGqNtJ6
2023-12-22 19:43:54,361 - Epoch 1 average train loss: 0.0
2023-12-22 19:48:49,461 - Epoch 2 average train loss: 0.0
2023-12-22 19:53:44,559 - Epoch 3 average train loss: 0.0
2023-12-22 19:58:38,685 - Epoch 4 average train loss: 0.0
2023-12-22 19:59:03,818 - Evaluation Results
2023-12-22 19:59:03,818 - Training time: 1180.256630897522 seconds
2023-12-22 19:59:03,818 - Inference time: 24.643211841583252 seconds
2023-12-22 19:59:03,818 - Precision: 0.7681895093062606
2023-12-22 19:59:03,818 - Recall: 0.899009900990099
2023-12-22 19:59:03,818 - F-score: 0.8284671532846715
2023-12-22 19:59:03,818 - Accuracy: 0.8416175231676495
2023-12-22 19:59:03,819 - G-mean: 0.8698404946738689
2023-12-22 19:59:03,819 - Additional Info
2023-12-22 19:59:03,819 - Model name: distilbert-base-uncased
2023-12-22 19:59:03,819 - Datasets list: health
2023-12-22 19:59:03,819 - Dataset size: 5932
2023-12-22 19:59:03,819 - Layers frozen: 0
2023-12-22 19:59:03,819 - Learning rate: 1e-05
2023-12-22 19:59:03,819 - Class weights: Manual weights - [0.45, 0.55]
2023-12-22 19:59:03,820 - Model saved to: ./models/bert_model_8gCRGqNtJ6.pt
