2023-12-22 18:49:58,547 - 
Starting detection model - WojVzkidYl
2023-12-22 18:50:26,976 - Epoch 1 average train loss: 0.0
2023-12-22 18:50:51,047 - Epoch 2 average train loss: 0.0
2023-12-22 18:51:15,163 - Epoch 3 average train loss: 0.0
2023-12-22 18:51:39,117 - Epoch 4 average train loss: 0.0
2023-12-22 18:52:02,860 - Epoch 5 average train loss: 0.0
2023-12-22 18:52:26,662 - Epoch 6 average train loss: 0.0
2023-12-22 18:52:28,367 - Evaluation Results
2023-12-22 18:52:28,367 - Training time: 143.29464530944824 seconds
2023-12-22 18:52:28,367 - Inference time: 1.0608768463134766 seconds
2023-12-22 18:52:28,367 - Precision: 0.8210116731517509
2023-12-22 18:52:28,367 - Recall: 0.7403508771929824
2023-12-22 18:52:28,367 - F-score: 0.7785977859778598
2023-12-22 18:52:28,367 - Accuracy: 0.9066147859922179
2023-12-22 18:52:28,367 - G-mean: 0.8192759315917114
2023-12-22 18:52:28,368 - Additional Info
2023-12-22 18:52:28,368 - Model name: bert-base-uncased
2023-12-22 18:52:28,368 - Datasets list: politics
2023-12-22 18:52:28,368 - Dataset size: 6424
2023-12-22 18:52:28,368 - Layers frozen: 0
2023-12-22 18:52:28,368 - Learning rate: 1e-05
2023-12-22 18:52:28,368 - Class weights: Manual weights - [0.45, 0.55]
2023-12-22 18:52:28,368 - Model saved to: ./models/bert_model_WojVzkidYl.pt
