2023-12-22 18:19:21,031 - 
Starting detection model - IJDxUouO4Z
2023-12-22 18:19:57,811 - Epoch 1 average train loss: 0.0
2023-12-22 18:20:21,719 - Epoch 2 average train loss: 0.0
2023-12-22 18:20:45,514 - Epoch 3 average train loss: 0.0
2023-12-22 18:21:08,748 - Epoch 4 average train loss: 0.0
2023-12-22 18:21:10,537 - Evaluation Results
2023-12-22 18:21:10,537 - Training time: 94.73196530342102 seconds
2023-12-22 18:21:10,537 - Inference time: 1.062845230102539 seconds
2023-12-22 18:21:10,537 - Precision: 0.8443579766536965
2023-12-22 18:21:10,537 - Recall: 0.7614035087719299
2023-12-22 18:21:10,537 - F-score: 0.8007380073800738
2023-12-22 18:21:10,537 - Accuracy: 0.9159533073929961
2023-12-22 18:21:10,537 - G-mean: 0.8351108082885056
2023-12-22 18:21:10,537 - Additional Info
2023-12-22 18:21:10,537 - Model name: bert-base-uncased
2023-12-22 18:21:10,537 - Datasets list: politics
2023-12-22 18:21:10,537 - Dataset size: 6424
2023-12-22 18:21:10,537 - Layers frozen: 0
2023-12-22 18:21:10,538 - Learning rate: 1e-05
2023-12-22 18:21:10,538 - Class weights: Manual weights - [0.45, 0.55]
2023-12-22 18:21:10,538 - Model saved to: ./models/bert_model_IJDxUouO4Z.pt
