2023-12-22 18:23:04,942 - 
Starting detection model - aEeNHtQHvO
2023-12-22 18:23:33,063 - Epoch 1 average train loss: 0.0
2023-12-22 18:23:57,169 - Epoch 2 average train loss: 0.0
2023-12-22 18:24:20,452 - Epoch 3 average train loss: 0.0
2023-12-22 18:24:44,150 - Epoch 4 average train loss: 0.0
2023-12-22 18:24:45,934 - Evaluation Results
2023-12-22 18:24:45,934 - Training time: 94.38212990760803 seconds
2023-12-22 18:24:45,934 - Inference time: 1.0663509368896484 seconds
2023-12-22 18:24:45,934 - Precision: 0.6801152737752162
2023-12-22 18:24:45,934 - Recall: 0.8280701754385965
2023-12-22 18:24:45,934 - F-score: 0.7468354430379748
2023-12-22 18:24:45,934 - Accuracy: 0.8754863813229572
2023-12-22 18:24:45,934 - G-mean: 0.8514482728717013
2023-12-22 18:24:45,934 - Additional Info
2023-12-22 18:24:45,934 - Model name: bert-base-uncased
2023-12-22 18:24:45,934 - Datasets list: politics
2023-12-22 18:24:45,934 - Dataset size: 6424
2023-12-22 18:24:45,934 - Layers frozen: 0
2023-12-22 18:24:45,934 - Learning rate: 1e-05
2023-12-22 18:24:45,934 - Class weights: Manual weights - [0.45, 0.55]
2023-12-22 18:24:45,934 - Model saved to: ./models/bert_model_aEeNHtQHvO.pt
