2023-12-22 18:21:17,222 - 
Starting detection model - pKTN4wN88r
2023-12-22 18:21:45,632 - Epoch 1 average train loss: 0.0
2023-12-22 18:22:09,097 - Epoch 2 average train loss: 0.0
2023-12-22 18:22:32,773 - Epoch 3 average train loss: 0.0
2023-12-22 18:22:56,908 - Epoch 4 average train loss: 0.0
2023-12-22 18:22:58,602 - Evaluation Results
2023-12-22 18:22:58,602 - Training time: 94.92142581939697 seconds
2023-12-22 18:22:58,603 - Inference time: 1.0623197555541992 seconds
2023-12-22 18:22:58,603 - Precision: 0.7517241379310344
2023-12-22 18:22:58,603 - Recall: 0.7649122807017544
2023-12-22 18:22:58,603 - F-score: 0.7582608695652174
2023-12-22 18:22:58,603 - Accuracy: 0.8918287937743191
2023-12-22 18:22:58,603 - G-mean: 0.8259363151244828
2023-12-22 18:22:58,603 - Additional Info
2023-12-22 18:22:58,603 - Model name: bert-base-uncased
2023-12-22 18:22:58,603 - Datasets list: politics
2023-12-22 18:22:58,603 - Dataset size: 6424
2023-12-22 18:22:58,603 - Layers frozen: 0
2023-12-22 18:22:58,603 - Learning rate: 1e-05
2023-12-22 18:22:58,603 - Class weights: Manual weights - [0.45, 0.55]
2023-12-22 18:22:58,603 - Model saved to: ./models/bert_model_pKTN4wN88r.pt
