2023-12-22 18:37:20,743 - 
Starting detection model - fpBeSUKarI
2023-12-22 18:37:50,066 - Epoch 1 average train loss: 0.0
2023-12-22 18:38:13,761 - Epoch 2 average train loss: 0.0
2023-12-22 18:38:37,573 - Epoch 3 average train loss: 0.0
2023-12-22 18:39:01,477 - Epoch 4 average train loss: 0.0
2023-12-22 18:39:25,210 - Epoch 5 average train loss: 0.0
2023-12-22 18:39:26,883 - Evaluation Results
2023-12-22 18:39:26,884 - Training time: 118.85583806037903 seconds
2023-12-22 18:39:26,885 - Inference time: 1.0508906841278076 seconds
2023-12-22 18:39:26,885 - Precision: 0.8379446640316206
2023-12-22 18:39:26,885 - Recall: 0.743859649122807
2023-12-22 18:39:26,885 - F-score: 0.7881040892193308
2023-12-22 18:39:26,885 - Accuracy: 0.911284046692607
2023-12-22 18:39:26,885 - G-mean: 0.8233270499770879
2023-12-22 18:39:26,885 - Additional Info
2023-12-22 18:39:26,885 - Model name: bert-base-uncased
2023-12-22 18:39:26,885 - Datasets list: politics
2023-12-22 18:39:26,885 - Dataset size: 6424
2023-12-22 18:39:26,886 - Layers frozen: 0
2023-12-22 18:39:26,886 - Learning rate: 1e-05
2023-12-22 18:39:26,886 - Class weights: Manual weights - [0.45, 0.55]
2023-12-22 18:39:26,886 - Model saved to: ./models/bert_model_fpBeSUKarI.pt
