2023-12-20 20:59:18,767 - Training data: (99229, 2)
2023-12-20 20:59:18,783 -                text
category           
crime           804
health        10707
politics      41913
science         907
social_media  44898
2023-12-20 20:59:18,804 - Testing data: (45436, 2)
2023-12-20 20:59:18,809 -                text
category           
crime           315
health         2814
politics      19260
science         907
social_media  22140
2023-12-20 21:08:57,739 - ====================================================
2023-12-20 21:08:57,990 - Model: distilbert-base-uncased 2023-12-20_21-08-57 with 1 epochs
2023-12-21 12:49:45,933 - Epoch 1 average train loss: 0.077658
2023-12-21 13:00:55,618 - 2023-12-20_21-08-57 with 1 epochs: Evaluation Results:
2023-12-21 13:00:55,618 - Training time: 56447.877298116684 seconds
2023-12-21 13:00:55,618 - Inference time: 669.6038491725922 seconds
2023-12-21 13:00:55,619 - Precision: 0.9898359844932134
2023-12-21 13:00:55,619 - Recall: 0.9651530660021816
2023-12-21 13:00:55,619 - F-score: 0.9768902718931015
2023-12-21 13:00:55,619 - Accuracy: 0.9855890355739192
2023-12-21 13:00:55,619 - G-mean: 0.9753175275274721
