2023-11-29 12:18:00,206 - 
Starting detection model - GqZKvZBI3F
2023-11-29 12:19:04,914 - Evaluation Results
2023-11-29 12:19:04,915 - Training time: 55.86293029785156 seconds
2023-11-29 12:19:04,915 - Inference time: 2.9757940769195557 seconds
2023-11-29 12:19:04,915 - Precision: 0.6730158730158731
2023-11-29 12:19:04,916 - Recall: 0.743859649122807
2023-11-29 12:19:04,916 - F-score: 0.7066666666666668
2023-11-29 12:19:04,916 - Accuracy: 0.863035019455253
2023-11-29 12:19:04,916 - G-mean: 0.8012346265312548
2023-11-29 12:19:04,916 - Additional Info
2023-11-29 12:19:04,916 - Layers frozen: 0
2023-11-29 12:19:04,916 - Learning rate: 1e-05
2023-11-29 12:19:04,917 - Class weights: [0.27, 0.73]
2023-11-29 12:19:04,917 - Model saved to: ./models/bert_model_GqZKvZBI3F.pt
2023-11-29 12:37:52,730 - 
Starting detection model - qHg6D2l746
2023-11-29 12:38:52,440 - Evaluation Results
2023-11-29 12:38:52,440 - Training time: 52.219629526138306 seconds
2023-11-29 12:38:52,441 - Inference time: 2.9817965030670166 seconds
2023-11-29 12:38:52,441 - Precision: 0.8426966292134831
2023-11-29 12:38:52,441 - Recall: 0.5263157894736842
2023-11-29 12:38:52,441 - F-score: 0.6479481641468683
2023-11-29 12:38:52,442 - Accuracy: 0.8731517509727627
2023-11-29 12:38:52,442 - G-mean: 0.6779037934276214
2023-11-29 12:38:52,442 - Additional Info
2023-11-29 12:38:52,442 - Datasets list: ['politics']
2023-11-29 12:38:52,442 - Layers frozen: 0
2023-11-29 12:38:52,442 - Learning rate: 1e-05
2023-11-29 12:38:52,442 - Class weights: [0.27, 0.73]
2023-11-29 12:38:52,442 - Model saved to: ./models/bert_model_qHg6D2l746.pt
2023-11-29 12:40:51,436 - 
Starting detection model - ZmVfLu1TRU
2023-11-29 12:41:50,864 - Evaluation Results
2023-11-29 12:41:50,864 - Training time: 52.40048789978027 seconds
2023-11-29 12:41:50,864 - Inference time: 2.980588912963867 seconds
2023-11-29 12:41:50,865 - Precision: 0.7077464788732394
2023-11-29 12:41:50,865 - Recall: 0.7052631578947368
2023-11-29 12:41:50,865 - F-score: 0.7065026362038663
2023-11-29 12:41:50,865 - Accuracy: 0.8700389105058366
2023-11-29 12:41:50,865 - G-mean: 0.7833303195425558
2023-11-29 12:41:50,865 - Additional Info
2023-11-29 12:41:50,865 - Datasets list: ['politics']
2023-11-29 12:41:50,865 - Layers frozen: 0
2023-11-29 12:41:50,865 - Learning rate: 1e-05
2023-11-29 12:41:50,865 - Class weights: [0.27, 0.73]
2023-11-29 12:41:50,865 - Model saved to: ./models/bert_model_ZmVfLu1TRU.pt
2023-11-29 13:02:51,771 - 
Starting detection model - BP5PV7Ul3y
2023-11-29 13:03:51,146 - Evaluation Results
2023-11-29 13:03:51,146 - Training time: 51.852516889572144 seconds
2023-11-29 13:03:51,147 - Inference time: 2.9622533321380615 seconds
2023-11-29 13:03:51,147 - Precision: 0.656441717791411
2023-11-29 13:03:51,147 - Recall: 0.7508771929824561
2023-11-29 13:03:51,147 - F-score: 0.7004909983633388
2023-11-29 13:03:51,148 - Accuracy: 0.8575875486381322
2023-11-29 13:03:51,148 - G-mean: 0.802460548100719
2023-11-29 13:03:51,148 - Additional Info
2023-11-29 13:03:51,148 - Datasets list: ['politics']
2023-11-29 13:03:51,148 - Layers frozen: 0
2023-11-29 13:03:51,148 - Learning rate: 1e-05
2023-11-29 13:03:51,148 - Class weights: [0.27, 0.73]
2023-11-29 13:03:51,148 - Model saved to: ./models/bert_model_BP5PV7Ul3y.pt
