2023-11-24 21:18:52,472 - 
Start detection model
2023-11-24 21:19:27,856 - Training time: 28.05858588218689 seconds
2023-11-24 21:19:27,856 - Inference time: 2.760486602783203 seconds
2023-11-24 21:19:27,856 - Precision: 0.0
2023-11-24 21:19:27,856 - Recall: 0.0
2023-11-24 21:19:27,856 - F-score: 0.0
2023-11-24 21:19:27,857 - Accuracy: 0.777431906614786
2023-11-24 21:19:27,857 - G-mean: 0.0
2023-11-24 21:40:59,539 - 
Start detection model
2023-11-24 21:41:32,030 - Training time: 26.411487579345703 seconds
2023-11-24 21:41:32,030 - Inference time: 2.654177665710449 seconds
2023-11-24 21:41:32,030 - Precision: 0.0
2023-11-24 21:41:32,030 - Recall: 0.0
2023-11-24 21:41:32,030 - F-score: 0.0
2023-11-24 21:41:32,030 - Accuracy: 0.7782101167315175
2023-11-24 21:41:32,030 - G-mean: 0.0
2023-11-24 21:41:38,582 - 
Start detection model
2023-11-24 21:42:11,323 - Training time: 26.45031976699829 seconds
2023-11-24 21:42:11,323 - Inference time: 2.663808822631836 seconds
2023-11-24 21:42:11,323 - Precision: 0.0
2023-11-24 21:42:11,323 - Recall: 0.0
2023-11-24 21:42:11,323 - F-score: 0.0
2023-11-24 21:42:11,323 - Accuracy: 0.777431906614786
2023-11-24 21:42:11,323 - G-mean: 0.0
2023-11-24 21:42:25,194 - 
Start detection model
2023-11-24 21:42:58,480 - Training time: 27.34657382965088 seconds
2023-11-24 21:42:58,480 - Inference time: 2.519930124282837 seconds
2023-11-24 21:42:58,480 - Precision: 0.0
2023-11-24 21:42:58,480 - Recall: 0.0
2023-11-24 21:42:58,480 - F-score: 0.0
2023-11-24 21:42:58,480 - Accuracy: 0.7782101167315175
2023-11-24 21:42:58,480 - G-mean: 0.0
2023-11-24 21:43:37,095 - 
Start detection model
2023-11-24 21:43:53,128 - 
Start detection model
2023-11-24 21:44:39,000 - Training time: 39.962634563446045 seconds
2023-11-24 21:44:39,001 - Inference time: 2.4991981983184814 seconds
2023-11-24 21:44:39,001 - Precision: 0.0
2023-11-24 21:44:39,001 - Recall: 0.0
2023-11-24 21:44:39,001 - F-score: 0.0
2023-11-24 21:44:39,001 - Accuracy: 0.7782101167315175
2023-11-24 21:44:39,001 - G-mean: 0.0
2023-11-24 21:49:05,048 - 
Start detection model
2023-11-24 21:49:47,371 - Training time: 35.44499492645264 seconds
2023-11-24 21:49:47,371 - Inference time: 3.0467417240142822 seconds
2023-11-24 21:49:47,371 - Precision: 0.0
2023-11-24 21:49:47,371 - Recall: 0.0
2023-11-24 21:49:47,372 - F-score: 0.0
2023-11-24 21:49:47,372 - Accuracy: 0.7782101167315175
2023-11-24 21:49:47,372 - G-mean: 0.0
2023-11-24 21:50:21,517 - 
Start detection model
2023-11-24 21:51:01,367 - Training time: 33.84648370742798 seconds
2023-11-24 21:51:01,367 - Inference time: 2.599428415298462 seconds
2023-11-24 21:51:01,367 - Precision: 0.0
2023-11-24 21:51:01,367 - Recall: 0.0
2023-11-24 21:51:01,367 - F-score: 0.0
2023-11-24 21:51:01,367 - Accuracy: 0.7782101167315175
2023-11-24 21:51:01,367 - G-mean: 0.0
2023-11-24 21:51:40,173 - 
Start detection model
2023-11-24 21:52:21,639 - Training time: 35.11606812477112 seconds
2023-11-24 21:52:21,639 - Inference time: 2.7252752780914307 seconds
2023-11-24 21:52:21,639 - Precision: 0.0
2023-11-24 21:52:21,640 - Recall: 0.0
2023-11-24 21:52:21,640 - F-score: 0.0
2023-11-24 21:52:21,640 - Accuracy: 0.7782101167315175
2023-11-24 21:52:21,640 - G-mean: 0.0
2023-11-24 21:52:56,618 - 
Start detection model
2023-11-24 21:53:54,198 - Training time: 51.007174253463745 seconds
2023-11-24 21:53:54,199 - Inference time: 2.7861697673797607 seconds
2023-11-24 21:53:54,199 - Precision: 1.0
2023-11-24 21:53:54,199 - Recall: 0.0035087719298245615
2023-11-24 21:53:54,199 - F-score: 0.006993006993006993
2023-11-24 21:53:54,199 - Accuracy: 0.778988326848249
2023-11-24 21:53:54,200 - G-mean: 0.05228089875763554
2023-11-24 21:54:10,163 - 
Start detection model
2023-11-24 21:55:06,664 - Training time: 50.09809708595276 seconds
2023-11-24 21:55:06,665 - Inference time: 2.727872848510742 seconds
2023-11-24 21:55:06,665 - Precision: 0.9389312977099237
2023-11-24 21:55:06,665 - Recall: 0.43157894736842106
2023-11-24 21:55:06,665 - F-score: 0.591346153846154
2023-11-24 21:55:06,665 - Accuracy: 0.867704280155642
2023-11-24 21:55:06,665 - G-mean: 0.6119500795462368
2023-11-24 21:57:27,042 - 
Start detection model
2023-11-24 21:58:23,296 - Training time: 49.64134073257446 seconds
2023-11-24 21:58:23,296 - Inference time: 2.7355358600616455 seconds
2023-11-24 21:58:23,296 - Precision: 0.9384615384615385
2023-11-24 21:58:23,296 - Recall: 0.4280701754385965
2023-11-24 21:58:23,296 - F-score: 0.5879518072289157
2023-11-24 21:58:23,296 - Accuracy: 0.8669260700389105
2023-11-24 21:58:23,296 - G-mean: 0.6091840402487982
2023-11-24 21:59:41,824 - 
Start detection model
2023-11-24 22:00:16,034 - Training time: 27.385650873184204 seconds
2023-11-24 22:00:16,034 - Inference time: 2.7298712730407715 seconds
2023-11-24 22:00:16,035 - Precision: 1.0
2023-11-24 22:00:16,035 - Recall: 0.0035087719298245615
2023-11-24 22:00:16,035 - F-score: 0.006993006993006993
2023-11-24 22:00:16,035 - Accuracy: 0.778988326848249
2023-11-24 22:00:16,035 - G-mean: 0.05228089875763554
2023-11-24 22:00:34,784 - 
Start detection model
2023-11-24 22:01:09,664 - Training time: 28.049792766571045 seconds
2023-11-24 22:01:09,664 - Inference time: 2.8172056674957275 seconds
2023-11-24 22:01:09,665 - Precision: 0.0
2023-11-24 22:01:09,665 - Recall: 0.0
2023-11-24 22:01:09,665 - F-score: 0.0
2023-11-24 22:01:09,665 - Accuracy: 0.7782101167315175
2023-11-24 22:01:09,665 - G-mean: 0.0
2023-11-24 22:06:29,690 - 
Starting detection model - {run_id}
2023-11-24 22:07:04,400 - Evaluation Results:
2023-11-24 22:07:04,401 - Training time: 27.575475454330444 seconds
2023-11-24 22:07:04,401 - Inference time: 2.7167415618896484 seconds
2023-11-24 22:07:04,401 - Precision: 0.0
2023-11-24 22:07:04,402 - Recall: 0.0
2023-11-24 22:07:04,402 - F-score: 0.0
2023-11-24 22:07:04,402 - Accuracy: 0.7782101167315175
2023-11-24 22:07:04,402 - G-mean: 0.0
2023-11-24 22:08:50,607 - 
Starting detection model - {run_id}
2023-11-24 22:10:10,461 - Evaluation Results
2023-11-24 22:10:10,462 - Training time: 27.218539476394653 seconds
2023-11-24 22:10:10,462 - Inference time: 2.7084481716156006 seconds
2023-11-24 22:10:10,462 - Precision: 0.22178988326848248
2023-11-24 22:10:10,463 - Recall: 1.0
2023-11-24 22:10:10,463 - F-score: 0.3630573248407643
2023-11-24 22:10:10,463 - Accuracy: 0.22178988326848248
2023-11-24 22:10:10,463 - G-mean: 0.47094573282755464
2023-11-24 22:10:10,463 - Additional Info
2023-11-24 22:10:10,463 - Layers frozen: 2
2023-11-24 22:10:10,463 - Learning rate: 1e-08
2023-11-24 22:10:10,463 - Model saved to: ./models/bert_model_j6ONsyCFAw.pt
2023-11-24 22:10:57,480 - 
Starting detection model - 6WA0MS0HfM
2023-11-24 22:11:32,363 - Evaluation Results
2023-11-24 22:11:32,364 - Training time: 27.351855039596558 seconds
2023-11-24 22:11:32,364 - Inference time: 2.795846700668335 seconds
2023-11-24 22:11:32,364 - Precision: 0.21074380165289255
2023-11-24 22:11:32,365 - Recall: 0.8947368421052632
2023-11-24 22:11:32,365 - F-score: 0.34113712374581945
2023-11-24 22:11:32,365 - Accuracy: 0.23346303501945526
2023-11-24 22:11:32,365 - G-mean: 0.4570426442922125
2023-11-24 22:11:32,365 - Additional Info
2023-11-24 22:11:32,365 - Layers frozen: 2
2023-11-24 22:11:32,365 - Learning rate: 1e-07
2023-11-24 22:11:32,365 - Model saved to: ./models/bert_model_6WA0MS0HfM.pt
2023-11-24 22:12:28,874 - 
Starting detection model - EfFKsTGXTV
2023-11-24 22:13:23,467 - Evaluation Results
2023-11-24 22:13:23,467 - Training time: 47.83136773109436 seconds
2023-11-24 22:13:23,467 - Inference time: 2.74995493888855 seconds
2023-11-24 22:13:23,467 - Precision: 1.0
2023-11-24 22:13:23,467 - Recall: 0.0035087719298245615
2023-11-24 22:13:23,468 - F-score: 0.006993006993006993
2023-11-24 22:13:23,468 - Accuracy: 0.778988326848249
2023-11-24 22:13:23,468 - G-mean: 0.05228089875763554
2023-11-24 22:13:23,468 - Additional Info
2023-11-24 22:13:23,468 - Layers frozen: 2
2023-11-24 22:13:23,468 - Learning rate: 1e-06
2023-11-24 22:13:23,468 - Model saved to: ./models/bert_model_EfFKsTGXTV.pt
2023-11-24 22:13:42,761 - 
Starting detection model - 3DcduCprf3
2023-11-24 22:14:38,506 - Evaluation Results
2023-11-24 22:14:38,506 - Training time: 48.79506015777588 seconds
2023-11-24 22:14:38,507 - Inference time: 2.799452543258667 seconds
2023-11-24 22:14:38,507 - Precision: 1.0
2023-11-24 22:14:38,507 - Recall: 0.007017543859649123
2023-11-24 22:14:38,507 - F-score: 0.013937282229965157
2023-11-24 22:14:38,507 - Accuracy: 0.7797665369649806
2023-11-24 22:14:38,507 - G-mean: 0.07397327810391034
2023-11-24 22:14:38,508 - Additional Info
2023-11-24 22:14:38,508 - Layers frozen: 2
2023-11-24 22:14:38,508 - Learning rate: 1e-06
2023-11-24 22:14:38,508 - Model saved to: ./models/bert_model_3DcduCprf3.pt
2023-11-24 22:15:10,995 - 
Starting detection model - 3dqBsSDLg5
2023-11-24 22:15:45,123 - Evaluation Results
2023-11-24 22:15:45,124 - Training time: 26.991517543792725 seconds
2023-11-24 22:15:45,124 - Inference time: 2.7419936656951904 seconds
2023-11-24 22:15:45,124 - Precision: 0.0
2023-11-24 22:15:45,125 - Recall: 0.0
2023-11-24 22:15:45,125 - F-score: 0.0
2023-11-24 22:15:45,125 - Accuracy: 0.7750972762645915
2023-11-24 22:15:45,125 - G-mean: 0.0
2023-11-24 22:15:45,126 - Additional Info
2023-11-24 22:15:45,126 - Layers frozen: 2
2023-11-24 22:15:45,126 - Learning rate: 1e-06
2023-11-24 22:15:45,126 - Model saved to: ./models/bert_model_3dqBsSDLg5.pt
2023-11-24 22:16:30,646 - 
Starting detection model - bNwGcwxX0J
2023-11-24 22:17:27,679 - Evaluation Results
2023-11-24 22:17:27,679 - Training time: 49.96634292602539 seconds
2023-11-24 22:17:27,680 - Inference time: 2.864128589630127 seconds
2023-11-24 22:17:27,680 - Precision: 0.5
2023-11-24 22:17:27,680 - Recall: 0.014035087719298246
2023-11-24 22:17:27,680 - F-score: 0.0273037542662116
2023-11-24 22:17:27,680 - Accuracy: 0.7782101167315175
2023-11-24 22:17:27,680 - G-mean: 0.1045095557945405
2023-11-24 22:17:27,681 - Additional Info
2023-11-24 22:17:27,681 - Layers frozen: 0
2023-11-24 22:17:27,681 - Learning rate: 1e-06
2023-11-24 22:17:27,681 - Model saved to: ./models/bert_model_bNwGcwxX0J.pt
2023-11-24 22:18:11,926 - 
Starting detection model - 4XHvz80eH1
2023-11-24 22:19:07,431 - Evaluation Results
2023-11-24 22:19:07,432 - Training time: 48.339160442352295 seconds
2023-11-24 22:19:07,432 - Inference time: 2.884547233581543 seconds
2023-11-24 22:19:07,432 - Precision: 0.0
2023-11-24 22:19:07,432 - Recall: 0.0
2023-11-24 22:19:07,432 - F-score: 0.0
2023-11-24 22:19:07,433 - Accuracy: 0.7782101167315175
2023-11-24 22:19:07,433 - G-mean: 0.0
2023-11-24 22:19:07,433 - Additional Info
2023-11-24 22:19:07,433 - Layers frozen: 0
2023-11-24 22:19:07,433 - Learning rate: 1e-06
2023-11-24 22:19:07,433 - Model saved to: ./models/bert_model_4XHvz80eH1.pt
2023-11-24 22:19:28,455 - 
Starting detection model - mC1ufQDo6p
2023-11-24 22:20:25,350 - Evaluation Results
2023-11-24 22:20:25,350 - Training time: 50.06304335594177 seconds
2023-11-24 22:20:25,350 - Inference time: 2.813936710357666 seconds
2023-11-24 22:20:25,350 - Precision: 0.8241758241758241
2023-11-24 22:20:25,351 - Recall: 0.5263157894736842
2023-11-24 22:20:25,351 - F-score: 0.6423982869379014
2023-11-24 22:20:25,351 - Accuracy: 0.8700389105058366
2023-11-24 22:20:25,351 - G-mean: 0.6766943298533714
2023-11-24 22:20:25,351 - Additional Info
2023-11-24 22:20:25,351 - Layers frozen: 0
2023-11-24 22:20:25,351 - Learning rate: 1e-05
2023-11-24 22:20:25,352 - Model saved to: ./models/bert_model_mC1ufQDo6p.pt
2023-11-24 22:21:45,746 - 
Starting detection model - EuSY3G0M60
2023-11-24 22:22:01,368 - 
Starting detection model - W0KmC3qkqi
2023-11-24 22:22:33,203 - Evaluation Results
2023-11-24 22:22:33,203 - Training time: 24.95252299308777 seconds
2023-11-24 22:22:33,203 - Inference time: 2.7424747943878174 seconds
2023-11-24 22:22:33,204 - Precision: 0.3333333333333333
2023-11-24 22:22:33,204 - Recall: 0.017543859649122806
2023-11-24 22:22:33,204 - F-score: 0.03333333333333333
2023-11-24 22:22:33,204 - Accuracy: 0.77431906614786
2023-11-24 22:22:33,204 - G-mean: 0.11655275638155407
2023-11-24 22:22:33,204 - Additional Info
2023-11-24 22:22:33,205 - Layers frozen: 1
2023-11-24 22:22:33,205 - Learning rate: 1e-05
2023-11-24 22:22:33,205 - Model saved to: ./models/bert_model_W0KmC3qkqi.pt
2023-11-24 22:22:51,702 - 
Starting detection model - FW8WrhAh5f
2023-11-24 22:23:23,554 - Evaluation Results
2023-11-24 22:23:23,554 - Training time: 24.867035388946533 seconds
2023-11-24 22:23:23,554 - Inference time: 2.675929546356201 seconds
2023-11-24 22:23:23,554 - Precision: 0.0
2023-11-24 22:23:23,554 - Recall: 0.0
2023-11-24 22:23:23,554 - F-score: 0.0
2023-11-24 22:23:23,554 - Accuracy: 0.7782101167315175
2023-11-24 22:23:23,554 - G-mean: 0.0
2023-11-24 22:23:23,554 - Additional Info
2023-11-24 22:23:23,554 - Layers frozen: 1
2023-11-24 22:23:23,554 - Learning rate: 1e-05
2023-11-24 22:23:23,555 - Model saved to: ./models/bert_model_FW8WrhAh5f.pt
2023-11-24 22:23:41,470 - 
Starting detection model - 3XidkRQkSa
2023-11-24 22:24:36,869 - Evaluation Results
2023-11-24 22:24:36,869 - Training time: 48.54172992706299 seconds
2023-11-24 22:24:36,869 - Inference time: 2.694789171218872 seconds
2023-11-24 22:24:36,869 - Precision: 0.8936170212765957
2023-11-24 22:24:36,870 - Recall: 0.4421052631578947
2023-11-24 22:24:36,870 - F-score: 0.5915492957746478
2023-11-24 22:24:36,870 - Accuracy: 0.864591439688716
2023-11-24 22:24:36,870 - G-mean: 0.6182559550603963
2023-11-24 22:24:36,870 - Additional Info
2023-11-24 22:24:36,870 - Layers frozen: 0
2023-11-24 22:24:36,870 - Learning rate: 1e-05
2023-11-24 22:24:36,870 - Model saved to: ./models/bert_model_3XidkRQkSa.pt
2023-11-24 22:26:35,638 - 
Starting detection model - TtVR0vJNz6
2023-11-24 22:27:31,730 - Evaluation Results
2023-11-24 22:27:31,730 - Training time: 48.768412828445435 seconds
2023-11-24 22:27:31,730 - Inference time: 2.8412652015686035 seconds
2023-11-24 22:27:31,730 - Precision: 0.9557522123893806
2023-11-24 22:27:31,730 - Recall: 0.37894736842105264
2023-11-24 22:27:31,730 - F-score: 0.542713567839196
2023-11-24 22:27:31,730 - Accuracy: 0.8583657587548638
2023-11-24 22:27:31,731 - G-mean: 0.5703292430017032
2023-11-24 22:27:31,731 - Additional Info
2023-11-24 22:27:31,731 - Layers frozen: 0
2023-11-24 22:27:31,731 - Learning rate: 1e-05
2023-11-24 22:27:31,731 - Class weights: [0.5, 0.5]
2023-11-24 22:27:31,731 - Model saved to: ./models/bert_model_TtVR0vJNz6.pt
2023-11-24 22:28:19,074 - 
Starting detection model - SVDaYbuL1U
2023-11-24 22:29:12,710 - Evaluation Results
2023-11-24 22:29:12,711 - Training time: 47.159589767456055 seconds
2023-11-24 22:29:12,711 - Inference time: 2.553954601287842 seconds
2023-11-24 22:29:12,711 - Precision: 0.4166666666666667
2023-11-24 22:29:12,711 - Recall: 0.9298245614035088
2023-11-24 22:29:12,711 - F-score: 0.5754614549402823
2023-11-24 22:29:12,712 - Accuracy: 0.6957198443579766
2023-11-24 22:29:12,712 - G-mean: 0.804299321857151
2023-11-24 22:29:12,712 - Additional Info
2023-11-24 22:29:12,712 - Layers frozen: 0
2023-11-24 22:29:12,712 - Learning rate: 1e-05
2023-11-24 22:29:12,712 - Class weights: [0.1, 0.9]
2023-11-24 22:29:12,712 - Model saved to: ./models/bert_model_SVDaYbuL1U.pt
2023-11-24 22:29:40,589 - 
Starting detection model - MDYzM1Uaih
2023-11-24 22:30:35,929 - Evaluation Results
2023-11-24 22:30:35,929 - Training time: 48.57190227508545 seconds
2023-11-24 22:30:35,929 - Inference time: 2.7374017238616943 seconds
2023-11-24 22:30:35,929 - Precision: 0.8835616438356164
2023-11-24 22:30:35,929 - Recall: 0.45263157894736844
2023-11-24 22:30:35,929 - F-score: 0.5986078886310905
2023-11-24 22:30:35,929 - Accuracy: 0.8653696498054475
2023-11-24 22:30:35,929 - G-mean: 0.6258543208803236
2023-11-24 22:30:35,929 - Additional Info
2023-11-24 22:30:35,930 - Layers frozen: 0
2023-11-24 22:30:35,930 - Learning rate: 1e-05
2023-11-24 22:30:35,930 - Class weights: [0.4, 0.6]
2023-11-24 22:30:35,930 - Model saved to: ./models/bert_model_MDYzM1Uaih.pt
2023-11-24 22:31:27,033 - 
Starting detection model - S8iZhyNd5B
2023-11-24 22:32:23,636 - Evaluation Results
2023-11-24 22:32:23,637 - Training time: 49.755634784698486 seconds
2023-11-24 22:32:23,637 - Inference time: 2.8408098220825195 seconds
2023-11-24 22:32:23,637 - Precision: 0.6833333333333333
2023-11-24 22:32:23,637 - Recall: 0.7192982456140351
2023-11-24 22:32:23,637 - F-score: 0.7008547008547009
2023-11-24 22:32:23,638 - Accuracy: 0.8638132295719845
2023-11-24 22:32:23,638 - G-mean: 0.7882508107000729
2023-11-24 22:32:23,638 - Additional Info
2023-11-24 22:32:23,638 - Layers frozen: 0
2023-11-24 22:32:23,638 - Learning rate: 1e-05
2023-11-24 22:32:23,638 - Class weights: [0.25, 0.75]
2023-11-24 22:32:23,638 - Model saved to: ./models/bert_model_S8iZhyNd5B.pt
2023-11-24 22:33:41,311 - 
Starting detection model - IKJGeEkq3u
2023-11-24 22:34:35,359 - Evaluation Results
2023-11-24 22:34:35,359 - Training time: 47.60055422782898 seconds
2023-11-24 22:34:35,359 - Inference time: 2.5284159183502197 seconds
2023-11-24 22:34:35,360 - Precision: 0.7391304347826086
2023-11-24 22:34:35,360 - Recall: 0.656140350877193
2023-11-24 22:34:35,360 - F-score: 0.6951672862453532
2023-11-24 22:34:35,360 - Accuracy: 0.8723735408560311
2023-11-24 22:34:35,360 - G-mean: 0.756570869907939
2023-11-24 22:34:35,360 - Additional Info
2023-11-24 22:34:35,360 - Layers frozen: 0
2023-11-24 22:34:35,360 - Learning rate: 1e-05
2023-11-24 22:34:35,361 - Class weights: [0.3, 0.7]
2023-11-24 22:34:35,361 - Model saved to: ./models/bert_model_IKJGeEkq3u.pt
2023-11-24 22:43:13,458 - 
Starting detection model - jgNOETHF5F
2023-11-24 22:44:09,258 - Evaluation Results
2023-11-24 22:44:09,258 - Training time: 49.0048451423645 seconds
2023-11-24 22:44:09,259 - Inference time: 2.5042285919189453 seconds
2023-11-24 22:44:09,259 - Precision: 0.7431906614785992
2023-11-24 22:44:09,259 - Recall: 0.6701754385964912
2023-11-24 22:44:09,259 - F-score: 0.7047970479704797
2023-11-24 22:44:09,259 - Accuracy: 0.8754863813229572
2023-11-24 22:44:09,259 - G-mean: 0.7659826823031757
2023-11-24 22:44:09,260 - Additional Info
2023-11-24 22:44:09,260 - Layers frozen: 0
2023-11-24 22:44:09,260 - Learning rate: 1e-05
2023-11-24 22:44:09,260 - Class weights: [0.27, 0.73]
2023-11-24 22:44:09,260 - Model saved to: ./models/bert_model_jgNOETHF5F.pt
2023-11-24 22:49:44,583 - 
Starting detection model - QPHC5Jxm1R
2023-11-24 22:50:41,289 - Evaluation Results
2023-11-24 22:50:41,290 - Training time: 49.67606830596924 seconds
2023-11-24 22:50:41,290 - Inference time: 2.729358673095703 seconds
2023-11-24 22:50:41,290 - Precision: 0.7841409691629956
2023-11-24 22:50:41,290 - Recall: 0.624561403508772
2023-11-24 22:50:41,290 - F-score: 0.6953125
2023-11-24 22:50:41,290 - Accuracy: 0.8785992217898833
2023-11-24 22:50:41,290 - G-mean: 0.7407693049005233
2023-11-24 22:50:41,290 - Additional Info
2023-11-24 22:50:41,290 - Layers frozen: 0
2023-11-24 22:50:41,290 - Learning rate: 1e-05
2023-11-24 22:50:41,291 - Class weights: [0.27, 0.73]
2023-11-24 22:50:41,291 - Model saved to: ./models/bert_model_QPHC5Jxm1R.pt
2023-11-24 22:53:32,046 - 
Starting detection model - ZIj0cFmUEo
2023-11-24 22:54:28,395 - Evaluation Results
2023-11-24 22:54:28,395 - Training time: 49.44889450073242 seconds
2023-11-24 22:54:28,395 - Inference time: 2.80469012260437 seconds
2023-11-24 22:54:28,396 - Precision: 0.6612903225806451
2023-11-24 22:54:28,396 - Recall: 0.7192982456140351
2023-11-24 22:54:28,396 - F-score: 0.689075630252101
2023-11-24 22:54:28,396 - Accuracy: 0.8560311284046692
2023-11-24 22:54:28,396 - G-mean: 0.7846920981203273
2023-11-24 22:54:28,396 - Additional Info
2023-11-24 22:54:28,396 - Layers frozen: 0
2023-11-24 22:54:28,396 - Learning rate: 1e-05
2023-11-24 22:54:28,396 - Class weights: [0.27, 0.73]
2023-11-24 22:54:28,396 - Model saved to: ./models/bert_model_ZIj0cFmUEo.pt
