2023-11-29 16:02:03,480 - 
Starting detection model - eXohFu9o0V
2023-11-29 16:03:13,682 - Evaluation Results
2023-11-29 16:03:13,683 - Training time: 54.59725379943848 seconds
2023-11-29 16:03:13,683 - Inference time: 3.031276226043701 seconds
2023-11-29 16:03:13,683 - Precision: 0.0
2023-11-29 16:03:13,683 - Recall: 0.0
2023-11-29 16:03:13,683 - F-score: 0.0
2023-11-29 16:03:13,683 - Accuracy: 0.7782101167315175
2023-11-29 16:03:13,684 - G-mean: 0.0
2023-11-29 16:03:13,684 - Additional Info
2023-11-29 16:03:13,684 - Model name: bert_model_eXohFu9o0V.pt
2023-11-29 16:03:13,684 - Datasets list: ['politics']
2023-11-29 16:03:13,684 - Layers frozen: 0
2023-11-29 16:03:13,684 - Learning rate: 1e-05
2023-11-29 16:03:13,684 - Class weights: [0.27, 0.73]
2023-11-29 16:03:13,684 - Model not saved, didn't meet minimum accuracy threshold
2023-11-29 16:04:28,357 - 
Starting detection model - krGDEtkYCA
2023-11-29 16:05:30,281 - Evaluation Results
2023-11-29 16:05:30,281 - Training time: 54.53670048713684 seconds
2023-11-29 16:05:30,281 - Inference time: 3.1070570945739746 seconds
2023-11-29 16:05:30,281 - Precision: 0.0
2023-11-29 16:05:30,281 - Recall: 0.0
2023-11-29 16:05:30,281 - F-score: 0.0
2023-11-29 16:05:30,282 - Accuracy: 0.7782101167315175
2023-11-29 16:05:30,282 - G-mean: 0.0
2023-11-29 16:05:30,282 - Additional Info
2023-11-29 16:05:30,282 - Model name: bert_model_krGDEtkYCA.pt
2023-11-29 16:05:30,282 - Datasets list: ['politics']
2023-11-29 16:05:30,282 - Layers frozen: 0
2023-11-29 16:05:30,282 - Learning rate: 1e-05
2023-11-29 16:05:30,282 - Class weights: [0.27, 0.73]
2023-11-29 16:05:30,283 - Model not saved, didn't meet minimum accuracy threshold
2023-11-29 16:09:38,265 - 
Starting detection model - pWxlNQgkHa
2023-11-29 16:11:43,532 - 
Starting detection model - IlJCq1ijDF
2023-11-29 16:16:47,702 - Evaluation Results
2023-11-29 16:16:47,702 - Training time: 56.71597194671631 seconds
2023-11-29 16:16:47,702 - Inference time: 3.7216944694519043 seconds
2023-11-29 16:16:47,702 - Precision: 0.7836538461538461
2023-11-29 16:16:47,702 - Recall: 0.5719298245614035
2023-11-29 16:16:47,703 - F-score: 0.6612576064908722
2023-11-29 16:16:47,703 - Accuracy: 0.8700389105058366
2023-11-29 16:16:47,703 - G-mean: 0.7054085351391758
2023-11-29 16:16:47,703 - Additional Info
2023-11-29 16:16:47,703 - Model name: bert_model_IlJCq1ijDF.pt
2023-11-29 16:16:47,703 - Datasets list: ['politics']
2023-11-29 16:16:47,703 - Layers frozen: 0
2023-11-29 16:16:47,703 - Learning rate: 1e-05
2023-11-29 16:16:47,703 - Class weights: [0.27, 0.73]
2023-11-29 16:16:47,703 - Model saved to: ./models/bert_model_IlJCq1ijDF.pt
2023-11-29 16:29:23,581 - 
Starting detection model - SGE7XHFLLg
2023-11-29 16:35:57,563 - Evaluation Results
2023-11-29 16:35:57,563 - Training time: 55.00192451477051 seconds
2023-11-29 16:35:57,563 - Inference time: 3.4760611057281494 seconds
2023-11-29 16:35:57,563 - Precision: 0.7413793103448276
2023-11-29 16:35:57,563 - Recall: 0.6035087719298246
2023-11-29 16:35:57,563 - F-score: 0.665377176015474
2023-11-29 16:35:57,564 - Accuracy: 0.8653696498054475
2023-11-29 16:35:57,564 - G-mean: 0.7226743212674904
2023-11-29 16:35:57,564 - Additional Info
2023-11-29 16:35:57,564 - Model name: bert-base-cased
2023-11-29 16:35:57,564 - Datasets list: ['politics']
2023-11-29 16:35:57,564 - Layers frozen: 0
2023-11-29 16:35:57,564 - Learning rate: 1e-05
2023-11-29 16:35:57,564 - Class weights: [0.27, 0.73]
2023-11-29 16:35:57,564 - Model saved to: ./models/bert_model_SGE7XHFLLg.pt
2023-11-29 16:37:09,840 - 
Starting detection model - LrggaqGytl
2023-11-29 16:37:33,159 - 
Starting detection model - vWmKI0paBV
2023-11-29 16:38:38,480 - Evaluation Results
2023-11-29 16:38:38,480 - Training time: 57.52888870239258 seconds
2023-11-29 16:38:38,480 - Inference time: 3.6265029907226562 seconds
2023-11-29 16:38:38,480 - Precision: 0.7644230769230769
2023-11-29 16:38:38,480 - Recall: 0.5578947368421052
2023-11-29 16:38:38,480 - F-score: 0.6450304259634888
2023-11-29 16:38:38,480 - Accuracy: 0.8638132295719845
2023-11-29 16:38:38,481 - G-mean: 0.6942023151738917
2023-11-29 16:38:38,481 - Additional Info
2023-11-29 16:38:38,481 - Model name: bert-base-cased
2023-11-29 16:38:38,481 - Datasets list: ['politics']
2023-11-29 16:38:38,482 - Layers frozen: 0
2023-11-29 16:38:38,482 - Learning rate: 1e-05
2023-11-29 16:38:38,482 - Class weights: [0.27, 0.73]
2023-11-29 16:38:38,482 - Model saved to: ./models/bert_model_vWmKI0paBV.pt
2023-11-29 16:41:11,059 - 
Starting detection model - NObLAL7TzL
2023-11-29 16:41:44,964 - Evaluation Results
2023-11-29 16:41:44,964 - Training time: 28.54520869255066 seconds
2023-11-29 16:41:44,965 - Inference time: 1.5593757629394531 seconds
2023-11-29 16:41:44,965 - Precision: 0.6242038216560509
2023-11-29 16:41:44,965 - Recall: 0.6877192982456141
2023-11-29 16:41:44,965 - F-score: 0.654424040066778
2023-11-29 16:41:44,965 - Accuracy: 0.8389105058365759
2023-11-29 16:41:44,965 - G-mean: 0.7595623373791008
2023-11-29 16:41:44,965 - Additional Info
2023-11-29 16:41:44,965 - Model name: distilbert-base-uncased-finetuned-sst-2-english
2023-11-29 16:41:44,965 - Datasets list: ['politics']
2023-11-29 16:41:44,966 - Layers frozen: 0
2023-11-29 16:41:44,966 - Learning rate: 1e-05
2023-11-29 16:41:44,966 - Class weights: [0.27, 0.73]
2023-11-29 16:41:44,966 - Model saved to: ./models/bert_model_NObLAL7TzL.pt
2023-11-29 16:42:11,334 - 
Starting detection model - UKDyz8phEY
2023-11-29 16:42:46,953 - Evaluation Results
2023-11-29 16:42:46,954 - Training time: 30.173035144805908 seconds
2023-11-29 16:42:46,954 - Inference time: 1.6210458278656006 seconds
2023-11-29 16:42:46,954 - Precision: 0.5718232044198895
2023-11-29 16:42:46,954 - Recall: 0.7263157894736842
2023-11-29 16:42:46,955 - F-score: 0.6398763523956723
2023-11-29 16:42:46,955 - Accuracy: 0.8186770428015564
2023-11-29 16:42:46,955 - G-mean: 0.7711148180824913
2023-11-29 16:42:46,955 - Additional Info
2023-11-29 16:42:46,955 - Model name: distilbert-base-uncased-finetuned-sst-2-english
2023-11-29 16:42:46,955 - Datasets list: ['politics']
2023-11-29 16:42:46,955 - Layers frozen: 0
2023-11-29 16:42:46,955 - Learning rate: 1e-05
2023-11-29 16:42:46,955 - Class weights: [0.27, 0.73]
2023-11-29 16:42:46,955 - Model saved to: ./models/bert_model_UKDyz8phEY.pt
2023-11-29 16:43:25,636 - 
Starting detection model - jJaMcE3TDc
2023-11-29 16:44:00,593 - Evaluation Results
2023-11-29 16:44:00,594 - Training time: 29.247953176498413 seconds
2023-11-29 16:44:00,594 - Inference time: 1.5745480060577393 seconds
2023-11-29 16:44:00,594 - Precision: 0.6806451612903226
2023-11-29 16:44:00,594 - Recall: 0.7403508771929824
2023-11-29 16:44:00,595 - F-score: 0.7092436974789915
2023-11-29 16:44:00,595 - Accuracy: 0.8653696498054475
2023-11-29 16:44:00,595 - G-mean: 0.8004231251842034
2023-11-29 16:44:00,595 - Additional Info
2023-11-29 16:44:00,595 - Model name: distilbert-base-uncased
2023-11-29 16:44:00,595 - Datasets list: ['politics']
2023-11-29 16:44:00,595 - Layers frozen: 0
2023-11-29 16:44:00,595 - Learning rate: 1e-05
2023-11-29 16:44:00,595 - Class weights: [0.27, 0.73]
2023-11-29 16:44:00,595 - Model saved to: ./models/bert_model_jJaMcE3TDc.pt
2023-11-29 16:44:46,776 - 
Starting detection model - es47K7NHB3
2023-11-29 16:45:23,543 - Evaluation Results
2023-11-29 16:45:23,544 - Training time: 30.921470880508423 seconds
2023-11-29 16:45:23,544 - Inference time: 1.6049797534942627 seconds
2023-11-29 16:45:23,545 - Precision: 0.6162464985994398
2023-11-29 16:45:23,545 - Recall: 0.7719298245614035
2023-11-29 16:45:23,545 - F-score: 0.6853582554517134
2023-11-29 16:45:23,545 - Accuracy: 0.8428015564202335
2023-11-29 16:45:23,545 - G-mean: 0.8065876626799772
2023-11-29 16:45:23,545 - Additional Info
2023-11-29 16:45:23,545 - Model name: distilbert-base-uncased
2023-11-29 16:45:23,545 - Datasets list: ['politics']
2023-11-29 16:45:23,546 - Layers frozen: 0
2023-11-29 16:45:23,546 - Learning rate: 1e-05
2023-11-29 16:45:23,546 - Class weights: [0.27, 0.73]
2023-11-29 16:45:23,546 - Model saved to: ./models/bert_model_es47K7NHB3.pt
2023-11-29 17:48:44,023 - 
Starting detection model - ZzetoCTkO3
2023-11-29 17:49:24,640 - Evaluation Results
2023-11-29 17:49:24,640 - Training time: 30.19101619720459 seconds
2023-11-29 17:49:24,641 - Inference time: 1.595409870147705 seconds
2023-11-29 17:49:24,641 - Precision: 0.6755852842809364
2023-11-29 17:49:24,641 - Recall: 0.7087719298245614
2023-11-29 17:49:24,641 - F-score: 0.6917808219178082
2023-11-29 17:49:24,641 - Accuracy: 0.8599221789883269
2023-11-29 17:49:24,641 - G-mean: 0.7806975741607619
2023-11-29 17:49:24,641 - Additional Info
2023-11-29 17:49:24,642 - Model name: distilbert-base-uncased
2023-11-29 17:49:24,642 - Datasets list: ['politics']
2023-11-29 17:49:24,642 - Layers frozen: 0
2023-11-29 17:49:24,642 - Learning rate: 1e-05
2023-11-29 17:49:24,642 - Class weights: [0.27, 0.73]
2023-11-29 17:49:24,642 - Model saved to: ./models/bert_model_ZzetoCTkO3.pt
2023-11-29 18:05:53,371 - 
Starting detection model - qeWbupr8fS
2023-11-29 18:06:32,401 - Evaluation Results
2023-11-29 18:06:32,402 - Training time: 31.907140731811523 seconds
2023-11-29 18:06:32,402 - Inference time: 1.7272052764892578 seconds
2023-11-29 18:06:32,402 - Precision: 0.6366366366366366
2023-11-29 18:06:32,402 - Recall: 0.743859649122807
2023-11-29 18:06:32,402 - F-score: 0.6860841423948221
2023-11-29 18:06:32,402 - Accuracy: 0.8490272373540856
2023-11-29 18:06:32,403 - G-mean: 0.7947056705937843
2023-11-29 18:06:32,403 - Additional Info
2023-11-29 18:06:32,403 - Model name: distilbert-base-uncased
2023-11-29 18:06:32,403 - Datasets list: ['politics']
2023-11-29 18:06:32,403 - Layers frozen: 0
2023-11-29 18:06:32,403 - Learning rate: 1e-05
2023-11-29 18:06:32,403 - Class weights: [0.27, 0.73]
2023-11-29 18:06:32,403 - Model saved to: ./models/bert_model_qeWbupr8fS.pt
2023-11-29 23:01:06,796 - 
Starting detection model - mkQYVEr6Z6
2023-11-29 23:01:47,365 - Evaluation Results
2023-11-29 23:01:47,365 - Training time: 30.568097829818726 seconds
2023-11-29 23:01:47,365 - Inference time: 1.5749881267547607 seconds
2023-11-29 23:01:47,365 - Precision: 0.625
2023-11-29 23:01:47,366 - Recall: 0.7894736842105263
2023-11-29 23:01:47,366 - F-score: 0.6976744186046512
2023-11-29 23:01:47,366 - Accuracy: 0.8482490272373541
2023-11-29 23:01:47,366 - G-mean: 0.8183338467038187
2023-11-29 23:01:47,366 - Additional Info
2023-11-29 23:01:47,366 - Model name: distilbert-base-uncased
2023-11-29 23:01:47,366 - Datasets list: ['politics']
2023-11-29 23:01:47,366 - Layers frozen: 0
2023-11-29 23:01:47,366 - Learning rate: 1e-05
2023-11-29 23:01:47,366 - Class weights: [0.27, 0.73]
2023-11-29 23:01:47,366 - Model saved to: ./models/bert_model_mkQYVEr6Z6.pt
2023-11-29 23:09:37,320 - 
Starting detection model - nZphHSuGS2
2023-11-29 23:10:16,818 - Evaluation Results
2023-11-29 23:10:16,819 - Training time: 31.889628171920776 seconds
2023-11-29 23:10:16,819 - Inference time: 1.8378794193267822 seconds
2023-11-29 23:10:16,819 - Precision: 0.6095505617977528
2023-11-29 23:10:16,819 - Recall: 0.7614035087719299
2023-11-29 23:10:16,819 - F-score: 0.6770670826833073
2023-11-29 23:10:16,819 - Accuracy: 0.8389105058365759
2023-11-29 23:10:16,820 - G-mean: 0.7992179944730996
2023-11-29 23:10:16,820 - Additional Info
2023-11-29 23:10:16,820 - Model name: distilbert-base-uncased
2023-11-29 23:10:16,820 - Datasets list: ['politics']
2023-11-29 23:10:16,820 - Layers frozen: 0
2023-11-29 23:10:16,820 - Learning rate: 1e-05
2023-11-29 23:10:16,820 - Class weights: [0.27, 0.73]
2023-11-29 23:10:16,820 - Model saved to: ./models/bert_model_nZphHSuGS2.pt
2023-11-29 23:12:33,820 - 
Starting detection model - csZZtNUm83
2023-11-29 23:13:11,644 - Evaluation Results
2023-11-29 23:13:11,644 - Training time: 30.914306640625 seconds
2023-11-29 23:13:11,645 - Inference time: 1.6375343799591064 seconds
2023-11-29 23:13:11,645 - Precision: 0.6193181818181818
2023-11-29 23:13:11,645 - Recall: 0.7649122807017544
2023-11-29 23:13:11,645 - F-score: 0.684458398744113
2023-11-29 23:13:11,645 - Accuracy: 0.843579766536965
2023-11-29 23:13:11,645 - G-mean: 0.803283588264844
2023-11-29 23:13:11,645 - Additional Info
2023-11-29 23:13:11,646 - Model name: distilbert-base-uncased
2023-11-29 23:13:11,646 - Datasets list: ['politics']
2023-11-29 23:13:11,646 - Layers frozen: 0
2023-11-29 23:13:11,646 - Learning rate: 1e-05
2023-11-29 23:13:11,646 - Class weights: [0.27, 0.73]
2023-11-29 23:13:11,646 - Model saved to: ./models/bert_model_csZZtNUm83.pt
2023-11-29 23:15:36,276 - 
Starting detection model - S2fmqWuZFl
2023-11-29 23:17:03,413 - Evaluation Results
2023-11-29 23:17:03,414 - Training time: 65.40887951850891 seconds
2023-11-29 23:17:03,414 - Inference time: 3.098010301589966 seconds
2023-11-29 23:17:03,414 - Precision: 0.7323420074349443
2023-11-29 23:17:03,414 - Recall: 0.6912280701754386
2023-11-29 23:17:03,414 - F-score: 0.7111913357400723
2023-11-29 23:17:03,415 - Accuracy: 0.8754863813229572
2023-11-29 23:17:03,415 - G-mean: 0.7779207940573037
2023-11-29 23:17:03,415 - Additional Info
2023-11-29 23:17:03,415 - Model name: roberta-base
2023-11-29 23:17:03,415 - Datasets list: ['politics']
2023-11-29 23:17:03,415 - Layers frozen: 0
2023-11-29 23:17:03,415 - Learning rate: 1e-05
2023-11-29 23:17:03,415 - Class weights: [0.27, 0.73]
2023-11-29 23:17:03,416 - Model saved to: ./models/bert_model_S2fmqWuZFl.pt
2023-11-29 23:17:59,842 - 
Starting detection model - aiuYvU2C0z
2023-11-29 23:19:13,292 - Evaluation Results
2023-11-29 23:19:13,292 - Training time: 65.35910654067993 seconds
2023-11-29 23:19:13,292 - Inference time: 3.5810043811798096 seconds
2023-11-29 23:19:13,292 - Precision: 0.8735632183908046
2023-11-29 23:19:13,293 - Recall: 0.5333333333333333
2023-11-29 23:19:13,293 - F-score: 0.662309368191721
2023-11-29 23:19:13,293 - Accuracy: 0.8793774319066148
2023-11-29 23:19:13,293 - G-mean: 0.6848366936846048
2023-11-29 23:19:13,293 - Additional Info
2023-11-29 23:19:13,293 - Model name: roberta-base
2023-11-29 23:19:13,293 - Datasets list: ['politics']
2023-11-29 23:19:13,293 - Layers frozen: 0
2023-11-29 23:19:13,293 - Learning rate: 1e-05
2023-11-29 23:19:13,293 - Class weights: [0.27, 0.73]
2023-11-29 23:19:13,293 - Model saved to: ./models/bert_model_aiuYvU2C0z.pt
2023-11-29 23:20:21,968 - 
Starting detection model - 1xae1ApISi
2023-11-29 23:51:36,514 - 
Starting detection model - pAFRH8nSXe
2023-11-29 23:52:48,111 - Evaluation Results
2023-11-29 23:52:48,112 - Training time: 64.1285080909729 seconds
2023-11-29 23:52:48,112 - Inference time: 3.046849489212036 seconds
2023-11-29 23:52:48,112 - Precision: 0.8502415458937198
2023-11-29 23:52:48,113 - Recall: 0.6175438596491228
2023-11-29 23:52:48,113 - F-score: 0.7154471544715447
2023-11-29 23:52:48,113 - Accuracy: 0.8910505836575876
2023-11-29 23:52:48,113 - G-mean: 0.7417970184454169
2023-11-29 23:52:48,113 - Additional Info
2023-11-29 23:52:48,113 - Model name: roberta-base
2023-11-29 23:52:48,113 - Datasets list: ['politics']
2023-11-29 23:52:48,113 - Layers frozen: 0
2023-11-29 23:52:48,113 - Learning rate: 1e-05
2023-11-29 23:52:48,113 - Class weights: [0.27, 0.73]
2023-11-29 23:52:48,113 - Model saved to: ./models/bert_model_pAFRH8nSXe.pt
2023-11-30 00:19:21,794 - 
Starting detection model - l0liDAxSJM
2023-11-30 00:20:37,903 - Evaluation Results
2023-11-30 00:20:37,903 - Training time: 66.35184669494629 seconds
2023-11-30 00:20:37,904 - Inference time: 3.3603062629699707 seconds
2023-11-30 00:20:37,904 - Precision: 0.8421052631578947
2023-11-30 00:20:37,904 - Recall: 0.5614035087719298
2023-11-30 00:20:37,905 - F-score: 0.6736842105263158
2023-11-30 00:20:37,905 - Accuracy: 0.8793774319066148
2023-11-30 00:20:37,905 - G-mean: 0.7026276224339763
2023-11-30 00:20:37,905 - Additional Info
2023-11-30 00:20:37,905 - Model name: roberta-base
2023-11-30 00:20:37,905 - Datasets list: ['politics']
2023-11-30 00:20:37,905 - Layers frozen: 0
2023-11-30 00:20:37,905 - Learning rate: 1e-05
2023-11-30 00:20:37,906 - Class weights: [0.27, 0.73]
2023-11-30 00:20:37,906 - Model saved to: ./models/bert_model_l0liDAxSJM.pt
2023-11-30 00:27:00,237 - 
Starting detection model - kzzMOLIhpp
2023-11-30 00:28:14,660 - Evaluation Results
2023-11-30 00:28:14,660 - Training time: 65.08108329772949 seconds
2023-11-30 00:28:14,661 - Inference time: 2.9781031608581543 seconds
2023-11-30 00:28:14,661 - Precision: 0.8067632850241546
2023-11-30 00:28:14,661 - Recall: 0.5859649122807018
2023-11-30 00:28:14,661 - F-score: 0.6788617886178862
2023-11-30 00:28:14,661 - Accuracy: 0.8770428015564202
2023-11-30 00:28:14,661 - G-mean: 0.7168795633022529
2023-11-30 00:28:14,661 - Additional Info
2023-11-30 00:28:14,662 - Model name: roberta-base
2023-11-30 00:28:14,662 - Datasets list: ['politics']
2023-11-30 00:28:14,662 - Layers frozen: 0
2023-11-30 00:28:14,662 - Learning rate: 1e-05
2023-11-30 00:28:14,662 - Class weights: [0.27, 0.73]
2023-11-30 00:28:14,662 - Model saved to: ./models/bert_model_kzzMOLIhpp.pt
2023-11-30 00:29:29,063 - 
Starting detection model - 9KD2ctzvbb
2023-11-30 01:02:49,934 - 
Starting detection model - l94H8Vc2XK
2023-11-30 01:45:38,716 - Evaluation Results
2023-11-30 01:45:38,717 - Training time: 2557.6658339500427 seconds
2023-11-30 01:45:38,718 - Inference time: 3.9785921573638916 seconds
2023-11-30 01:45:38,719 - Precision: 0.5515695067264574
2023-11-30 01:45:38,720 - Recall: 1.0
2023-11-30 01:45:38,720 - F-score: 0.7109826589595376
2023-11-30 01:45:38,720 - Accuracy: 0.5535714285714286
2023-11-30 01:45:38,721 - G-mean: 0.7440238091428449
2023-11-30 01:45:38,721 - Additional Info
2023-11-30 01:45:38,721 - Model name: bert-base-uncased
2023-11-30 01:45:38,721 - Datasets list: ['crime']
2023-11-30 01:45:38,721 - Layers frozen: 0
2023-11-30 01:45:38,721 - Learning rate: 1e-05
2023-11-30 01:45:38,721 - Class weights: [0.27, 0.73]
2023-11-30 01:45:38,721 - Model not saved, didn't meet minimum accuracy threshold
2023-11-30 10:00:46,513 - 
Starting detection model - wbtXrRFzdH
2023-11-30 10:03:30,538 - Evaluation Results
2023-11-30 10:03:30,539 - Training time: 147.3643524646759 seconds
2023-11-30 10:03:30,539 - Inference time: 8.107107400894165 seconds
2023-11-30 10:03:30,540 - Precision: 0.7868852459016393
2023-11-30 10:03:30,540 - Recall: 0.3902439024390244
2023-11-30 10:03:30,540 - F-score: 0.5217391304347827
2023-11-30 10:03:30,540 - Accuracy: 0.6071428571428571
2023-11-30 10:03:30,540 - G-mean: 0.4867584595149915
2023-11-30 10:03:30,540 - Additional Info
2023-11-30 10:03:30,540 - Model name: bert-base-uncased
2023-11-30 10:03:30,540 - Datasets list: ['crime']
2023-11-30 10:03:30,540 - Layers frozen: 0
2023-11-30 10:03:30,540 - Learning rate: 1e-05
2023-11-30 10:03:30,540 - Class weights: [0.5, 0.5]
2023-11-30 10:03:30,540 - Model not saved, didn't meet minimum accuracy threshold
2023-11-30 10:03:55,859 - 
Starting detection model - kaKe3uNMwv
2023-11-30 10:06:18,982 - Evaluation Results
2023-11-30 10:06:18,982 - Training time: 125.91317296028137 seconds
2023-11-30 10:06:18,983 - Inference time: 8.883250713348389 seconds
2023-11-30 10:06:18,983 - Precision: 0.5515695067264574
2023-11-30 10:06:18,983 - Recall: 1.0
2023-11-30 10:06:18,983 - F-score: 0.7109826589595376
2023-11-30 10:06:18,983 - Accuracy: 0.5535714285714286
2023-11-30 10:06:18,984 - G-mean: 0.7440238091428449
2023-11-30 10:06:18,984 - Additional Info
2023-11-30 10:06:18,984 - Model name: bert-base-uncased
2023-11-30 10:06:18,984 - Datasets list: ['crime']
2023-11-30 10:06:18,984 - Layers frozen: 0
2023-11-30 10:06:18,984 - Learning rate: 1e-05
2023-11-30 10:06:18,984 - Class weights: [0.4, 0.6]
2023-11-30 10:06:18,984 - Model not saved, didn't meet minimum accuracy threshold
2023-11-30 10:07:20,975 - 
Starting detection model - Z94698gtEA
2023-11-30 10:10:53,292 - Evaluation Results
2023-11-30 10:10:53,293 - Training time: 156.5979564189911 seconds
2023-11-30 10:10:53,293 - Inference time: 49.28835844993591 seconds
2023-11-30 10:10:53,294 - Precision: 0.6105263157894737
2023-11-30 10:10:53,294 - Recall: 0.943089430894309
2023-11-30 10:10:53,294 - F-score: 0.7412140575079873
2023-11-30 10:10:53,295 - Accuracy: 0.6383928571428571
2023-11-30 10:10:53,295 - G-mean: 0.7759262570179263
2023-11-30 10:10:53,295 - Additional Info
2023-11-30 10:10:53,295 - Model name: bert-base-uncased
2023-11-30 10:10:53,295 - Datasets list: ['crime']
2023-11-30 10:10:53,295 - Layers frozen: 0
2023-11-30 10:10:53,295 - Learning rate: 1e-05
2023-11-30 10:10:53,295 - Class weights: [0.45, 0.55]
2023-11-30 10:10:53,295 - Model not saved, didn't meet minimum accuracy threshold
2023-11-30 10:11:29,224 - 
Starting detection model - S86Dc9kKmP
2023-11-30 10:19:29,006 - Evaluation Results
2023-11-30 10:19:29,007 - Training time: 421.44027376174927 seconds
2023-11-30 10:19:29,007 - Inference time: 49.389042377471924 seconds
2023-11-30 10:19:29,008 - Precision: 0.6391752577319587
2023-11-30 10:19:29,008 - Recall: 0.5040650406504065
2023-11-30 10:19:29,008 - F-score: 0.5636363636363637
2023-11-30 10:19:29,008 - Accuracy: 0.5714285714285714
2023-11-30 10:19:29,008 - G-mean: 0.5366909409389603
2023-11-30 10:19:29,008 - Additional Info
2023-11-30 10:19:29,008 - Model name: bert-base-uncased
2023-11-30 10:19:29,008 - Datasets list: ['crime']
2023-11-30 10:19:29,008 - Layers frozen: 0
2023-11-30 10:19:29,008 - Learning rate: 1e-05
2023-11-30 10:19:29,008 - Class weights: [0.47, 0.53]
2023-11-30 10:19:29,008 - Model not saved, didn't meet minimum accuracy threshold
2023-11-30 11:57:55,562 - 
Starting detection model - chg8xfRaFI
