2023-12-21 17:46:01,367 - 
Starting detection model - nBJWEJKZGL
2023-12-21 17:46:27,267 - Epoch 1 average train loss: 0.0
2023-12-21 17:46:48,913 - Epoch 2 average train loss: 0.0
2023-12-21 17:47:10,738 - Epoch 3 average train loss: 0.0
2023-12-21 17:47:32,615 - Epoch 4 average train loss: 0.0
2023-12-21 17:47:54,446 - Epoch 5 average train loss: 0.0
2023-12-21 17:47:55,017 - Evaluation Results
2023-12-21 17:47:55,018 - Training time: 108.16869497299194 seconds
2023-12-21 17:47:55,018 - Inference time: 0.47758007049560547 seconds
2023-12-21 17:47:55,018 - Precision: 0.6153846153846154
2023-12-21 17:47:55,019 - Recall: 0.9435897435897436
2023-12-21 17:47:55,019 - F-score: 0.7449392712550608
2023-12-21 17:47:55,019 - Accuracy: 0.6
2023-12-21 17:47:55,019 - G-mean: 0.7524319545007682
2023-12-21 17:47:55,019 - Additional Info
2023-12-21 17:47:55,019 - Model name: distilbert-base-uncased
2023-12-21 17:47:55,019 - Datasets list: crime Train: ['fa-kes'], Test: ['snope']
2023-12-21 17:47:55,019 - Dataset size: Train: 804, Test: 315
2023-12-21 17:47:55,019 - Layers frozen: 0
2023-12-21 17:47:55,019 - Learning rate: 1e-05
2023-12-21 17:47:55,019 - Class weights: Auto weights - [0.4701492537313433, 0.5298507462686567]
2023-12-21 17:47:55,019 - Model not saved, didn't meet minimum accuracy threshold
