2023-12-21 12:07:45,183 - 
Starting detection model - Hw1ZriA1z8
2023-12-21 12:16:48,740 - Epoch 1 average train loss: 0.8291658759117126
2023-12-21 12:25:48,027 - Epoch 2 average train loss: 0.5589548945426941
2023-12-21 12:34:47,291 - Epoch 3 average train loss: 0.4695984125137329
2023-12-21 12:43:46,785 - Epoch 4 average train loss: 0.37579140067100525
2023-12-21 12:52:46,213 - Epoch 5 average train loss: 0.2430909126996994
2023-12-21 13:01:45,236 - Epoch 6 average train loss: 0.17756526172161102
2023-12-21 13:10:44,621 - Epoch 7 average train loss: 0.16173973679542542
2023-12-21 13:10:46,452 - Evaluation Results
2023-12-21 13:10:46,452 - Training time: 3773.95206618309 seconds
2023-12-21 13:10:46,452 - Inference time: 1.7448527812957764 seconds
2023-12-21 13:10:46,452 - Precision: 0.5176470588235295
2023-12-21 13:10:46,452 - Recall: 0.4888888888888889
2023-12-21 13:10:46,452 - F-score: 0.5028571428571429
2023-12-21 13:10:46,452 - Accuracy: 0.6116071428571429
2023-12-21 13:10:46,452 - G-mean: 0.5468161816441943
2023-12-21 13:10:46,452 - Additional Info
2023-12-21 13:10:46,452 - Model name: distilbert-base-uncased-finetuned-sst-2-english
2023-12-21 13:10:46,452 - Datasets list: crime
2023-12-21 13:10:46,452 - Layers frozen: 0
2023-12-21 13:10:46,452 - Learning rate: 1e-05
2023-12-21 13:10:46,452 - Class weights: [0.45, 0.55]
2023-12-21 13:10:46,452 - Model not saved, didn't meet minimum accuracy threshold
