2023-12-21 17:44:03,596 - 
Starting detection model - KSxHpmzW6B
2023-12-21 17:44:30,364 - Epoch 1 average train loss: 0.0
2023-12-21 17:44:50,934 - Epoch 2 average train loss: 0.0
2023-12-21 17:45:11,642 - Epoch 3 average train loss: 0.0
2023-12-21 17:45:32,956 - Epoch 4 average train loss: 0.0
2023-12-21 17:45:54,185 - Epoch 5 average train loss: 0.0
2023-12-21 17:45:54,611 - Evaluation Results
2023-12-21 17:45:54,612 - Training time: 105.33502459526062 seconds
2023-12-21 17:45:54,612 - Inference time: 0.35297346115112305 seconds
2023-12-21 17:45:54,612 - Precision: 0.8620689655172413
2023-12-21 17:45:54,613 - Recall: 0.1282051282051282
2023-12-21 17:45:54,613 - F-score: 0.2232142857142857
2023-12-21 17:45:54,613 - Accuracy: 0.44761904761904764
2023-12-21 17:45:54,613 - G-mean: 0.2395559587801092
2023-12-21 17:45:54,613 - Additional Info
2023-12-21 17:45:54,613 - Model name: distilbert-base-uncased-finetuned-sst-2-english
2023-12-21 17:45:54,613 - Datasets list: crime Train: ['fa-kes'], Test: ['snope']
2023-12-21 17:45:54,613 - Dataset size: Train: 804, Test: 315
2023-12-21 17:45:54,613 - Layers frozen: 0
2023-12-21 17:45:54,613 - Learning rate: 1e-05
2023-12-21 17:45:54,613 - Class weights: Auto weights - [0.4701492537313433, 0.5298507462686567]
2023-12-21 17:45:54,613 - Model not saved, didn't meet minimum accuracy threshold
