2023-12-21 16:04:23,305 - 
Starting detection model - 0BdSub5FHX
2023-12-21 16:05:22,461 - Epoch 1 average train loss: 0.0
2023-12-21 16:06:10,080 - Epoch 2 average train loss: 0.0
2023-12-21 16:06:59,558 - Epoch 3 average train loss: 0.0
2023-12-21 16:07:11,871 - Evaluation Results
2023-12-21 16:07:11,871 - Training time: 146.66441202163696 seconds
2023-12-21 16:07:11,871 - Inference time: 4.168135166168213 seconds
2023-12-21 16:07:11,871 - Precision: 0.9807692307692307
2023-12-21 16:07:11,871 - Recall: 0.4146341463414634
2023-12-21 16:07:11,872 - F-score: 0.5828571428571429
2023-12-21 16:07:11,872 - Accuracy: 0.6741071428571429
2023-12-21 16:07:11,872 - G-mean: 0.5286850099267563
2023-12-21 16:07:11,873 - Additional Info
2023-12-21 16:07:11,873 - Model name: bert-base-cased
2023-12-21 16:07:11,873 - Datasets list: crime
2023-12-21 16:07:11,873 - Dataset size: 1119
2023-12-21 16:07:11,873 - Layers frozen: 0
2023-12-21 16:07:11,873 - Learning rate: 1e-05
2023-12-21 16:07:11,873 - Class weights: Auto weights - [0.5120643431635389, 0.4879356568364611]
2023-12-21 16:07:11,873 - Model saved to: ./models/bert_model_0BdSub5FHX.pt
