2023-12-21 06:20:40,254 - 
Starting detection model - khLkrQ6A1X
2023-12-21 06:29:28,316 - Epoch 1 average train loss: 0.8300215005874634
2023-12-21 06:38:11,494 - Epoch 2 average train loss: 0.5562998652458191
2023-12-21 06:46:55,826 - Epoch 3 average train loss: 0.47596675157546997
2023-12-21 06:55:39,763 - Epoch 4 average train loss: 0.36009401082992554
2023-12-21 07:04:22,764 - Epoch 5 average train loss: 0.23602789640426636
2023-12-21 07:13:05,727 - Epoch 6 average train loss: 0.17232804000377655
2023-12-21 07:13:07,522 - Evaluation Results
2023-12-21 07:13:07,522 - Training time: 3140.0096826553345 seconds
2023-12-21 07:13:07,522 - Inference time: 1.7087554931640625 seconds
2023-12-21 07:13:07,522 - Precision: 0.464
2023-12-21 07:13:07,523 - Recall: 0.6444444444444445
2023-12-21 07:13:07,523 - F-score: 0.5395348837209302
2023-12-21 07:13:07,523 - Accuracy: 0.5580357142857143
2023-12-21 07:13:07,523 - G-mean: 0.5996857642741037
2023-12-21 07:13:07,523 - Additional Info
2023-12-21 07:13:07,523 - Model name: distilbert-base-uncased-finetuned-sst-2-english
2023-12-21 07:13:07,523 - Datasets list: crime
2023-12-21 07:13:07,523 - Layers frozen: 0
2023-12-21 07:13:07,523 - Learning rate: 1e-05
2023-12-21 07:13:07,523 - Class weights: [0.45, 0.55]
2023-12-21 07:13:07,523 - Model not saved, didn't meet minimum accuracy threshold
