2023-12-21 16:09:17,297 - 
Starting detection model - 9X8CYTJlfU
2023-12-21 16:09:51,733 - Epoch 1 average train loss: 0.0
2023-12-21 16:10:16,108 - Epoch 2 average train loss: 0.0
2023-12-21 16:10:40,788 - Epoch 3 average train loss: 0.0
2023-12-21 16:10:44,004 - Evaluation Results
2023-12-21 16:10:44,005 - Training time: 74.4687180519104 seconds
2023-12-21 16:10:44,005 - Inference time: 2.0995328426361084 seconds
2023-12-21 16:10:44,005 - Precision: 0.98
2023-12-21 16:10:44,005 - Recall: 0.3983739837398374
2023-12-21 16:10:44,006 - F-score: 0.5664739884393063
2023-12-21 16:10:44,006 - Accuracy: 0.6651785714285714
2023-12-21 16:10:44,006 - G-mean: 0.5147716361634292
2023-12-21 16:10:44,006 - Additional Info
2023-12-21 16:10:44,006 - Model name: distilbert-base-uncased
2023-12-21 16:10:44,006 - Datasets list: crime
2023-12-21 16:10:44,006 - Dataset size: 1119
2023-12-21 16:10:44,006 - Layers frozen: 0
2023-12-21 16:10:44,006 - Learning rate: 1e-05
2023-12-21 16:10:44,006 - Class weights: Auto weights - [0.5120643431635389, 0.4879356568364611]
2023-12-21 16:10:44,006 - Model saved to: ./models/bert_model_9X8CYTJlfU.pt
