2023-12-21 16:49:33,842 - 
Starting detection model - AERwhy6HZX
2023-12-21 16:51:44,210 - Epoch 1 average train loss: 0.0
2023-12-21 16:53:38,473 - Epoch 2 average train loss: 0.0
2023-12-21 16:55:39,182 - Epoch 3 average train loss: 0.0
2023-12-21 16:59:25,456 - Epoch 4 average train loss: 0.0
2023-12-21 17:01:42,077 - Epoch 5 average train loss: 0.0
2023-12-21 17:03:43,812 - Epoch 6 average train loss: 0.0
2023-12-21 17:04:02,842 - Evaluation Results
2023-12-21 17:04:02,843 - Training time: 842.1308641433716 seconds
2023-12-21 17:04:02,843 - Inference time: 11.065287828445435 seconds
2023-12-21 17:04:02,843 - Precision: 0.7368421052631579
2023-12-21 17:04:02,843 - Recall: 0.5691056910569106
2023-12-21 17:04:02,843 - F-score: 0.6422018348623854
2023-12-21 17:04:02,843 - Accuracy: 0.6517857142857143
2023-12-21 17:04:02,843 - G-mean: 0.6090442999894125
2023-12-21 17:04:02,843 - Additional Info
2023-12-21 17:04:02,843 - Model name: bert-base-uncased
2023-12-21 17:04:02,844 - Datasets list: crime
2023-12-21 17:04:02,844 - Dataset size: 1119
2023-12-21 17:04:02,844 - Layers frozen: 0
2023-12-21 17:04:02,844 - Learning rate: 1e-05
2023-12-21 17:04:02,844 - Class weights: Auto weights - [0.5120643431635389, 0.4879356568364611]
2023-12-21 17:04:02,845 - Model saved to: ./models/bert_model_AERwhy6HZX.pt
