2023-12-15 18:16:49,822 - 
Starting detection model - O10TCszbHG
2023-12-15 18:23:53,032 - Epoch 1 average train loss: 0.0
2023-12-15 18:28:47,169 - Epoch 2 average train loss: 0.0
2023-12-15 18:32:55,375 - Epoch 3 average train loss: 0.0
2023-12-15 18:38:06,278 - Epoch 4 average train loss: 0.0
2023-12-15 18:42:56,043 - Epoch 5 average train loss: 0.0
2023-12-15 18:48:00,239 - Epoch 6 average train loss: 0.0
2023-12-15 18:52:35,478 - Epoch 7 average train loss: 0.0
2023-12-15 18:52:59,364 - Evaluation Results
2023-12-15 18:52:59,364 - Training time: 2140.6467654705048 seconds
2023-12-15 18:52:59,364 - Inference time: 23.82200574874878 seconds
2023-12-15 18:52:59,364 - Precision: 0.5875
2023-12-15 18:52:59,364 - Recall: 0.5222222222222223
2023-12-15 18:52:59,365 - F-score: 0.5529411764705883
2023-12-15 18:52:59,365 - Accuracy: 0.6607142857142857
2023-12-15 18:52:59,365 - G-mean: 0.5874007852732941
2023-12-15 18:52:59,365 - Additional Info
2023-12-15 18:52:59,365 - Model name: distilbert-base-uncased-finetuned-sst-2-english
2023-12-15 18:52:59,365 - Datasets list: crime
2023-12-15 18:52:59,365 - Layers frozen: 0
2023-12-15 18:52:59,365 - Learning rate: 1e-05
2023-12-15 18:52:59,365 - Class weights: [0.45, 0.55]
2023-12-15 18:52:59,365 - Model not saved, didn't meet minimum accuracy threshold
