2023-12-21 17:04:12,299 - 
Starting detection model - CwPAUJSPMc
2023-12-21 17:05:31,724 - Epoch 1 average train loss: 0.0
2023-12-21 17:06:35,982 - Epoch 2 average train loss: 0.0
2023-12-21 17:07:58,431 - Epoch 3 average train loss: 0.0
2023-12-21 17:09:43,106 - Epoch 4 average train loss: 0.0
2023-12-21 17:11:12,304 - Epoch 5 average train loss: 0.0
2023-12-21 17:12:13,118 - Epoch 6 average train loss: 0.0
2023-12-21 17:12:20,720 - Evaluation Results
2023-12-21 17:12:20,721 - Training time: 473.368736743927 seconds
2023-12-21 17:12:20,721 - Inference time: 5.930836915969849 seconds
2023-12-21 17:12:20,721 - Precision: 0.8484848484848485
2023-12-21 17:12:20,722 - Recall: 0.45528455284552843
2023-12-21 17:12:20,722 - F-score: 0.5925925925925926
2023-12-21 17:12:20,722 - Accuracy: 0.65625
2023-12-21 17:12:20,722 - G-mean: 0.5466081666101212
2023-12-21 17:12:20,722 - Additional Info
2023-12-21 17:12:20,722 - Model name: bert-base-cased
2023-12-21 17:12:20,723 - Datasets list: crime
2023-12-21 17:12:20,723 - Dataset size: 1119
2023-12-21 17:12:20,723 - Layers frozen: 0
2023-12-21 17:12:20,723 - Learning rate: 1e-05
2023-12-21 17:12:20,723 - Class weights: Auto weights - [0.5120643431635389, 0.4879356568364611]
2023-12-21 17:12:20,723 - Model saved to: ./models/bert_model_CwPAUJSPMc.pt
