2023-12-21 11:07:44,546 - 
Starting detection model - St9CrODGbp
2023-12-21 11:16:17,768 - Epoch 1 average train loss: 0.8218797445297241
2023-12-21 11:24:44,054 - Epoch 2 average train loss: 0.5502121448516846
2023-12-21 11:33:15,030 - Epoch 3 average train loss: 0.47523605823516846
2023-12-21 11:41:48,735 - Epoch 4 average train loss: 0.37392106652259827
2023-12-21 11:50:22,910 - Epoch 5 average train loss: 0.24510319530963898
2023-12-21 11:58:56,745 - Epoch 6 average train loss: 0.1877370923757553
2023-12-21 12:07:30,287 - Epoch 7 average train loss: 0.1737050563097
2023-12-21 12:07:32,102 - Evaluation Results
2023-12-21 12:07:32,102 - Training time: 3580.254247188568 seconds
2023-12-21 12:07:32,102 - Inference time: 1.7313568592071533 seconds
2023-12-21 12:07:32,102 - Precision: 0.5465116279069767
2023-12-21 12:07:32,102 - Recall: 0.5222222222222223
2023-12-21 12:07:32,102 - F-score: 0.5340909090909091
2023-12-21 12:07:32,102 - Accuracy: 0.6339285714285714
2023-12-21 12:07:32,102 - G-mean: 0.5753708259041184
2023-12-21 12:07:32,102 - Additional Info
2023-12-21 12:07:32,102 - Model name: distilbert-base-uncased-finetuned-sst-2-english
2023-12-21 12:07:32,102 - Datasets list: crime
2023-12-21 12:07:32,102 - Layers frozen: 0
2023-12-21 12:07:32,102 - Learning rate: 1e-05
2023-12-21 12:07:32,103 - Class weights: [0.45, 0.55]
2023-12-21 12:07:32,103 - Model not saved, didn't meet minimum accuracy threshold
