2023-12-21 08:07:18,823 - 
Starting detection model - zZ89grpkV8
2023-12-21 08:16:22,617 - Epoch 1 average train loss: 0.8221889138221741
2023-12-21 08:25:19,809 - Epoch 2 average train loss: 0.5516273379325867
2023-12-21 08:34:17,047 - Epoch 3 average train loss: 0.46471554040908813
2023-12-21 08:43:14,612 - Epoch 4 average train loss: 0.36939018964767456
2023-12-21 08:52:11,950 - Epoch 5 average train loss: 0.23758842051029205
2023-12-21 09:01:09,489 - Epoch 6 average train loss: 0.16783136129379272
2023-12-21 09:10:06,512 - Epoch 7 average train loss: 0.19171780347824097
2023-12-21 09:10:08,318 - Evaluation Results
2023-12-21 09:10:08,318 - Training time: 3762.2496140003204 seconds
2023-12-21 09:10:08,319 - Inference time: 1.7204937934875488 seconds
2023-12-21 09:10:08,319 - Precision: 0.56
2023-12-21 09:10:08,319 - Recall: 0.4666666666666667
2023-12-21 09:10:08,319 - F-score: 0.509090909090909
2023-12-21 09:10:08,319 - Accuracy: 0.6383928571428571
2023-12-21 09:10:08,319 - G-mean: 0.5458174297937605
2023-12-21 09:10:08,319 - Additional Info
2023-12-21 09:10:08,319 - Model name: distilbert-base-uncased-finetuned-sst-2-english
2023-12-21 09:10:08,319 - Datasets list: crime
2023-12-21 09:10:08,319 - Layers frozen: 0
2023-12-21 09:10:08,319 - Learning rate: 1e-05
2023-12-21 09:10:08,319 - Class weights: [0.45, 0.55]
2023-12-21 09:10:08,319 - Model not saved, didn't meet minimum accuracy threshold
