2023-12-21 02:26:21,627 - 
Starting detection model - MrAyG9yaKg
2023-12-21 02:40:36,967 - Epoch 1 average train loss: 0.8393155336380005
2023-12-21 02:49:45,700 - Epoch 2 average train loss: 0.5623379945755005
2023-12-21 02:56:13,393 - Epoch 3 average train loss: 0.4809568226337433
2023-12-21 03:02:34,532 - Epoch 4 average train loss: 0.39107367396354675
2023-12-21 03:09:42,847 - Epoch 5 average train loss: 0.24744856357574463
2023-12-21 03:09:49,493 - Evaluation Results
2023-12-21 03:09:49,494 - Training time: 2592.522983789444 seconds
2023-12-21 03:09:49,494 - Inference time: 6.514754295349121 seconds
2023-12-21 03:09:49,494 - Precision: 0.5377358490566038
2023-12-21 03:09:49,494 - Recall: 0.6333333333333333
2023-12-21 03:09:49,494 - F-score: 0.5816326530612245
2023-12-21 03:09:49,494 - Accuracy: 0.6339285714285714
2023-12-21 03:09:49,494 - G-mean: 0.633630882484507
2023-12-21 03:09:49,494 - Additional Info
2023-12-21 03:09:49,494 - Model name: distilbert-base-uncased-finetuned-sst-2-english
2023-12-21 03:09:49,494 - Datasets list: crime
2023-12-21 03:09:49,494 - Layers frozen: 0
2023-12-21 03:09:49,494 - Learning rate: 1e-05
2023-12-21 03:09:49,494 - Class weights: [0.45, 0.55]
2023-12-21 03:09:49,494 - Model not saved, didn't meet minimum accuracy threshold
