2023-12-21 17:48:02,703 - 
Starting detection model - Vtom46vZiH
2023-12-21 17:49:13,296 - Epoch 1 average train loss: 0.0
2023-12-21 17:50:25,176 - Epoch 2 average train loss: 0.0
2023-12-21 17:51:17,802 - Epoch 3 average train loss: 0.0
2023-12-21 17:52:11,061 - Epoch 4 average train loss: 0.0
2023-12-21 17:53:09,952 - Epoch 5 average train loss: 0.0
2023-12-21 17:53:11,088 - Evaluation Results
2023-12-21 17:53:11,089 - Training time: 303.40540599823 seconds
2023-12-21 17:53:11,089 - Inference time: 1.0402204990386963 seconds
2023-12-21 17:53:11,089 - Precision: 0.75
2023-12-21 17:53:11,090 - Recall: 0.046153846153846156
2023-12-21 17:53:11,090 - F-score: 0.08695652173913043
2023-12-21 17:53:11,090 - Accuracy: 0.4
2023-12-21 17:53:11,090 - G-mean: 0.1358732440973515
2023-12-21 17:53:11,090 - Additional Info
2023-12-21 17:53:11,090 - Model name: roberta-base
2023-12-21 17:53:11,090 - Datasets list: crime Train: ['fa-kes'], Test: ['snope']
2023-12-21 17:53:11,090 - Dataset size: Train: 804, Test: 315
2023-12-21 17:53:11,090 - Layers frozen: 0
2023-12-21 17:53:11,090 - Learning rate: 1e-05
2023-12-21 17:53:11,090 - Class weights: Auto weights - [0.4701492537313433, 0.5298507462686567]
2023-12-21 17:53:11,090 - Model not saved, didn't meet minimum accuracy threshold
