2023-12-14 17:50:54,089 - 
Starting detection model - XzajhB94T3
2023-12-14 17:58:46,064 - Epoch 1 average train loss: 0.0
2023-12-14 18:06:31,216 - Epoch 2 average train loss: 0.0
2023-12-14 18:13:26,363 - Epoch 3 average train loss: 0.0
2023-12-14 18:19:48,914 - Epoch 4 average train loss: 0.0
2023-12-14 18:26:10,361 - Epoch 5 average train loss: 0.0
2023-12-14 18:26:19,736 - Evaluation Results
2023-12-14 18:26:19,736 - Training time: 2109.0222585201263 seconds
2023-12-14 18:26:19,736 - Inference time: 9.313290119171143 seconds
2023-12-14 18:26:19,736 - Precision: 0.4954954954954955
2023-12-14 18:26:19,736 - Recall: 0.6111111111111112
2023-12-14 18:26:19,736 - F-score: 0.5472636815920398
2023-12-14 18:26:19,736 - Accuracy: 0.59375
2023-12-14 18:26:19,736 - G-mean: 0.6023680122833733
2023-12-14 18:26:19,736 - Additional Info
2023-12-14 18:26:19,736 - Model name: distilbert-base-uncased-finetuned-sst-2-english
2023-12-14 18:26:19,736 - Datasets list: crime
2023-12-14 18:26:19,736 - Layers frozen: 0
2023-12-14 18:26:19,736 - Learning rate: 1e-05
2023-12-14 18:26:19,736 - Class weights: [0.45, 0.55]
2023-12-14 18:26:19,736 - Model not saved, didn't meet minimum accuracy threshold
