2023-12-15 18:53:09,812 - 
Starting detection model - n8vmRH8733
2023-12-15 18:59:28,930 - Epoch 1 average train loss: 0.0
2023-12-15 19:05:17,240 - Epoch 2 average train loss: 0.0
2023-12-15 19:10:21,485 - Epoch 3 average train loss: 0.0
2023-12-15 19:15:26,041 - Epoch 4 average train loss: 0.0
2023-12-15 19:20:31,670 - Epoch 5 average train loss: 0.0
2023-12-15 19:25:35,804 - Epoch 6 average train loss: 0.0
2023-12-15 19:30:41,327 - Epoch 7 average train loss: 0.0
2023-12-15 19:30:45,422 - Evaluation Results
2023-12-15 19:30:45,423 - Training time: 2246.593889951706 seconds
2023-12-15 19:30:45,423 - Inference time: 4.034727573394775 seconds
2023-12-15 19:30:45,423 - Precision: 0.6027397260273972
2023-12-15 19:30:45,423 - Recall: 0.4888888888888889
2023-12-15 19:30:45,423 - F-score: 0.5398773006134968
2023-12-15 19:30:45,423 - Accuracy: 0.6651785714285714
2023-12-15 19:30:45,423 - G-mean: 0.5702617054462036
2023-12-15 19:30:45,423 - Additional Info
2023-12-15 19:30:45,423 - Model name: distilbert-base-uncased-finetuned-sst-2-english
2023-12-15 19:30:45,423 - Datasets list: crime
2023-12-15 19:30:45,423 - Layers frozen: 0
2023-12-15 19:30:45,423 - Learning rate: 1e-05
2023-12-15 19:30:45,423 - Class weights: [0.45, 0.55]
2023-12-15 19:30:45,423 - Model not saved, didn't meet minimum accuracy threshold
