2023-12-21 16:16:48,301 - 
Starting detection model - WaHfBSp8SJ
2023-12-21 16:17:43,657 - Epoch 1 average train loss: 0.0
2023-12-21 16:18:33,606 - Epoch 2 average train loss: 0.0
2023-12-21 16:19:23,689 - Epoch 3 average train loss: 0.0
2023-12-21 16:19:28,753 - Evaluation Results
2023-12-21 16:19:28,754 - Training time: 150.6156849861145 seconds
2023-12-21 16:19:28,754 - Inference time: 4.872590065002441 seconds
2023-12-21 16:19:28,755 - Precision: 0.9791666666666666
2023-12-21 16:19:28,755 - Recall: 0.3821138211382114
2023-12-21 16:19:28,755 - F-score: 0.5497076023391814
2023-12-21 16:19:28,755 - Accuracy: 0.65625
2023-12-21 16:19:28,755 - G-mean: 0.5007616150644448
2023-12-21 16:19:28,755 - Additional Info
2023-12-21 16:19:28,755 - Model name: albert-base-v2
2023-12-21 16:19:28,756 - Datasets list: crime
2023-12-21 16:19:28,756 - Dataset size: 1119
2023-12-21 16:19:28,756 - Layers frozen: 0
2023-12-21 16:19:28,756 - Learning rate: 1e-05
2023-12-21 16:19:28,756 - Class weights: Auto weights - [0.5120643431635389, 0.4879356568364611]
2023-12-21 16:19:28,756 - Model saved to: ./models/bert_model_WaHfBSp8SJ.pt
