2023-12-20 20:55:59,326 - 
Starting detection model - EFPcxcKSfr
2023-12-20 21:04:29,269 - Epoch 1 average train loss: 0.8188202977180481
2023-12-20 21:17:33,457 - Epoch 2 average train loss: 0.5580633878707886
2023-12-20 21:28:43,272 - Epoch 3 average train loss: 0.4770480692386627
2023-12-20 21:41:18,981 - Epoch 4 average train loss: 0.36923179030418396
2023-12-20 21:41:22,047 - Evaluation Results
2023-12-20 21:41:22,048 - Training time: 2712.5776987075806 seconds
2023-12-20 21:41:22,048 - Inference time: 2.922487735748291 seconds
2023-12-20 21:41:22,048 - Precision: 0.5288461538461539
2023-12-20 21:41:22,048 - Recall: 0.6111111111111112
2023-12-20 21:41:22,048 - F-score: 0.5670103092783506
2023-12-20 21:41:22,048 - Accuracy: 0.625
2023-12-20 21:41:22,048 - G-mean: 0.6180165405913053
2023-12-20 21:41:22,048 - Additional Info
2023-12-20 21:41:22,048 - Model name: distilbert-base-uncased-finetuned-sst-2-english
2023-12-20 21:41:22,048 - Datasets list: crime
2023-12-20 21:41:22,048 - Layers frozen: 0
2023-12-20 21:41:22,049 - Learning rate: 1e-05
2023-12-20 21:41:22,049 - Class weights: [0.45, 0.55]
2023-12-20 21:41:22,049 - Model not saved, didn't meet minimum accuracy threshold
