2023-12-21 07:13:19,878 - 
Starting detection model - rQeDRqQPJ3
2023-12-21 07:22:21,061 - Epoch 1 average train loss: 0.8343135118484497
2023-12-21 07:31:17,996 - Epoch 2 average train loss: 0.5570358633995056
2023-12-21 07:40:14,996 - Epoch 3 average train loss: 0.48166707158088684
2023-12-21 07:49:11,891 - Epoch 4 average train loss: 0.38659852743148804
2023-12-21 07:58:08,243 - Epoch 5 average train loss: 0.24567486345767975
2023-12-21 08:07:04,941 - Epoch 6 average train loss: 0.17513659596443176
2023-12-21 08:07:06,741 - Evaluation Results
2023-12-21 08:07:06,741 - Training time: 3219.5383472442627 seconds
2023-12-21 08:07:06,741 - Inference time: 1.7119183540344238 seconds
2023-12-21 08:07:06,742 - Precision: 0.4755244755244755
2023-12-21 08:07:06,742 - Recall: 0.7555555555555555
2023-12-21 08:07:06,742 - F-score: 0.5836909871244635
2023-12-21 08:07:06,742 - Accuracy: 0.5669642857142857
2023-12-21 08:07:06,742 - G-mean: 0.654502112962988
2023-12-21 08:07:06,742 - Additional Info
2023-12-21 08:07:06,742 - Model name: distilbert-base-uncased-finetuned-sst-2-english
2023-12-21 08:07:06,742 - Datasets list: crime
2023-12-21 08:07:06,742 - Layers frozen: 0
2023-12-21 08:07:06,742 - Learning rate: 1e-05
2023-12-21 08:07:06,742 - Class weights: [0.45, 0.55]
2023-12-21 08:07:06,742 - Model not saved, didn't meet minimum accuracy threshold
