2023-12-20 22:22:10,697 - 
Starting detection model - gktRk5xpaX
2023-12-20 22:32:48,178 - Epoch 1 average train loss: 0.8260899782180786
2023-12-20 22:48:11,818 - Epoch 2 average train loss: 0.5523013472557068
2023-12-20 23:01:38,783 - Epoch 3 average train loss: 0.47552284598350525
2023-12-20 23:14:24,917 - Epoch 4 average train loss: 0.3782499134540558
2023-12-20 23:14:28,527 - Evaluation Results
2023-12-20 23:14:28,528 - Training time: 3127.096399307251 seconds
2023-12-20 23:14:28,528 - Inference time: 3.495619535446167 seconds
2023-12-20 23:14:28,528 - Precision: 0.5647058823529412
2023-12-20 23:14:28,528 - Recall: 0.5333333333333333
2023-12-20 23:14:28,528 - F-score: 0.5485714285714285
2023-12-20 23:14:28,528 - Accuracy: 0.6473214285714286
2023-12-20 23:14:28,528 - G-mean: 0.5875696513930031
2023-12-20 23:14:28,528 - Additional Info
2023-12-20 23:14:28,528 - Model name: distilbert-base-uncased-finetuned-sst-2-english
2023-12-20 23:14:28,528 - Datasets list: crime
2023-12-20 23:14:28,528 - Layers frozen: 0
2023-12-20 23:14:28,528 - Learning rate: 1e-05
2023-12-20 23:14:28,528 - Class weights: [0.45, 0.55]
2023-12-20 23:14:28,528 - Model not saved, didn't meet minimum accuracy threshold
