2023-12-21 16:10:52,223 - 
Starting detection model - 7xalkHAAvQ
2023-12-21 16:13:02,508 - Epoch 1 average train loss: 0.0
2023-12-21 16:14:46,851 - Epoch 2 average train loss: 0.0
2023-12-21 16:16:28,814 - Epoch 3 average train loss: 0.0
2023-12-21 16:16:37,686 - Evaluation Results
2023-12-21 16:16:37,687 - Training time: 330.57862663269043 seconds
2023-12-21 16:16:37,687 - Inference time: 7.884165048599243 seconds
2023-12-21 16:16:37,687 - Precision: 1.0
2023-12-21 16:16:37,687 - Recall: 0.3902439024390244
2023-12-21 16:16:37,688 - F-score: 0.5614035087719299
2023-12-21 16:16:37,688 - Accuracy: 0.6651785714285714
2023-12-21 16:16:37,688 - G-mean: 0.5094917875030971
2023-12-21 16:16:37,688 - Additional Info
2023-12-21 16:16:37,688 - Model name: roberta-base
2023-12-21 16:16:37,688 - Datasets list: crime
2023-12-21 16:16:37,688 - Dataset size: 1119
2023-12-21 16:16:37,688 - Layers frozen: 0
2023-12-21 16:16:37,688 - Learning rate: 1e-05
2023-12-21 16:16:37,688 - Class weights: Auto weights - [0.5120643431635389, 0.4879356568364611]
2023-12-21 16:16:37,688 - Model saved to: ./models/bert_model_7xalkHAAvQ.pt
