2023-12-21 17:17:51,587 - 
Starting detection model - lJsimj4bqj
2023-12-21 17:19:15,536 - Epoch 1 average train loss: 0.0
2023-12-21 17:20:31,168 - Epoch 2 average train loss: 0.0
2023-12-21 17:21:37,786 - Epoch 3 average train loss: 0.0
2023-12-21 17:22:47,755 - Epoch 4 average train loss: 0.0
2023-12-21 17:23:51,434 - Epoch 5 average train loss: 0.0
2023-12-21 17:25:06,183 - Epoch 6 average train loss: 0.0
2023-12-21 17:25:11,023 - Evaluation Results
2023-12-21 17:25:11,023 - Training time: 427.8449544906616 seconds
2023-12-21 17:25:11,023 - Inference time: 4.7567524909973145 seconds
2023-12-21 17:25:11,024 - Precision: 0.6301369863013698
2023-12-21 17:25:11,024 - Recall: 0.7479674796747967
2023-12-21 17:25:11,024 - F-score: 0.6840148698884758
2023-12-21 17:25:11,024 - Accuracy: 0.6205357142857143
2023-12-21 17:25:11,024 - G-mean: 0.681278602527986
2023-12-21 17:25:11,024 - Additional Info
2023-12-21 17:25:11,024 - Model name: roberta-base
2023-12-21 17:25:11,024 - Datasets list: crime
2023-12-21 17:25:11,024 - Dataset size: 1119
2023-12-21 17:25:11,024 - Layers frozen: 0
2023-12-21 17:25:11,024 - Learning rate: 1e-05
2023-12-21 17:25:11,024 - Class weights: Auto weights - [0.5120643431635389, 0.4879356568364611]
2023-12-21 17:25:11,024 - Model not saved, didn't meet minimum accuracy threshold
