2023-12-21 17:53:18,878 - 
Starting detection model - PWkFZPVmDT
2023-12-21 17:54:06,104 - Epoch 1 average train loss: 0.0
2023-12-21 17:54:50,692 - Epoch 2 average train loss: 0.0
2023-12-21 17:55:35,369 - Epoch 3 average train loss: 0.0
2023-12-21 17:56:19,946 - Epoch 4 average train loss: 0.0
2023-12-21 17:57:02,965 - Epoch 5 average train loss: 0.0
2023-12-21 17:57:03,692 - Evaluation Results
2023-12-21 17:57:03,693 - Training time: 220.73644399642944 seconds
2023-12-21 17:57:03,693 - Inference time: 0.6447954177856445 seconds
2023-12-21 17:57:03,693 - Precision: 0.6169491525423729
2023-12-21 17:57:03,693 - Recall: 0.9333333333333333
2023-12-21 17:57:03,693 - F-score: 0.7428571428571429
2023-12-21 17:57:03,694 - Accuracy: 0.6
2023-12-21 17:57:03,694 - G-mean: 0.7483314773547882
2023-12-21 17:57:03,694 - Additional Info
2023-12-21 17:57:03,694 - Model name: albert-base-v2
2023-12-21 17:57:03,694 - Datasets list: crime Train: ['fa-kes'], Test: ['snope']
2023-12-21 17:57:03,694 - Dataset size: Train: 804, Test: 315
2023-12-21 17:57:03,694 - Layers frozen: 0
2023-12-21 17:57:03,694 - Learning rate: 1e-05
2023-12-21 17:57:03,694 - Class weights: Auto weights - [0.4701492537313433, 0.5298507462686567]
2023-12-21 17:57:03,695 - Model not saved, didn't meet minimum accuracy threshold
