2023-12-19 17:18:56,273 - 
Starting detection model - o85JdfNYOx
2023-12-19 17:19:37,351 - Epoch 1 average train loss: 0.6611806750297546
2023-12-19 17:20:16,767 - Epoch 2 average train loss: 0.6259524822235107
2023-12-19 17:20:56,250 - Epoch 3 average train loss: 0.6135040521621704
2023-12-19 17:21:35,700 - Epoch 4 average train loss: 0.5759763717651367
2023-12-19 17:22:15,129 - Epoch 5 average train loss: 0.5191839933395386
2023-12-19 17:22:18,257 - Evaluation Results
2023-12-19 17:22:18,258 - Training time: 196.20103406906128 seconds
2023-12-19 17:22:18,258 - Inference time: 3.064710855484009 seconds
2023-12-19 17:22:18,258 - Precision: 0.5
2023-12-19 17:22:18,258 - Recall: 0.3409090909090909
2023-12-19 17:22:18,258 - F-score: 0.40540540540540543
2023-12-19 17:22:18,258 - Accuracy: 0.7582417582417582
2023-12-19 17:22:18,258 - G-mean: 0.5084206019542368
2023-12-19 17:22:18,258 - Additional Info
2023-12-19 17:22:18,258 - Model name: bert-base-uncased
2023-12-19 17:22:18,258 - Datasets list: science
2023-12-19 17:22:18,258 - Layers frozen: 0
2023-12-19 17:22:18,258 - Learning rate: 1e-05
2023-12-19 17:22:18,258 - Class weights: [0.45, 0.55]
2023-12-19 17:22:18,258 - Model not saved, didn't meet minimum accuracy threshold
