2023-12-19 16:23:08,709 - 
Starting detection model - fUsXAU5wgT
2023-12-19 16:23:18,899 - Epoch 1 average train loss: 0.6638820767402649
2023-12-19 16:23:25,331 - Epoch 2 average train loss: 0.6484827399253845
2023-12-19 16:23:31,752 - Epoch 3 average train loss: 0.6468541026115417
2023-12-19 16:23:38,178 - Epoch 4 average train loss: 0.6437200903892517
2023-12-19 16:23:44,610 - Epoch 5 average train loss: 0.6407550573348999
2023-12-19 16:23:45,125 - Evaluation Results
2023-12-19 16:23:45,125 - Training time: 33.26031970977783 seconds
2023-12-19 16:23:45,125 - Inference time: 0.42993903160095215 seconds
2023-12-19 16:23:45,125 - Precision: 0.0
2023-12-19 16:23:45,126 - Recall: 0.0
2023-12-19 16:23:45,126 - F-score: 0.0
2023-12-19 16:23:45,126 - Accuracy: 0.7582417582417582
2023-12-19 16:23:45,126 - G-mean: 0.0
2023-12-19 16:23:45,126 - Additional Info
2023-12-19 16:23:45,126 - Model name: bert-base-uncased
2023-12-19 16:23:45,126 - Datasets list: science
2023-12-19 16:23:45,126 - Layers frozen: 0
2023-12-19 16:23:45,126 - Learning rate: 0.0003
2023-12-19 16:23:45,126 - Class weights: [0.45, 0.55]
2023-12-19 16:23:45,126 - Model not saved, didn't meet minimum accuracy threshold
