2023-12-18 18:44:36,497 - 
Starting detection model - Fv3hF8sEd2
2023-12-18 18:45:11,580 - Epoch 1 average train loss: 0.609279990196228
2023-12-18 18:45:45,983 - Epoch 2 average train loss: 0.48412665724754333
2023-12-18 18:46:20,051 - Epoch 3 average train loss: 0.349348783493042
2023-12-18 18:46:54,680 - Epoch 4 average train loss: 0.26201391220092773
2023-12-18 18:47:29,130 - Epoch 5 average train loss: 0.15480302274227142
2023-12-18 18:48:03,255 - Epoch 6 average train loss: 0.1612354815006256
2023-12-18 18:48:04,486 - Evaluation Results
2023-12-18 18:48:04,487 - Training time: 203.76900815963745 seconds
2023-12-18 18:48:04,487 - Inference time: 1.162475824356079 seconds
2023-12-18 18:48:04,487 - Precision: 0.7
2023-12-18 18:48:04,487 - Recall: 0.1590909090909091
2023-12-18 18:48:04,487 - F-score: 0.25925925925925924
2023-12-18 18:48:04,487 - Accuracy: 0.7802197802197802
2023-12-18 18:48:04,487 - G-mean: 0.3523150211470895
2023-12-18 18:48:04,487 - Additional Info
2023-12-18 18:48:04,487 - Model name: bert-base-uncased
2023-12-18 18:48:04,487 - Datasets list: science
2023-12-18 18:48:04,487 - Layers frozen: 0
2023-12-18 18:48:04,487 - Learning rate: 3e-05
2023-12-18 18:48:04,487 - Class weights: [0.45, 0.55]
2023-12-18 18:48:04,487 - Model not saved, didn't meet minimum accuracy threshold
