2023-12-20 15:39:47,248 - 
Starting detection model - HXeBNEO0sB
2023-12-20 15:40:48,484 - Epoch 1 average train loss: 0.6242877840995789
2023-12-20 15:41:40,064 - Epoch 2 average train loss: 0.5017829537391663
2023-12-20 15:42:30,668 - Epoch 3 average train loss: 0.3777840733528137
2023-12-20 15:43:20,239 - Epoch 4 average train loss: 0.23234795033931732
2023-12-20 15:44:05,420 - Epoch 5 average train loss: 0.18106010556221008
2023-12-20 15:44:11,290 - Evaluation Results
2023-12-20 15:44:11,290 - Training time: 255.08705377578735 seconds
2023-12-20 15:44:11,290 - Inference time: 5.785099267959595 seconds
2023-12-20 15:44:11,290 - Precision: 0.4225352112676056
2023-12-20 15:44:11,290 - Recall: 0.6818181818181818
2023-12-20 15:44:11,290 - F-score: 0.5217391304347826
2023-12-20 15:44:11,291 - Accuracy: 0.6978021978021978
2023-12-20 15:44:11,291 - G-mean: 0.6897638913238542
2023-12-20 15:44:11,291 - Additional Info
2023-12-20 15:44:11,291 - Model name: bert-base-uncased
2023-12-20 15:44:11,291 - Datasets list: science
2023-12-20 15:44:11,291 - Layers frozen: 0
2023-12-20 15:44:11,291 - Learning rate: 1e-05
2023-12-20 15:44:11,291 - Class weights: [0.45, 0.55]
2023-12-20 15:44:11,291 - Model not saved, didn't meet minimum accuracy threshold
