2023-12-19 17:01:54,236 - 
Starting detection model - KyGYP5tty9
2023-12-19 17:02:02,482 - Epoch 1 average train loss: 0.6441134810447693
2023-12-19 17:02:06,891 - Epoch 2 average train loss: 0.6408553719520569
2023-12-19 17:02:11,313 - Epoch 3 average train loss: 0.6348968744277954
2023-12-19 17:02:15,734 - Epoch 4 average train loss: 0.6397320032119751
2023-12-19 17:02:20,163 - Epoch 5 average train loss: 0.6352227330207825
2023-12-19 17:02:20,599 - Evaluation Results
2023-12-19 17:02:20,599 - Training time: 23.2024827003479 seconds
2023-12-19 17:02:20,599 - Inference time: 0.37351202964782715 seconds
2023-12-19 17:02:20,599 - Precision: 0.0
2023-12-19 17:02:20,599 - Recall: 0.0
2023-12-19 17:02:20,599 - F-score: 0.0
2023-12-19 17:02:20,599 - Accuracy: 0.7582417582417582
2023-12-19 17:02:20,599 - G-mean: 0.0
2023-12-19 17:02:20,599 - Additional Info
2023-12-19 17:02:20,599 - Model name: bert-base-uncased
2023-12-19 17:02:20,599 - Datasets list: science
2023-12-19 17:02:20,599 - Layers frozen: 0
2023-12-19 17:02:20,600 - Learning rate: 0.0003
2023-12-19 17:02:20,600 - Class weights: [0.45, 0.55]
2023-12-19 17:02:20,600 - Model not saved, didn't meet minimum accuracy threshold
