2023-12-19 16:30:07,341 - 
Starting detection model - EwYBCLocTd
2023-12-19 16:30:17,490 - Epoch 1 average train loss: 0.6564886569976807
2023-12-19 16:30:23,945 - Epoch 2 average train loss: 0.6533113718032837
2023-12-19 16:30:30,388 - Epoch 3 average train loss: 0.6504964828491211
2023-12-19 16:30:36,829 - Epoch 4 average train loss: 0.6454713344573975
2023-12-19 16:30:43,279 - Epoch 5 average train loss: 0.6377724409103394
2023-12-19 16:30:43,787 - Evaluation Results
2023-12-19 16:30:43,787 - Training time: 33.30155062675476 seconds
2023-12-19 16:30:43,787 - Inference time: 0.4300978183746338 seconds
2023-12-19 16:30:43,787 - Precision: 0.0
2023-12-19 16:30:43,787 - Recall: 0.0
2023-12-19 16:30:43,787 - F-score: 0.0
2023-12-19 16:30:43,787 - Accuracy: 0.7582417582417582
2023-12-19 16:30:43,787 - G-mean: 0.0
2023-12-19 16:30:43,787 - Additional Info
2023-12-19 16:30:43,787 - Model name: bert-base-uncased
2023-12-19 16:30:43,787 - Datasets list: science
2023-12-19 16:30:43,788 - Layers frozen: 0
2023-12-19 16:30:43,788 - Learning rate: 0.0001
2023-12-19 16:30:43,788 - Class weights: [0.45, 0.55]
2023-12-19 16:30:43,788 - Model not saved, didn't meet minimum accuracy threshold
