2023-12-19 17:57:36,378 - 
Starting detection model - CDpzRGgml4
2023-12-19 17:58:17,240 - Epoch 1 average train loss: 0.6422923803329468
2023-12-19 17:58:56,540 - Epoch 2 average train loss: 0.556429386138916
2023-12-19 17:59:35,786 - Epoch 3 average train loss: 0.4189926087856293
2023-12-19 18:00:15,039 - Epoch 4 average train loss: 0.30194175243377686
2023-12-19 18:00:54,288 - Epoch 5 average train loss: 0.15004223585128784
2023-12-19 18:00:57,393 - Evaluation Results
2023-12-19 18:00:57,393 - Training time: 195.1739466190338 seconds
2023-12-19 18:00:57,393 - Inference time: 3.043804407119751 seconds
2023-12-19 18:00:57,393 - Precision: 0.46551724137931033
2023-12-19 18:00:57,393 - Recall: 0.6136363636363636
2023-12-19 18:00:57,393 - F-score: 0.5294117647058822
2023-12-19 18:00:57,393 - Accuracy: 0.7362637362637363
2023-12-19 18:00:57,393 - G-mean: 0.6721593574430114
2023-12-19 18:00:57,393 - Additional Info
2023-12-19 18:00:57,394 - Model name: bert-base-uncased
2023-12-19 18:00:57,394 - Datasets list: science
2023-12-19 18:00:57,394 - Layers frozen: 0
2023-12-19 18:00:57,394 - Learning rate: 0.0001
2023-12-19 18:00:57,394 - Class weights: [0.45, 0.55]
2023-12-19 18:00:57,394 - Model not saved, didn't meet minimum accuracy threshold
