2023-12-19 16:27:01,189 - 
Starting detection model - WBg8UBa6mh
2023-12-19 16:27:11,395 - Epoch 1 average train loss: 0.6443923711776733
2023-12-19 16:27:17,848 - Epoch 2 average train loss: 0.6248173713684082
2023-12-19 16:27:24,284 - Epoch 3 average train loss: 0.6399803161621094
2023-12-19 16:27:30,713 - Epoch 4 average train loss: 0.5880759358406067
2023-12-19 16:27:37,148 - Epoch 5 average train loss: 0.6248949766159058
2023-12-19 16:27:37,651 - Evaluation Results
2023-12-19 16:27:37,651 - Training time: 33.314403772354126 seconds
2023-12-19 16:27:37,651 - Inference time: 0.42261266708374023 seconds
2023-12-19 16:27:37,651 - Precision: 0.0
2023-12-19 16:27:37,651 - Recall: 0.0
2023-12-19 16:27:37,651 - F-score: 0.0
2023-12-19 16:27:37,651 - Accuracy: 0.7582417582417582
2023-12-19 16:27:37,651 - G-mean: 0.0
2023-12-19 16:27:37,651 - Additional Info
2023-12-19 16:27:37,651 - Model name: bert-base-uncased
2023-12-19 16:27:37,651 - Datasets list: science
2023-12-19 16:27:37,651 - Layers frozen: 0
2023-12-19 16:27:37,651 - Learning rate: 0.0001
2023-12-19 16:27:37,651 - Class weights: [0.45, 0.55]
2023-12-19 16:27:37,651 - Model not saved, didn't meet minimum accuracy threshold
