2023-12-20 16:29:53,791 - 
Starting detection model - bBr7WRMdkc
2023-12-20 16:30:41,091 - Epoch 1 average train loss: 0.6214894652366638
2023-12-20 16:31:21,220 - Epoch 2 average train loss: 0.5412142276763916
2023-12-20 16:31:59,693 - Epoch 3 average train loss: 0.3718872666358948
2023-12-20 16:32:40,229 - Epoch 4 average train loss: 0.20714665949344635
2023-12-20 16:33:17,644 - Epoch 5 average train loss: 0.1572132408618927
2023-12-20 16:33:57,713 - Epoch 6 average train loss: 0.14297057688236237
2023-12-20 16:34:33,503 - Epoch 7 average train loss: 0.04648645594716072
2023-12-20 16:34:40,088 - Evaluation Results
2023-12-20 16:34:40,088 - Training time: 276.7071738243103 seconds
2023-12-20 16:34:40,088 - Inference time: 5.473334550857544 seconds
2023-12-20 16:34:40,088 - Precision: 0.6136363636363636
2023-12-20 16:34:40,089 - Recall: 0.6136363636363636
2023-12-20 16:34:40,089 - F-score: 0.6136363636363636
2023-12-20 16:34:40,089 - Accuracy: 0.8131868131868132
2023-12-20 16:34:40,089 - G-mean: 0.706400027605463
2023-12-20 16:34:40,089 - Additional Info
2023-12-20 16:34:40,089 - Model name: bert-base-uncased
2023-12-20 16:34:40,089 - Datasets list: science
2023-12-20 16:34:40,089 - Layers frozen: 0
2023-12-20 16:34:40,089 - Learning rate: 1e-05
2023-12-20 16:34:40,089 - Class weights: [0.45, 0.55]
2023-12-20 16:34:40,089 - Model saved to: ./models\bert_model_bBr7WRMdkc.pt
