2023-12-16 14:40:29,870 - 
Starting detection model - yPWS0poN6O
2023-12-16 14:40:44,676 - Epoch 1 average train loss: 0.0
2023-12-16 14:40:55,326 - Epoch 2 average train loss: 0.0
2023-12-16 14:41:05,994 - Epoch 3 average train loss: 0.0
2023-12-16 14:41:16,630 - Epoch 4 average train loss: 0.0
2023-12-16 14:41:17,177 - Evaluation Results
2023-12-16 14:41:17,177 - Training time: 44.09801530838013 seconds
2023-12-16 14:41:17,177 - Inference time: 0.48970890045166016 seconds
2023-12-16 14:41:17,177 - Precision: 0.5319148936170213
2023-12-16 14:41:17,177 - Recall: 0.5681818181818182
2023-12-16 14:41:17,177 - F-score: 0.5494505494505494
2023-12-16 14:41:17,177 - Accuracy: 0.7747252747252747
2023-12-16 14:41:17,177 - G-mean: 0.6634642531326125
2023-12-16 14:41:17,178 - Additional Info
2023-12-16 14:41:17,178 - Model name: bert-base-uncased
2023-12-16 14:41:17,178 - Datasets list: science
2023-12-16 14:41:17,178 - Layers frozen: 0
2023-12-16 14:41:17,178 - Learning rate: 0.0001
2023-12-16 14:41:17,178 - Batch size: 8
2023-12-16 14:41:17,178 - Class weights: [0.45, 0.55]
2023-12-16 14:41:17,178 - Model not saved, didn't meet minimum accuracy threshold
