2023-12-19 17:02:30,612 - 
Starting detection model - 6X9mQ93Fbt
2023-12-19 17:02:38,730 - Epoch 1 average train loss: 0.6326602697372437
2023-12-19 17:02:43,156 - Epoch 2 average train loss: 0.541151762008667
2023-12-19 17:02:47,587 - Epoch 3 average train loss: 0.31205880641937256
2023-12-19 17:02:52,025 - Epoch 4 average train loss: 0.18242377042770386
2023-12-19 17:02:56,470 - Epoch 5 average train loss: 0.19531214237213135
2023-12-19 17:02:56,930 - Evaluation Results
2023-12-19 17:02:56,930 - Training time: 23.212631940841675 seconds
2023-12-19 17:02:56,930 - Inference time: 0.3862035274505615 seconds
2023-12-19 17:02:56,930 - Precision: 0.44
2023-12-19 17:02:56,930 - Recall: 0.75
2023-12-19 17:02:56,930 - F-score: 0.5546218487394958
2023-12-19 17:02:56,930 - Accuracy: 0.7087912087912088
2023-12-19 17:02:56,930 - G-mean: 0.7291045237779057
2023-12-19 17:02:56,930 - Additional Info
2023-12-19 17:02:56,930 - Model name: bert-base-uncased
2023-12-19 17:02:56,930 - Datasets list: science
2023-12-19 17:02:56,930 - Layers frozen: 0
2023-12-19 17:02:56,930 - Learning rate: 0.0001
2023-12-19 17:02:56,930 - Class weights: [0.45, 0.55]
2023-12-19 17:02:56,930 - Model not saved, didn't meet minimum accuracy threshold
