2023-12-19 16:27:47,686 - 
Starting detection model - Z0trpZi4Wg
2023-12-19 16:27:57,721 - Epoch 1 average train loss: 0.6545193791389465
2023-12-19 16:28:04,208 - Epoch 2 average train loss: 0.6354257464408875
2023-12-19 16:28:10,682 - Epoch 3 average train loss: 0.6401800513267517
2023-12-19 16:28:17,126 - Epoch 4 average train loss: 0.6375561952590942
2023-12-19 16:28:23,572 - Epoch 5 average train loss: 0.6352486610412598
2023-12-19 16:28:24,079 - Evaluation Results
2023-12-19 16:28:24,079 - Training time: 33.307798624038696 seconds
2023-12-19 16:28:24,080 - Inference time: 0.4284543991088867 seconds
2023-12-19 16:28:24,080 - Precision: 0.0
2023-12-19 16:28:24,080 - Recall: 0.0
2023-12-19 16:28:24,080 - F-score: 0.0
2023-12-19 16:28:24,080 - Accuracy: 0.7582417582417582
2023-12-19 16:28:24,080 - G-mean: 0.0
2023-12-19 16:28:24,080 - Additional Info
2023-12-19 16:28:24,080 - Model name: bert-base-uncased
2023-12-19 16:28:24,080 - Datasets list: science
2023-12-19 16:28:24,080 - Layers frozen: 0
2023-12-19 16:28:24,080 - Learning rate: 0.0001
2023-12-19 16:28:24,080 - Class weights: [0.45, 0.55]
2023-12-19 16:28:24,080 - Model not saved, didn't meet minimum accuracy threshold
