2023-12-19 17:01:17,660 - 
Starting detection model - CuzLvtkJ5R
2023-12-19 17:01:25,872 - Epoch 1 average train loss: 0.6372085809707642
2023-12-19 17:01:30,304 - Epoch 2 average train loss: 0.6451683044433594
2023-12-19 17:01:34,729 - Epoch 3 average train loss: 0.6030517220497131
2023-12-19 17:01:39,167 - Epoch 4 average train loss: 0.5631892681121826
2023-12-19 17:01:43,601 - Epoch 5 average train loss: 0.6844152212142944
2023-12-19 17:01:44,033 - Evaluation Results
2023-12-19 17:01:44,034 - Training time: 23.268693923950195 seconds
2023-12-19 17:01:44,034 - Inference time: 0.3696858882904053 seconds
2023-12-19 17:01:44,034 - Precision: 0.0
2023-12-19 17:01:44,034 - Recall: 0.0
2023-12-19 17:01:44,034 - F-score: 0.0
2023-12-19 17:01:44,034 - Accuracy: 0.7582417582417582
2023-12-19 17:01:44,034 - G-mean: 0.0
2023-12-19 17:01:44,034 - Additional Info
2023-12-19 17:01:44,034 - Model name: bert-base-uncased
2023-12-19 17:01:44,034 - Datasets list: science
2023-12-19 17:01:44,034 - Layers frozen: 0
2023-12-19 17:01:44,034 - Learning rate: 0.0003
2023-12-19 17:01:44,034 - Class weights: [0.45, 0.55]
2023-12-19 17:01:44,034 - Model not saved, didn't meet minimum accuracy threshold
