2023-12-19 17:54:03,980 - 
Starting detection model - 16gVxS6IgI
2023-12-19 17:54:45,076 - Epoch 1 average train loss: 0.6229280829429626
2023-12-19 17:55:24,474 - Epoch 2 average train loss: 0.4119625687599182
2023-12-19 17:56:03,924 - Epoch 3 average train loss: 0.19506263732910156
2023-12-19 17:56:43,469 - Epoch 4 average train loss: 0.26489049196243286
2023-12-19 17:57:23,185 - Epoch 5 average train loss: 0.10617881268262863
2023-12-19 17:57:26,293 - Evaluation Results
2023-12-19 17:57:26,293 - Training time: 196.62171268463135 seconds
2023-12-19 17:57:26,293 - Inference time: 3.046293258666992 seconds
2023-12-19 17:57:26,294 - Precision: 0.5263157894736842
2023-12-19 17:57:26,294 - Recall: 0.6818181818181818
2023-12-19 17:57:26,294 - F-score: 0.594059405940594
2023-12-19 17:57:26,294 - Accuracy: 0.7747252747252747
2023-12-19 17:57:26,294 - G-mean: 0.7267886750780987
2023-12-19 17:57:26,294 - Additional Info
2023-12-19 17:57:26,294 - Model name: bert-base-uncased
2023-12-19 17:57:26,294 - Datasets list: science
2023-12-19 17:57:26,294 - Layers frozen: 0
2023-12-19 17:57:26,294 - Learning rate: 0.0001
2023-12-19 17:57:26,294 - Class weights: [0.45, 0.55]
2023-12-19 17:57:26,294 - Model not saved, didn't meet minimum accuracy threshold
