2023-12-19 16:48:37,802 - 
Starting detection model - gOZZ7oPDGQ
2023-12-19 16:48:47,192 - Epoch 1 average train loss: 0.6353124380111694
2023-12-19 16:48:52,837 - Epoch 2 average train loss: 0.5937882661819458
2023-12-19 16:48:58,482 - Epoch 3 average train loss: 0.47418200969696045
2023-12-19 16:49:04,136 - Epoch 4 average train loss: 0.3358761966228485
2023-12-19 16:49:09,782 - Epoch 5 average train loss: 0.206847682595253
2023-12-19 16:49:10,271 - Evaluation Results
2023-12-19 16:49:10,271 - Training time: 29.38187575340271 seconds
2023-12-19 16:49:10,271 - Inference time: 0.41727304458618164 seconds
2023-12-19 16:49:10,271 - Precision: 0.6296296296296297
2023-12-19 16:49:10,271 - Recall: 0.38636363636363635
2023-12-19 16:49:10,271 - F-score: 0.47887323943661975
2023-12-19 16:49:10,271 - Accuracy: 0.7967032967032966
2023-12-19 16:49:10,271 - G-mean: 0.5548127457234403
2023-12-19 16:49:10,271 - Additional Info
2023-12-19 16:49:10,271 - Model name: bert-base-uncased
2023-12-19 16:49:10,271 - Datasets list: science
2023-12-19 16:49:10,271 - Layers frozen: 0
2023-12-19 16:49:10,272 - Learning rate: 0.0001
2023-12-19 16:49:10,272 - Class weights: [0.45, 0.55]
2023-12-19 16:49:10,272 - Model not saved, didn't meet minimum accuracy threshold
