2023-12-19 17:03:07,003 - 
Starting detection model - Y1VC3laojt
2023-12-19 17:03:15,200 - Epoch 1 average train loss: 0.6342396140098572
2023-12-19 17:03:19,633 - Epoch 2 average train loss: 0.502518892288208
2023-12-19 17:03:24,074 - Epoch 3 average train loss: 0.3026755750179291
2023-12-19 17:03:28,515 - Epoch 4 average train loss: 0.15659989416599274
2023-12-19 17:03:32,953 - Epoch 5 average train loss: 0.10431765764951706
2023-12-19 17:03:33,390 - Evaluation Results
2023-12-19 17:03:33,390 - Training time: 23.247435331344604 seconds
2023-12-19 17:03:33,390 - Inference time: 0.3729214668273926 seconds
2023-12-19 17:03:33,390 - Precision: 0.5882352941176471
2023-12-19 17:03:33,390 - Recall: 0.45454545454545453
2023-12-19 17:03:33,390 - F-score: 0.5128205128205129
2023-12-19 17:03:33,390 - Accuracy: 0.7912087912087912
2023-12-19 17:03:33,390 - G-mean: 0.5997002248126639
2023-12-19 17:03:33,390 - Additional Info
2023-12-19 17:03:33,390 - Model name: bert-base-uncased
2023-12-19 17:03:33,390 - Datasets list: science
2023-12-19 17:03:33,390 - Layers frozen: 0
2023-12-19 17:03:33,391 - Learning rate: 0.0001
2023-12-19 17:03:33,391 - Class weights: [0.45, 0.55]
2023-12-19 17:03:33,391 - Model not saved, didn't meet minimum accuracy threshold
