2023-12-20 15:34:08,161 - 
Starting detection model - je8AOdCsyU
2023-12-20 15:35:39,987 - Epoch 1 average train loss: 0.6284155249595642
2023-12-20 15:36:38,721 - Epoch 2 average train loss: 0.5379782319068909
2023-12-20 15:37:34,708 - Epoch 3 average train loss: 0.40913307666778564
2023-12-20 15:38:29,085 - Epoch 4 average train loss: 0.29313933849334717
2023-12-20 15:39:28,198 - Epoch 5 average train loss: 0.21205590665340424
2023-12-20 15:39:34,800 - Evaluation Results
2023-12-20 15:39:34,802 - Training time: 317.00533151626587 seconds
2023-12-20 15:39:34,802 - Inference time: 6.509858846664429 seconds
2023-12-20 15:39:34,802 - Precision: 0.5348837209302325
2023-12-20 15:39:34,802 - Recall: 0.5227272727272727
2023-12-20 15:39:34,802 - F-score: 0.5287356321839081
2023-12-20 15:39:34,802 - Accuracy: 0.7747252747252747
2023-12-20 15:39:34,802 - G-mean: 0.6363725559529024
2023-12-20 15:39:34,802 - Additional Info
2023-12-20 15:39:34,802 - Model name: bert-base-uncased
2023-12-20 15:39:34,802 - Datasets list: science
2023-12-20 15:39:34,802 - Layers frozen: 0
2023-12-20 15:39:34,802 - Learning rate: 1e-05
2023-12-20 15:39:34,802 - Class weights: [0.45, 0.55]
2023-12-20 15:39:34,802 - Model not saved, didn't meet minimum accuracy threshold
