2023-12-19 17:04:56,633 - 
Starting detection model - 9fpPmndSxd
2023-12-19 17:05:04,734 - Epoch 1 average train loss: 0.6346988081932068
2023-12-19 17:05:09,158 - Epoch 2 average train loss: 0.4406508207321167
2023-12-19 17:05:13,593 - Epoch 3 average train loss: 0.2709310054779053
2023-12-19 17:05:18,026 - Epoch 4 average train loss: 0.30337536334991455
2023-12-19 17:05:22,470 - Epoch 5 average train loss: 0.09054133296012878
2023-12-19 17:05:22,912 - Evaluation Results
2023-12-19 17:05:22,912 - Training time: 23.248026371002197 seconds
2023-12-19 17:05:22,912 - Inference time: 0.3757472038269043 seconds
2023-12-19 17:05:22,912 - Precision: 0.5833333333333334
2023-12-19 17:05:22,912 - Recall: 0.4772727272727273
2023-12-19 17:05:22,913 - F-score: 0.5250000000000001
2023-12-19 17:05:22,913 - Accuracy: 0.7912087912087912
2023-12-19 17:05:22,913 - G-mean: 0.6145098677990269
2023-12-19 17:05:22,913 - Additional Info
2023-12-19 17:05:22,913 - Model name: bert-base-uncased
2023-12-19 17:05:22,913 - Datasets list: science
2023-12-19 17:05:22,913 - Layers frozen: 0
2023-12-19 17:05:22,913 - Learning rate: 0.0001
2023-12-19 17:05:22,913 - Class weights: [0.45, 0.55]
2023-12-19 17:05:22,913 - Model not saved, didn't meet minimum accuracy threshold
