2023-12-20 16:20:05,275 - 
Starting detection model - PPqviUOC6l
2023-12-20 16:20:41,712 - Epoch 1 average train loss: 0.6220828890800476
2023-12-20 16:21:16,294 - Epoch 2 average train loss: 0.5092586874961853
2023-12-20 16:21:57,135 - Epoch 3 average train loss: 0.34231460094451904
2023-12-20 16:22:28,512 - Epoch 4 average train loss: 0.17484819889068604
2023-12-20 16:23:06,935 - Epoch 5 average train loss: 0.10182075947523117
2023-12-20 16:23:49,856 - Epoch 6 average train loss: 0.06365735828876495
2023-12-20 16:24:30,982 - Epoch 7 average train loss: 0.059320151805877686
2023-12-20 16:24:32,177 - Evaluation Results
2023-12-20 16:24:32,177 - Training time: 262.6578414440155 seconds
2023-12-20 16:24:32,177 - Inference time: 1.1088132858276367 seconds
2023-12-20 16:24:32,177 - Precision: 0.5405405405405406
2023-12-20 16:24:32,177 - Recall: 0.45454545454545453
2023-12-20 16:24:32,177 - F-score: 0.49382716049382713
2023-12-20 16:24:32,177 - Accuracy: 0.7747252747252747
2023-12-20 16:24:32,177 - G-mean: 0.5934204682582597
2023-12-20 16:24:32,179 - Additional Info
2023-12-20 16:24:32,179 - Model name: bert-base-uncased
2023-12-20 16:24:32,179 - Datasets list: science
2023-12-20 16:24:32,179 - Layers frozen: 0
2023-12-20 16:24:32,179 - Learning rate: 1e-05
2023-12-20 16:24:32,179 - Class weights: [0.45, 0.55]
2023-12-20 16:24:32,179 - Model not saved, didn't meet minimum accuracy threshold
