2023-12-21 16:21:25,194 - 
Starting detection model - LEHmZ3BE0v
2023-12-21 16:21:32,466 - Epoch 1 average train loss: 0.0
2023-12-21 16:21:36,931 - Epoch 2 average train loss: 0.0
2023-12-21 16:21:41,412 - Epoch 3 average train loss: 0.0
2023-12-21 16:21:49,323 - Evaluation Results
2023-12-21 16:21:49,323 - Training time: 13.891845464706421 seconds
2023-12-21 16:21:49,324 - Inference time: 0.3048539161682129 seconds
2023-12-21 16:21:49,324 - Precision: 0.5283018867924528
2023-12-21 16:21:49,324 - Recall: 0.6363636363636364
2023-12-21 16:21:49,324 - F-score: 0.5773195876288659
2023-12-21 16:21:49,324 - Accuracy: 0.7747252747252747
2023-12-21 16:21:49,324 - G-mean: 0.7021445670280395
2023-12-21 16:21:49,324 - Additional Info
2023-12-21 16:21:49,324 - Model name: distilbert-base-uncased
2023-12-21 16:21:49,325 - Datasets list: science
2023-12-21 16:21:49,325 - Dataset size: 907
2023-12-21 16:21:49,325 - Layers frozen: 0
2023-12-21 16:21:49,325 - Learning rate: 1e-05
2023-12-21 16:21:49,325 - Class weights: Auto weights - [0.278941565600882, 0.721058434399118]
2023-12-21 16:21:49,325 - Model saved to: ./models/bert_model_LEHmZ3BE0v.pt
