2023-12-16 16:32:28,066 - 
Starting detection model - KQGl8R5PJl
2023-12-16 16:34:02,842 - Epoch 1 average train loss: 0.6071797609329224
2023-12-16 16:35:37,190 - Epoch 2 average train loss: 0.3585013151168823
2023-12-16 16:37:09,420 - Epoch 3 average train loss: 0.16698884963989258
2023-12-16 16:38:38,789 - Epoch 4 average train loss: 0.10579847544431686
2023-12-16 16:38:47,460 - Evaluation Results
2023-12-16 16:38:47,460 - Training time: 367.4218587875366 seconds
2023-12-16 16:38:47,460 - Inference time: 8.598876714706421 seconds
2023-12-16 16:38:47,460 - Precision: 0.4411764705882353
2023-12-16 16:38:47,461 - Recall: 0.6818181818181818
2023-12-16 16:38:47,461 - F-score: 0.5357142857142857
2023-12-16 16:38:47,462 - Accuracy: 0.7142857142857143
2023-12-16 16:38:47,462 - G-mean: 0.6978631577988531
2023-12-16 16:38:47,462 - Additional Info
2023-12-16 16:38:47,462 - Model name: bert-base-uncased
2023-12-16 16:38:47,462 - Datasets list: science
2023-12-16 16:38:47,462 - Layers frozen: 0
2023-12-16 16:38:47,462 - Learning rate: 0.0001
2023-12-16 16:38:47,462 - Batch size: 32
2023-12-16 16:38:47,462 - Class weights: [0.45, 0.55]
2023-12-16 16:38:47,462 - Model not saved, didn't meet minimum accuracy threshold
