2023-12-21 16:21:58,990 - 
Starting detection model - FUlxP2cRbZ
2023-12-21 16:22:13,303 - Epoch 1 average train loss: 0.0
2023-12-21 16:22:21,492 - Epoch 2 average train loss: 0.0
2023-12-21 16:22:29,833 - Epoch 3 average train loss: 0.0
2023-12-21 16:22:37,607 - Evaluation Results
2023-12-21 16:22:37,607 - Training time: 25.276463985443115 seconds
2023-12-21 16:22:37,608 - Inference time: 0.5234894752502441 seconds
2023-12-21 16:22:37,608 - Precision: 0.58
2023-12-21 16:22:37,608 - Recall: 0.6590909090909091
2023-12-21 16:22:37,609 - F-score: 0.6170212765957446
2023-12-21 16:22:37,609 - Accuracy: 0.8021978021978022
2023-12-21 16:22:37,609 - G-mean: 0.7271322291861906
2023-12-21 16:22:37,609 - Additional Info
2023-12-21 16:22:37,609 - Model name: roberta-base
2023-12-21 16:22:37,609 - Datasets list: science
2023-12-21 16:22:37,609 - Dataset size: 907
2023-12-21 16:22:37,609 - Layers frozen: 0
2023-12-21 16:22:37,609 - Learning rate: 1e-05
2023-12-21 16:22:37,609 - Class weights: Auto weights - [0.278941565600882, 0.721058434399118]
2023-12-21 16:22:37,610 - Model saved to: ./models/bert_model_FUlxP2cRbZ.pt
