2023-12-19 17:04:20,200 - 
Starting detection model - X3CDXdmWed
2023-12-19 17:04:28,389 - Epoch 1 average train loss: 0.6240490078926086
2023-12-19 17:04:32,826 - Epoch 2 average train loss: 0.47539421916007996
2023-12-19 17:04:37,255 - Epoch 3 average train loss: 0.3266697824001312
2023-12-19 17:04:41,693 - Epoch 4 average train loss: 0.12101442366838455
2023-12-19 17:04:46,131 - Epoch 5 average train loss: 0.07630162686109543
2023-12-19 17:04:46,570 - Evaluation Results
2023-12-19 17:04:46,570 - Training time: 23.289156675338745 seconds
2023-12-19 17:04:46,570 - Inference time: 0.3761332035064697 seconds
2023-12-19 17:04:46,570 - Precision: 0.4155844155844156
2023-12-19 17:04:46,570 - Recall: 0.7272727272727273
2023-12-19 17:04:46,570 - F-score: 0.5289256198347109
2023-12-19 17:04:46,571 - Accuracy: 0.6868131868131868
2023-12-19 17:04:46,571 - G-mean: 0.7067534927402195
2023-12-19 17:04:46,571 - Additional Info
2023-12-19 17:04:46,571 - Model name: bert-base-uncased
2023-12-19 17:04:46,571 - Datasets list: science
2023-12-19 17:04:46,571 - Layers frozen: 0
2023-12-19 17:04:46,571 - Learning rate: 0.0001
2023-12-19 17:04:46,571 - Class weights: [0.45, 0.55]
2023-12-19 17:04:46,571 - Model not saved, didn't meet minimum accuracy threshold
