2023-12-20 15:51:37,161 - 
Starting detection model - m8grl7Zxo6
2023-12-20 15:52:19,521 - Epoch 1 average train loss: 0.6162071824073792
2023-12-20 15:52:59,588 - Epoch 2 average train loss: 0.5055724382400513
2023-12-20 15:53:38,364 - Epoch 3 average train loss: 0.31587329506874084
2023-12-20 15:54:16,412 - Epoch 4 average train loss: 0.1573358178138733
2023-12-20 15:54:54,578 - Epoch 5 average train loss: 0.0790700614452362
2023-12-20 15:55:32,743 - Epoch 6 average train loss: 0.056515034288167953
2023-12-20 15:55:38,327 - Evaluation Results
2023-12-20 15:55:38,327 - Training time: 232.64026379585266 seconds
2023-12-20 15:55:38,328 - Inference time: 5.498576879501343 seconds
2023-12-20 15:55:38,328 - Precision: 0.6
2023-12-20 15:55:38,328 - Recall: 0.4090909090909091
2023-12-20 15:55:38,328 - F-score: 0.4864864864864865
2023-12-20 15:55:38,328 - Accuracy: 0.7912087912087912
2023-12-20 15:55:38,328 - G-mean: 0.5689255871169125
2023-12-20 15:55:38,328 - Additional Info
2023-12-20 15:55:38,328 - Model name: bert-base-uncased
2023-12-20 15:55:38,328 - Datasets list: science
2023-12-20 15:55:38,328 - Layers frozen: 0
2023-12-20 15:55:38,328 - Learning rate: 1e-05
2023-12-20 15:55:38,328 - Class weights: [0.45, 0.55]
2023-12-20 15:55:38,328 - Model not saved, didn't meet minimum accuracy threshold
