2023-12-18 18:41:06,537 - 
Starting detection model - jqRlTGkTe8
2023-12-18 18:41:42,165 - Epoch 1 average train loss: 0.6610907316207886
2023-12-18 18:42:16,411 - Epoch 2 average train loss: 0.5398927927017212
2023-12-18 18:42:48,461 - Epoch 3 average train loss: 0.38377898931503296
2023-12-18 18:43:20,430 - Epoch 4 average train loss: 0.2434024065732956
2023-12-18 18:43:52,327 - Epoch 5 average train loss: 0.1701001226902008
2023-12-18 18:44:24,216 - Epoch 6 average train loss: 0.06191132590174675
2023-12-18 18:44:25,424 - Evaluation Results
2023-12-18 18:44:25,424 - Training time: 194.768324136734 seconds
2023-12-18 18:44:25,424 - Inference time: 1.1412899494171143 seconds
2023-12-18 18:44:25,424 - Precision: 0.5272727272727272
2023-12-18 18:44:25,424 - Recall: 0.6590909090909091
2023-12-18 18:44:25,424 - F-score: 0.5858585858585857
2023-12-18 18:44:25,424 - Accuracy: 0.7747252747252747
2023-12-18 18:44:25,424 - G-mean: 0.7145728693523045
2023-12-18 18:44:25,425 - Additional Info
2023-12-18 18:44:25,425 - Model name: bert-base-uncased
2023-12-18 18:44:25,425 - Datasets list: science
2023-12-18 18:44:25,425 - Layers frozen: 0
2023-12-18 18:44:25,425 - Learning rate: 5e-05
2023-12-18 18:44:25,425 - Class weights: [0.45, 0.55]
2023-12-18 18:44:25,425 - Model not saved, didn't meet minimum accuracy threshold
