2023-12-19 17:10:24,317 - 
Starting detection model - bYYhULbutg
2023-12-19 17:10:32,514 - Epoch 1 average train loss: 0.6257634162902832
2023-12-19 17:10:36,946 - Epoch 2 average train loss: 0.5215504765510559
2023-12-19 17:10:41,394 - Epoch 3 average train loss: 0.3384998142719269
2023-12-19 17:10:45,834 - Epoch 4 average train loss: 0.19701752066612244
2023-12-19 17:10:50,283 - Epoch 5 average train loss: 0.16066117584705353
2023-12-19 17:10:50,721 - Evaluation Results
2023-12-19 17:10:50,721 - Training time: 23.29079008102417 seconds
2023-12-19 17:10:50,721 - Inference time: 0.3748207092285156 seconds
2023-12-19 17:10:50,721 - Precision: 0.5151515151515151
2023-12-19 17:10:50,721 - Recall: 0.38636363636363635
2023-12-19 17:10:50,721 - F-score: 0.44155844155844154
2023-12-19 17:10:50,721 - Accuracy: 0.7637362637362637
2023-12-19 17:10:50,721 - G-mean: 0.5432125919747444
2023-12-19 17:10:50,721 - Additional Info
2023-12-19 17:10:50,721 - Model name: bert-base-uncased
2023-12-19 17:10:50,721 - Datasets list: science
2023-12-19 17:10:50,721 - Layers frozen: 0
2023-12-19 17:10:50,721 - Learning rate: 3e-05
2023-12-19 17:10:50,721 - Class weights: [0.45, 0.55]
2023-12-19 17:10:50,721 - Model not saved, didn't meet minimum accuracy threshold
