2023-12-16 19:29:58,626 - 
Starting detection model - x3FgEfgqhU
2023-12-16 19:31:51,130 - Epoch 1 average train loss: 0.636210560798645
2023-12-16 19:33:42,364 - Epoch 2 average train loss: 0.5655614137649536
2023-12-16 19:35:33,381 - Epoch 3 average train loss: 0.4558040499687195
2023-12-16 19:37:24,576 - Epoch 4 average train loss: 0.28527653217315674
2023-12-16 19:37:34,713 - Evaluation Results
2023-12-16 19:37:34,713 - Training time: 443.1775543689728 seconds
2023-12-16 19:37:34,714 - Inference time: 10.07360029220581 seconds
2023-12-16 19:37:34,714 - Precision: 0.5111111111111111
2023-12-16 19:37:34,714 - Recall: 0.5227272727272727
2023-12-16 19:37:34,714 - F-score: 0.5168539325842696
2023-12-16 19:37:34,714 - Accuracy: 0.7637362637362637
2023-12-16 19:37:34,714 - G-mean: 0.6318431563495598
2023-12-16 19:37:34,714 - Additional Info
2023-12-16 19:37:34,714 - Model name: bert-base-uncased
2023-12-16 19:37:34,714 - Datasets list: science
2023-12-16 19:37:34,714 - Layers frozen: 0
2023-12-16 19:37:34,714 - Learning rate: 5e-05
2023-12-16 19:37:34,714 - Batch size: 64
2023-12-16 19:37:34,714 - Class weights: [0.45, 0.55]
2023-12-16 19:37:34,714 - Model not saved, didn't meet minimum accuracy threshold
