2023-12-19 17:03:43,581 - 
Starting detection model - FS3IFuHWzu
2023-12-19 17:03:51,779 - Epoch 1 average train loss: 0.6351118683815002
2023-12-19 17:03:56,213 - Epoch 2 average train loss: 0.4657863974571228
2023-12-19 17:04:00,654 - Epoch 3 average train loss: 0.25471141934394836
2023-12-19 17:04:05,094 - Epoch 4 average train loss: 0.10064775496721268
2023-12-19 17:04:09,531 - Epoch 5 average train loss: 0.12266433984041214
2023-12-19 17:04:09,968 - Evaluation Results
2023-12-19 17:04:09,968 - Training time: 23.267433404922485 seconds
2023-12-19 17:04:09,969 - Inference time: 0.3747735023498535 seconds
2023-12-19 17:04:09,969 - Precision: 0.5
2023-12-19 17:04:09,969 - Recall: 0.4090909090909091
2023-12-19 17:04:09,969 - F-score: 0.45
2023-12-19 17:04:09,969 - Accuracy: 0.7582417582417582
2023-12-19 17:04:09,969 - G-mean: 0.5569468647813812
2023-12-19 17:04:09,969 - Additional Info
2023-12-19 17:04:09,969 - Model name: bert-base-uncased
2023-12-19 17:04:09,969 - Datasets list: science
2023-12-19 17:04:09,969 - Layers frozen: 0
2023-12-19 17:04:09,969 - Learning rate: 0.0001
2023-12-19 17:04:09,969 - Class weights: [0.45, 0.55]
2023-12-19 17:04:09,969 - Model not saved, didn't meet minimum accuracy threshold
