2023-12-16 14:48:47,672 - 
Starting detection model - TSqWR50QoB
2023-12-16 14:49:10,868 - Epoch 1 average train loss: 0.0
2023-12-16 14:49:30,120 - Epoch 2 average train loss: 0.0
2023-12-16 14:49:49,233 - Epoch 3 average train loss: 0.0
2023-12-16 14:50:09,931 - Epoch 4 average train loss: 0.0
2023-12-16 14:50:10,558 - Evaluation Results
2023-12-16 14:50:10,558 - Training time: 79.43187141418457 seconds
2023-12-16 14:50:10,558 - Inference time: 0.5631189346313477 seconds
2023-12-16 14:50:10,558 - Precision: 0.48214285714285715
2023-12-16 14:50:10,558 - Recall: 0.6136363636363636
2023-12-16 14:50:10,558 - F-score: 0.54
2023-12-16 14:50:10,558 - Accuracy: 0.7472527472527473
2023-12-16 14:50:10,558 - G-mean: 0.6771568935936919
2023-12-16 14:50:10,558 - Additional Info
2023-12-16 14:50:10,558 - Model name: bert-base-uncased
2023-12-16 14:50:10,558 - Datasets list: science
2023-12-16 14:50:10,558 - Layers frozen: 0
2023-12-16 14:50:10,558 - Learning rate: 5e-05
2023-12-16 14:50:10,558 - Batch size: 8
2023-12-16 14:50:10,558 - Class weights: [0.45, 0.55]
2023-12-16 14:50:10,558 - Model not saved, didn't meet minimum accuracy threshold
