2023-12-16 17:13:18,685 - 
Starting detection model - q3hrcGhfQq
2023-12-16 17:14:54,310 - Epoch 1 average train loss: 0.6415711641311646
2023-12-16 17:16:28,956 - Epoch 2 average train loss: 0.5650149583816528
2023-12-16 17:26:12,572 - Epoch 3 average train loss: 0.43509194254875183
2023-12-16 17:36:40,801 - Epoch 4 average train loss: 0.3395114541053772
2023-12-16 17:37:21,644 - Evaluation Results
2023-12-16 17:37:21,644 - Training time: 1399.2708632946014 seconds
2023-12-16 17:37:21,644 - Inference time: 40.767804861068726 seconds
2023-12-16 17:37:21,645 - Precision: 0.5588235294117647
2023-12-16 17:37:21,645 - Recall: 0.4318181818181818
2023-12-16 17:37:21,645 - F-score: 0.48717948717948717
2023-12-16 17:37:21,645 - Accuracy: 0.7802197802197802
2023-12-16 17:37:21,645 - G-mean: 0.5804421477745106
2023-12-16 17:37:21,645 - Additional Info
2023-12-16 17:37:21,645 - Model name: bert-base-uncased
2023-12-16 17:37:21,645 - Datasets list: science
2023-12-16 17:37:21,645 - Layers frozen: 0
2023-12-16 17:37:21,645 - Learning rate: 5e-05
2023-12-16 17:37:21,645 - Batch size: 32
2023-12-16 17:37:21,645 - Class weights: [0.45, 0.55]
2023-12-16 17:37:21,645 - Model not saved, didn't meet minimum accuracy threshold
