2023-12-19 16:36:20,221 - 
Starting detection model - eAT4BUPNqX
2023-12-19 16:36:30,291 - Epoch 1 average train loss: 0.6175286769866943
2023-12-19 16:36:36,765 - Epoch 2 average train loss: 0.4475528597831726
2023-12-19 16:36:43,210 - Epoch 3 average train loss: 0.1693669706583023
2023-12-19 16:36:49,653 - Epoch 4 average train loss: 0.11251659691333771
2023-12-19 16:36:56,103 - Epoch 5 average train loss: 0.13569408655166626
2023-12-19 16:36:56,986 - Evaluation Results
2023-12-19 16:36:56,986 - Training time: 33.30233883857727 seconds
2023-12-19 16:36:56,986 - Inference time: 0.43247342109680176 seconds
2023-12-19 16:36:56,987 - Precision: 0.6176470588235294
2023-12-19 16:36:56,987 - Recall: 0.4772727272727273
2023-12-19 16:36:56,987 - F-score: 0.5384615384615384
2023-12-19 16:36:56,987 - Accuracy: 0.8021978021978022
2023-12-19 16:36:56,987 - G-mean: 0.6187625819869306
2023-12-19 16:36:56,987 - Additional Info
2023-12-19 16:36:56,987 - Model name: bert-base-uncased
2023-12-19 16:36:56,987 - Datasets list: science
2023-12-19 16:36:56,987 - Layers frozen: 0
2023-12-19 16:36:56,987 - Learning rate: 3e-05
2023-12-19 16:36:56,987 - Class weights: [0.45, 0.55]
2023-12-19 16:36:56,987 - Model saved to: ./models\bert_model_eAT4BUPNqX.pt
