2023-12-13 18:07:21,674 - 
Starting detection model - 0ArJeLhhBy
2023-12-13 18:08:13,953 - 
Starting detection model - PwQspnas9k
2023-12-13 18:08:21,554 - Epoch 1 average train loss: 0.0
2023-12-13 18:08:27,969 - Epoch 2 average train loss: 0.0
2023-12-13 18:08:34,280 - Epoch 3 average train loss: 0.0
2023-12-13 18:08:40,606 - Epoch 4 average train loss: 0.0
2023-12-13 18:08:46,927 - Epoch 5 average train loss: 0.0
2023-12-13 18:08:47,432 - Evaluation Results
2023-12-13 18:08:47,432 - Training time: 31.90778636932373 seconds
2023-12-13 18:08:47,432 - Inference time: 0.4577946662902832 seconds
2023-12-13 18:08:47,433 - Precision: 0.5
2023-12-13 18:08:47,433 - Recall: 0.4772727272727273
2023-12-13 18:08:47,433 - F-score: 0.48837209302325585
2023-12-13 18:08:47,433 - Accuracy: 0.7582417582417582
2023-12-13 18:08:47,433 - G-mean: 0.6015713689065595
2023-12-13 18:08:47,433 - Additional Info
2023-12-13 18:08:47,433 - Model name: bert-base-uncased
2023-12-13 18:08:47,433 - Datasets list: science
2023-12-13 18:08:47,433 - Layers frozen: 0
2023-12-13 18:08:47,433 - Learning rate: 1e-05
2023-12-13 18:08:47,433 - Class weights: [0.45, 0.55]
2023-12-13 18:08:47,433 - Model not saved, didn't meet minimum accuracy threshold
