2023-12-16 16:50:27,393 - 
Starting detection model - 4cV690yPFJ
2023-12-16 16:51:48,820 - Epoch 1 average train loss: 0.622997522354126
2023-12-16 16:53:08,133 - Epoch 2 average train loss: 0.41069144010543823
2023-12-16 16:54:27,329 - Epoch 3 average train loss: 0.1963343471288681
2023-12-16 16:55:46,512 - Epoch 4 average train loss: 0.20885510742664337
2023-12-16 16:55:54,771 - Evaluation Results
2023-12-16 16:55:54,771 - Training time: 316.2405285835266 seconds
2023-12-16 16:55:54,772 - Inference time: 8.189560651779175 seconds
2023-12-16 16:55:54,772 - Precision: 0.5526315789473685
2023-12-16 16:55:54,772 - Recall: 0.4772727272727273
2023-12-16 16:55:54,772 - F-score: 0.5121951219512196
2023-12-16 16:55:54,772 - Accuracy: 0.7802197802197802
2023-12-16 16:55:54,772 - G-mean: 0.6102275168964625
2023-12-16 16:55:54,772 - Additional Info
2023-12-16 16:55:54,772 - Model name: bert-base-uncased
2023-12-16 16:55:54,772 - Datasets list: science
2023-12-16 16:55:54,772 - Layers frozen: 0
2023-12-16 16:55:54,772 - Learning rate: 0.0001
2023-12-16 16:55:54,772 - Batch size: 32
2023-12-16 16:55:54,772 - Class weights: [0.45, 0.55]
2023-12-16 16:55:54,772 - Model not saved, didn't meet minimum accuracy threshold
