2023-12-19 16:57:38,539 - 
Starting detection model - 2ZXararp9i
2023-12-19 16:57:46,698 - Epoch 1 average train loss: 0.6659616827964783
2023-12-19 16:57:51,128 - Epoch 2 average train loss: 0.6306111812591553
2023-12-19 16:57:55,565 - Epoch 3 average train loss: 0.5974006652832031
2023-12-19 16:58:00,002 - Epoch 4 average train loss: 0.5275822877883911
2023-12-19 16:58:04,457 - Epoch 5 average train loss: 0.4303385615348816
2023-12-19 16:58:04,893 - Evaluation Results
2023-12-19 16:58:04,893 - Training time: 23.286104679107666 seconds
2023-12-19 16:58:04,893 - Inference time: 0.3724365234375 seconds
2023-12-19 16:58:04,894 - Precision: 0.5357142857142857
2023-12-19 16:58:04,894 - Recall: 0.3409090909090909
2023-12-19 16:58:04,894 - F-score: 0.41666666666666663
2023-12-19 16:58:04,894 - Accuracy: 0.7692307692307693
2023-12-19 16:58:04,894 - G-mean: 0.5120915564991891
2023-12-19 16:58:04,894 - Additional Info
2023-12-19 16:58:04,894 - Model name: bert-base-uncased
2023-12-19 16:58:04,894 - Datasets list: science
2023-12-19 16:58:04,894 - Layers frozen: 0
2023-12-19 16:58:04,894 - Learning rate: 1e-05
2023-12-19 16:58:04,894 - Class weights: [0.45, 0.55]
2023-12-19 16:58:04,894 - Model not saved, didn't meet minimum accuracy threshold
