2023-12-16 16:25:02,829 - 
Starting detection model - J7mmolhuo8
2023-12-16 16:26:26,119 - Epoch 1 average train loss: 0.6300542950630188
2023-12-16 16:27:42,577 - Epoch 2 average train loss: 0.5318179726600647
2023-12-16 16:30:33,372 - Epoch 3 average train loss: 0.32549816370010376
2023-12-16 16:32:06,322 - Epoch 4 average train loss: 0.17815089225769043
2023-12-16 16:32:15,848 - Evaluation Results
2023-12-16 16:32:15,848 - Training time: 420.75502824783325 seconds
2023-12-16 16:32:15,848 - Inference time: 8.981074571609497 seconds
2023-12-16 16:32:15,848 - Precision: 0.6774193548387096
2023-12-16 16:32:15,848 - Recall: 0.4772727272727273
2023-12-16 16:32:15,848 - F-score: 0.5599999999999999
2023-12-16 16:32:15,849 - Accuracy: 0.8186813186813187
2023-12-16 16:32:15,849 - G-mean: 0.625087406475499
2023-12-16 16:32:15,849 - Additional Info
2023-12-16 16:32:15,849 - Model name: bert-base-uncased
2023-12-16 16:32:15,849 - Datasets list: science
2023-12-16 16:32:15,849 - Layers frozen: 0
2023-12-16 16:32:15,849 - Learning rate: 0.0001
2023-12-16 16:32:15,849 - Batch size: 32
2023-12-16 16:32:15,849 - Class weights: [0.45, 0.55]
2023-12-16 16:32:15,849 - Model saved to: ./models\bert_model_J7mmolhuo8.pt
