2023-12-19 16:26:14,626 - 
Starting detection model - H1ymZzqmcF
2023-12-19 16:26:24,703 - Epoch 1 average train loss: 0.6577918529510498
2023-12-19 16:26:31,134 - Epoch 2 average train loss: 0.647459864616394
2023-12-19 16:26:37,542 - Epoch 3 average train loss: 0.6442654728889465
2023-12-19 16:26:43,960 - Epoch 4 average train loss: 0.6428902745246887
2023-12-19 16:26:50,398 - Epoch 5 average train loss: 0.6386842131614685
2023-12-19 16:26:50,901 - Evaluation Results
2023-12-19 16:26:50,901 - Training time: 33.16552948951721 seconds
2023-12-19 16:26:50,901 - Inference time: 0.4228825569152832 seconds
2023-12-19 16:26:50,901 - Precision: 0.0
2023-12-19 16:26:50,901 - Recall: 0.0
2023-12-19 16:26:50,901 - F-score: 0.0
2023-12-19 16:26:50,901 - Accuracy: 0.7582417582417582
2023-12-19 16:26:50,901 - G-mean: 0.0
2023-12-19 16:26:50,901 - Additional Info
2023-12-19 16:26:50,901 - Model name: bert-base-uncased
2023-12-19 16:26:50,901 - Datasets list: science
2023-12-19 16:26:50,901 - Layers frozen: 0
2023-12-19 16:26:50,901 - Learning rate: 0.0003
2023-12-19 16:26:50,901 - Class weights: [0.45, 0.55]
2023-12-19 16:26:50,901 - Model not saved, didn't meet minimum accuracy threshold
