2023-12-20 15:10:49,893 - 
Starting detection model - ORahSAbtbK
2023-12-20 15:12:09,980 - Epoch 1 average train loss: 0.6163842082023621
2023-12-20 15:13:14,677 - Epoch 2 average train loss: 0.5099503993988037
2023-12-20 15:14:18,542 - Epoch 3 average train loss: 0.3475811779499054
2023-12-20 15:15:18,425 - Epoch 4 average train loss: 0.1682572215795517
2023-12-20 15:15:24,619 - Evaluation Results
2023-12-20 15:15:24,619 - Training time: 265.31451392173767 seconds
2023-12-20 15:15:24,619 - Inference time: 6.097171068191528 seconds
2023-12-20 15:15:24,620 - Precision: 0.4716981132075472
2023-12-20 15:15:24,620 - Recall: 0.5681818181818182
2023-12-20 15:15:24,620 - F-score: 0.5154639175257733
2023-12-20 15:15:24,620 - Accuracy: 0.7417582417582418
2023-12-20 15:15:24,620 - G-mean: 0.6491945366787574
2023-12-20 15:15:24,620 - Additional Info
2023-12-20 15:15:24,620 - Model name: bert-base-uncased
2023-12-20 15:15:24,620 - Datasets list: science
2023-12-20 15:15:24,620 - Layers frozen: 0
2023-12-20 15:15:24,620 - Learning rate: 1e-05
2023-12-20 15:15:24,620 - Class weights: [0.45, 0.55]
2023-12-20 15:15:24,620 - Model not saved, didn't meet minimum accuracy threshold
