2023-12-16 17:56:08,592 - 
Starting detection model - dHurkmeGJk
2023-12-16 17:57:25,444 - Epoch 1 average train loss: 0.6224392056465149
2023-12-16 17:58:39,721 - Epoch 2 average train loss: 0.5026286244392395
2023-12-16 17:59:54,044 - Epoch 3 average train loss: 0.2871188223361969
2023-12-16 18:01:08,593 - Epoch 4 average train loss: 0.14358149468898773
2023-12-16 18:01:17,606 - Evaluation Results
2023-12-16 18:01:17,606 - Training time: 297.19085240364075 seconds
2023-12-16 18:01:17,606 - Inference time: 8.085267305374146 seconds
2023-12-16 18:01:17,606 - Precision: 0.75
2023-12-16 18:01:17,606 - Recall: 0.3409090909090909
2023-12-16 18:01:17,606 - F-score: 0.46875
2023-12-16 18:01:17,607 - Accuracy: 0.8131868131868132
2023-12-16 18:01:17,607 - G-mean: 0.5265194936778478
2023-12-16 18:01:17,607 - Additional Info
2023-12-16 18:01:17,607 - Model name: bert-base-uncased
2023-12-16 18:01:17,607 - Datasets list: science
2023-12-16 18:01:17,607 - Layers frozen: 0
2023-12-16 18:01:17,607 - Learning rate: 3e-05
2023-12-16 18:01:17,607 - Batch size: 32
2023-12-16 18:01:17,607 - Class weights: [0.45, 0.55]
2023-12-16 18:01:17,607 - Model saved to: ./models\bert_model_dHurkmeGJk.pt
