2023-12-19 17:40:10,764 - 
Starting detection model - 3GKF5hqyS2
2023-12-19 17:40:51,074 - Epoch 1 average train loss: 0.6456910371780396
2023-12-19 17:41:29,666 - Epoch 2 average train loss: 0.5504108667373657
2023-12-19 17:42:08,168 - Epoch 3 average train loss: 0.5190795063972473
2023-12-19 17:42:46,764 - Epoch 4 average train loss: 0.2640823423862457
2023-12-19 17:43:25,271 - Epoch 5 average train loss: 0.19498053193092346
2023-12-19 17:43:28,415 - Evaluation Results
2023-12-19 17:43:28,415 - Training time: 191.87102937698364 seconds
2023-12-19 17:43:28,415 - Inference time: 3.0791656970977783 seconds
2023-12-19 17:43:28,415 - Precision: 0.5531914893617021
2023-12-19 17:43:28,415 - Recall: 0.5909090909090909
2023-12-19 17:43:28,415 - F-score: 0.5714285714285714
2023-12-19 17:43:28,415 - Accuracy: 0.7857142857142857
2023-12-19 17:43:28,415 - G-mean: 0.6813851438692469
2023-12-19 17:43:28,415 - Additional Info
2023-12-19 17:43:28,415 - Model name: bert-base-uncased
2023-12-19 17:43:28,415 - Datasets list: science
2023-12-19 17:43:28,415 - Layers frozen: 0
2023-12-19 17:43:28,415 - Learning rate: 0.0003
2023-12-19 17:43:28,415 - Class weights: [0.45, 0.55]
2023-12-19 17:43:28,415 - Model not saved, didn't meet minimum accuracy threshold
