2023-12-21 16:20:16,882 - 
Starting detection model - a6pI3bo1Av
2023-12-21 16:20:28,804 - Epoch 1 average train loss: 0.0
2023-12-21 16:20:36,910 - Epoch 2 average train loss: 0.0
2023-12-21 16:20:45,056 - Epoch 3 average train loss: 0.0
2023-12-21 16:20:46,484 - Evaluation Results
2023-12-21 16:20:46,484 - Training time: 24.91057515144348 seconds
2023-12-21 16:20:46,484 - Inference time: 0.549074649810791 seconds
2023-12-21 16:20:46,485 - Precision: 0.5681818181818182
2023-12-21 16:20:46,485 - Recall: 0.5681818181818182
2023-12-21 16:20:46,485 - F-score: 0.5681818181818182
2023-12-21 16:20:46,485 - Accuracy: 0.7912087912087912
2023-12-21 16:20:46,485 - G-mean: 0.6704852344015113
2023-12-21 16:20:46,485 - Additional Info
2023-12-21 16:20:46,485 - Model name: bert-base-cased
2023-12-21 16:20:46,485 - Datasets list: science
2023-12-21 16:20:46,485 - Dataset size: 907
2023-12-21 16:20:46,486 - Layers frozen: 0
2023-12-21 16:20:46,486 - Learning rate: 1e-05
2023-12-21 16:20:46,486 - Class weights: Auto weights - [0.278941565600882, 0.721058434399118]
2023-12-21 16:20:46,486 - Model saved to: ./models/bert_model_a6pI3bo1Av.pt
