2023-12-20 15:55:49,576 - 
Starting detection model - 5z43yj4ZHN
2023-12-20 15:56:30,118 - Epoch 1 average train loss: 0.6373043656349182
2023-12-20 15:57:06,527 - Epoch 2 average train loss: 0.5979047417640686
2023-12-20 15:57:43,241 - Epoch 3 average train loss: 0.5125155448913574
2023-12-20 15:58:19,502 - Epoch 4 average train loss: 0.3710506558418274
2023-12-20 15:58:55,745 - Epoch 5 average train loss: 0.2705685496330261
2023-12-20 15:59:32,094 - Epoch 6 average train loss: 0.1701146811246872
2023-12-20 15:59:37,753 - Evaluation Results
2023-12-20 15:59:37,753 - Training time: 219.59031343460083 seconds
2023-12-20 15:59:37,753 - Inference time: 5.572452545166016 seconds
2023-12-20 15:59:37,755 - Precision: 0.4090909090909091
2023-12-20 15:59:37,755 - Recall: 0.4090909090909091
2023-12-20 15:59:37,755 - F-score: 0.4090909090909091
2023-12-20 15:59:37,755 - Accuracy: 0.7142857142857143
2023-12-20 15:59:37,755 - G-mean: 0.5405624776173354
2023-12-20 15:59:37,755 - Additional Info
2023-12-20 15:59:37,755 - Model name: bert-base-uncased
2023-12-20 15:59:37,755 - Datasets list: science
2023-12-20 15:59:37,755 - Layers frozen: 0
2023-12-20 15:59:37,755 - Learning rate: 1e-05
2023-12-20 15:59:37,755 - Class weights: [0.45, 0.55]
2023-12-20 15:59:37,755 - Model not saved, didn't meet minimum accuracy threshold
