2023-12-16 17:44:51,259 - 
Starting detection model - XZuCUhY3rZ
2023-12-16 17:46:07,022 - Epoch 1 average train loss: 0.645206093788147
2023-12-16 17:47:48,489 - Epoch 2 average train loss: 0.5841623544692993
2023-12-16 17:49:14,179 - Epoch 3 average train loss: 0.42522239685058594
2023-12-16 17:50:35,788 - Epoch 4 average train loss: 0.2783108651638031
2023-12-16 17:50:42,943 - Evaluation Results
2023-12-16 17:50:42,943 - Training time: 341.73127031326294 seconds
2023-12-16 17:50:42,943 - Inference time: 7.085515737533569 seconds
2023-12-16 17:50:42,943 - Precision: 0.5416666666666666
2023-12-16 17:50:42,943 - Recall: 0.5909090909090909
2023-12-16 17:50:42,943 - F-score: 0.5652173913043478
2023-12-16 17:50:42,943 - Accuracy: 0.7802197802197802
2023-12-16 17:50:42,943 - G-mean: 0.678998498554276
2023-12-16 17:50:42,943 - Additional Info
2023-12-16 17:50:42,944 - Model name: bert-base-uncased
2023-12-16 17:50:42,944 - Datasets list: science
2023-12-16 17:50:42,944 - Layers frozen: 0
2023-12-16 17:50:42,944 - Learning rate: 3e-05
2023-12-16 17:50:42,944 - Batch size: 32
2023-12-16 17:50:42,944 - Class weights: [0.45, 0.55]
2023-12-16 17:50:42,944 - Model not saved, didn't meet minimum accuracy threshold
