2023-12-16 15:34:01,213 - 
Starting detection model - Yxlodlc9Q0
2023-12-16 15:34:39,981 - Epoch 1 average train loss: 0.6280083060264587
2023-12-16 15:35:13,775 - Epoch 2 average train loss: 0.4424835443496704
2023-12-16 15:35:43,551 - Epoch 3 average train loss: 0.29642006754875183
2023-12-16 15:36:12,802 - Epoch 4 average train loss: 0.12144602835178375
2023-12-16 15:36:13,716 - Evaluation Results
2023-12-16 15:36:13,717 - Training time: 128.89541125297546 seconds
2023-12-16 15:36:13,717 - Inference time: 0.38549160957336426 seconds
2023-12-16 15:36:13,717 - Precision: 0.6363636363636364
2023-12-16 15:36:13,717 - Recall: 0.4772727272727273
2023-12-16 15:36:13,717 - F-score: 0.5454545454545454
2023-12-16 15:36:13,717 - Accuracy: 0.8076923076923077
2023-12-16 15:36:13,717 - G-mean: 0.6208780157885367
2023-12-16 15:36:13,717 - Additional Info
2023-12-16 15:36:13,717 - Model name: bert-base-uncased
2023-12-16 15:36:13,717 - Datasets list: science
2023-12-16 15:36:13,717 - Layers frozen: 0
2023-12-16 15:36:13,717 - Learning rate: 5e-05
2023-12-16 15:36:13,717 - Batch size: 16
2023-12-16 15:36:13,717 - Class weights: [0.45, 0.55]
2023-12-16 15:36:13,717 - Model saved to: ./models\bert_model_Yxlodlc9Q0.pt
