2023-12-19 17:11:00,351 - 
Starting detection model - eT6SfF54ac
2023-12-19 17:11:08,504 - Epoch 1 average train loss: 0.6223664879798889
2023-12-19 17:11:12,931 - Epoch 2 average train loss: 0.4793129563331604
2023-12-19 17:11:17,371 - Epoch 3 average train loss: 0.3483457565307617
2023-12-19 17:11:21,816 - Epoch 4 average train loss: 0.2986779510974884
2023-12-19 17:11:26,264 - Epoch 5 average train loss: 0.1817241609096527
2023-12-19 17:11:26,705 - Evaluation Results
2023-12-19 17:11:26,705 - Training time: 23.25051498413086 seconds
2023-12-19 17:11:26,705 - Inference time: 0.37788867950439453 seconds
2023-12-19 17:11:26,705 - Precision: 0.5294117647058824
2023-12-19 17:11:26,705 - Recall: 0.4090909090909091
2023-12-19 17:11:26,705 - F-score: 0.46153846153846156
2023-12-19 17:11:26,705 - Accuracy: 0.7692307692307693
2023-12-19 17:11:26,705 - G-mean: 0.5609681940050744
2023-12-19 17:11:26,705 - Additional Info
2023-12-19 17:11:26,705 - Model name: bert-base-uncased
2023-12-19 17:11:26,705 - Datasets list: science
2023-12-19 17:11:26,705 - Layers frozen: 0
2023-12-19 17:11:26,705 - Learning rate: 3e-05
2023-12-19 17:11:26,706 - Class weights: [0.45, 0.55]
2023-12-19 17:11:26,706 - Model not saved, didn't meet minimum accuracy threshold
