2023-12-19 16:22:21,906 - 
Starting detection model - E0jiCSSTsM
2023-12-19 16:22:31,980 - Epoch 1 average train loss: 0.6222274303436279
2023-12-19 16:22:38,456 - Epoch 2 average train loss: 0.5288212895393372
2023-12-19 16:22:44,906 - Epoch 3 average train loss: 0.3703171908855438
2023-12-19 16:22:51,347 - Epoch 4 average train loss: 0.19331978261470795
2023-12-19 16:22:57,794 - Epoch 5 average train loss: 0.14837700128555298
2023-12-19 16:22:58,304 - Evaluation Results
2023-12-19 16:22:58,304 - Training time: 33.299280405044556 seconds
2023-12-19 16:22:58,304 - Inference time: 0.42823243141174316 seconds
2023-12-19 16:22:58,304 - Precision: 0.4838709677419355
2023-12-19 16:22:58,304 - Recall: 0.6818181818181818
2023-12-19 16:22:58,304 - F-score: 0.5660377358490567
2023-12-19 16:22:58,305 - Accuracy: 0.7472527472527473
2023-12-19 16:22:58,305 - G-mean: 0.7137860390134494
2023-12-19 16:22:58,305 - Additional Info
2023-12-19 16:22:58,305 - Model name: bert-base-uncased
2023-12-19 16:22:58,305 - Datasets list: science
2023-12-19 16:22:58,305 - Layers frozen: 0
2023-12-19 16:22:58,305 - Learning rate: 1e-05
2023-12-19 16:22:58,305 - Class weights: [0.45, 0.55]
2023-12-19 16:22:58,305 - Model not saved, didn't meet minimum accuracy threshold
