2023-12-18 18:23:15,830 - 
Starting detection model - RPKMPV7Fgl
2023-12-18 18:23:26,478 - Epoch 1 average train loss: 0.6293423771858215
2023-12-18 18:23:32,775 - Epoch 2 average train loss: 0.5513101816177368
2023-12-18 18:23:39,030 - Epoch 3 average train loss: 0.40478405356407166
2023-12-18 18:23:45,364 - Epoch 4 average train loss: 0.2639840841293335
2023-12-18 18:23:51,681 - Epoch 5 average train loss: 0.14586402475833893
2023-12-18 18:23:57,937 - Epoch 6 average train loss: 0.10174586623907089
2023-12-18 18:23:58,479 - Evaluation Results
2023-12-18 18:23:58,479 - Training time: 39.13164281845093 seconds
2023-12-18 18:23:58,479 - Inference time: 0.46303319931030273 seconds
2023-12-18 18:23:58,479 - Precision: 0.6086956521739131
2023-12-18 18:23:58,479 - Recall: 0.3181818181818182
2023-12-18 18:23:58,479 - F-score: 0.41791044776119407
2023-12-18 18:23:58,480 - Accuracy: 0.7857142857142857
2023-12-18 18:23:58,480 - G-mean: 0.5
2023-12-18 18:23:58,480 - Additional Info
2023-12-18 18:23:58,480 - Model name: bert-base-uncased
2023-12-18 18:23:58,480 - Datasets list: science
2023-12-18 18:23:58,480 - Layers frozen: 0
2023-12-18 18:23:58,480 - Learning rate: 1e-05
2023-12-18 18:23:58,480 - Class weights: [0.45, 0.55]
2023-12-18 18:23:58,480 - Model not saved, didn't meet minimum accuracy threshold
