2023-12-20 16:15:49,775 - 
Starting detection model - yZM53xiBn8
2023-12-20 16:16:27,752 - Epoch 1 average train loss: 0.6285543441772461
2023-12-20 16:17:01,597 - Epoch 2 average train loss: 0.5620094537734985
2023-12-20 16:17:34,926 - Epoch 3 average train loss: 0.4358842968940735
2023-12-20 16:18:08,707 - Epoch 4 average train loss: 0.2760883569717407
2023-12-20 16:18:42,049 - Epoch 5 average train loss: 0.14627347886562347
2023-12-20 16:19:15,731 - Epoch 6 average train loss: 0.0955231636762619
2023-12-20 16:19:49,479 - Epoch 7 average train loss: 0.0661231279373169
2023-12-20 16:19:53,687 - Evaluation Results
2023-12-20 16:19:53,687 - Training time: 236.73974776268005 seconds
2023-12-20 16:19:53,687 - Inference time: 4.120985746383667 seconds
2023-12-20 16:19:53,687 - Precision: 0.6060606060606061
2023-12-20 16:19:53,687 - Recall: 0.45454545454545453
2023-12-20 16:19:53,687 - F-score: 0.5194805194805195
2023-12-20 16:19:53,687 - Accuracy: 0.7967032967032966
2023-12-20 16:19:53,688 - G-mean: 0.6017789146670578
2023-12-20 16:19:53,688 - Additional Info
2023-12-20 16:19:53,688 - Model name: bert-base-uncased
2023-12-20 16:19:53,688 - Datasets list: science
2023-12-20 16:19:53,688 - Layers frozen: 0
2023-12-20 16:19:53,688 - Learning rate: 1e-05
2023-12-20 16:19:53,688 - Class weights: [0.45, 0.55]
2023-12-20 16:19:53,688 - Model not saved, didn't meet minimum accuracy threshold
