2023-12-16 18:59:27,654 - 
Starting detection model - oFmnRxHUcz
2023-12-16 19:01:18,337 - Epoch 1 average train loss: 0.626846432685852
2023-12-16 19:03:06,890 - Epoch 2 average train loss: 0.5486831068992615
2023-12-16 19:04:55,591 - Epoch 3 average train loss: 0.4758601188659668
2023-12-16 19:06:44,540 - Epoch 4 average train loss: 0.29499155282974243
2023-12-16 19:06:54,798 - Evaluation Results
2023-12-16 19:06:54,798 - Training time: 434.07423400878906 seconds
2023-12-16 19:06:54,799 - Inference time: 10.19293212890625 seconds
2023-12-16 19:06:54,799 - Precision: 0.6206896551724138
2023-12-16 19:06:54,799 - Recall: 0.4090909090909091
2023-12-16 19:06:54,799 - F-score: 0.49315068493150693
2023-12-16 19:06:54,799 - Accuracy: 0.7967032967032966
2023-12-16 19:06:54,799 - G-mean: 0.5708976054636031
2023-12-16 19:06:54,799 - Additional Info
2023-12-16 19:06:54,799 - Model name: bert-base-uncased
2023-12-16 19:06:54,799 - Datasets list: science
2023-12-16 19:06:54,799 - Layers frozen: 0
2023-12-16 19:06:54,799 - Learning rate: 0.0001
2023-12-16 19:06:54,799 - Batch size: 64
2023-12-16 19:06:54,799 - Class weights: [0.45, 0.55]
2023-12-16 19:06:54,799 - Model not saved, didn't meet minimum accuracy threshold
