2023-12-19 17:36:37,949 - 
Starting detection model - SZ40iMB9RE
2023-12-19 17:37:19,086 - Epoch 1 average train loss: 0.6657881140708923
2023-12-19 17:37:58,604 - Epoch 2 average train loss: 0.64143306016922
2023-12-19 17:38:38,163 - Epoch 3 average train loss: 0.6341948509216309
2023-12-19 17:39:17,853 - Epoch 4 average train loss: 0.671466052532196
2023-12-19 17:39:57,441 - Epoch 5 average train loss: 0.6401087045669556
2023-12-19 17:40:00,546 - Evaluation Results
2023-12-19 17:40:00,546 - Training time: 196.8850393295288 seconds
2023-12-19 17:40:00,546 - Inference time: 3.0419626235961914 seconds
2023-12-19 17:40:00,546 - Precision: 0.0
2023-12-19 17:40:00,546 - Recall: 0.0
2023-12-19 17:40:00,546 - F-score: 0.0
2023-12-19 17:40:00,546 - Accuracy: 0.7582417582417582
2023-12-19 17:40:00,546 - G-mean: 0.0
2023-12-19 17:40:00,546 - Additional Info
2023-12-19 17:40:00,546 - Model name: bert-base-uncased
2023-12-19 17:40:00,546 - Datasets list: science
2023-12-19 17:40:00,546 - Layers frozen: 0
2023-12-19 17:40:00,546 - Learning rate: 0.0003
2023-12-19 17:40:00,546 - Class weights: [0.45, 0.55]
2023-12-19 17:40:00,546 - Model not saved, didn't meet minimum accuracy threshold
