2023-12-19 17:33:05,666 - 
Starting detection model - 19d6A76U0s
2023-12-19 17:33:46,752 - Epoch 1 average train loss: 0.6445632576942444
2023-12-19 17:34:26,257 - Epoch 2 average train loss: 0.6441205739974976
2023-12-19 17:35:05,745 - Epoch 3 average train loss: 0.6794331073760986
2023-12-19 17:35:45,155 - Epoch 4 average train loss: 0.6599957346916199
2023-12-19 17:36:24,643 - Epoch 5 average train loss: 0.6438246965408325
2023-12-19 17:36:27,792 - Evaluation Results
2023-12-19 17:36:27,792 - Training time: 196.42130541801453 seconds
2023-12-19 17:36:27,792 - Inference time: 3.0852062702178955 seconds
2023-12-19 17:36:27,792 - Precision: 0.0
2023-12-19 17:36:27,792 - Recall: 0.0
2023-12-19 17:36:27,792 - F-score: 0.0
2023-12-19 17:36:27,792 - Accuracy: 0.7582417582417582
2023-12-19 17:36:27,792 - G-mean: 0.0
2023-12-19 17:36:27,792 - Additional Info
2023-12-19 17:36:27,792 - Model name: bert-base-uncased
2023-12-19 17:36:27,792 - Datasets list: science
2023-12-19 17:36:27,792 - Layers frozen: 0
2023-12-19 17:36:27,792 - Learning rate: 0.0003
2023-12-19 17:36:27,792 - Class weights: [0.45, 0.55]
2023-12-19 17:36:27,792 - Model not saved, didn't meet minimum accuracy threshold
