2023-12-16 18:19:58,088 - 
Starting detection model - zaAyy9Omzb
2023-12-16 18:21:51,861 - Epoch 1 average train loss: 0.656869649887085
2023-12-16 18:23:44,292 - Epoch 2 average train loss: 0.6208087205886841
2023-12-16 18:25:36,889 - Epoch 3 average train loss: 0.5583003759384155
2023-12-16 18:27:29,386 - Epoch 4 average train loss: 0.4780842065811157
2023-12-16 18:27:35,726 - Evaluation Results
2023-12-16 18:27:35,727 - Training time: 448.5434169769287 seconds
2023-12-16 18:27:35,727 - Inference time: 6.270273208618164 seconds
2023-12-16 18:27:35,727 - Precision: 0.2876712328767123
2023-12-16 18:27:35,727 - Recall: 0.9545454545454546
2023-12-16 18:27:35,727 - F-score: 0.44210526315789467
2023-12-16 18:27:35,727 - Accuracy: 0.4175824175824176
2023-12-16 18:27:35,727 - G-mean: 0.6313488723371561
2023-12-16 18:27:35,727 - Additional Info
2023-12-16 18:27:35,727 - Model name: bert-base-uncased
2023-12-16 18:27:35,727 - Datasets list: science
2023-12-16 18:27:35,727 - Layers frozen: 0
2023-12-16 18:27:35,727 - Learning rate: 0.0003
2023-12-16 18:27:35,727 - Batch size: 64
2023-12-16 18:27:35,727 - Class weights: [0.45, 0.55]
2023-12-16 18:27:35,727 - Model not saved, didn't meet minimum accuracy threshold
