2023-12-19 18:11:33,907 - 
Starting detection model - V4dYxZiILF
2023-12-19 18:12:12,875 - Epoch 1 average train loss: 0.629721462726593
2023-12-19 18:12:50,354 - Epoch 2 average train loss: 0.5343465805053711
2023-12-19 18:13:27,736 - Epoch 3 average train loss: 0.36372193694114685
2023-12-19 18:14:05,101 - Epoch 4 average train loss: 0.15102635324001312
2023-12-19 18:14:42,476 - Epoch 5 average train loss: 0.04145185649394989
2023-12-19 18:14:45,565 - Evaluation Results
2023-12-19 18:14:45,565 - Training time: 185.9338948726654 seconds
2023-12-19 18:14:45,565 - Inference time: 3.026064395904541 seconds
2023-12-19 18:14:45,565 - Precision: 0.6296296296296297
2023-12-19 18:14:45,565 - Recall: 0.38636363636363635
2023-12-19 18:14:45,565 - F-score: 0.47887323943661975
2023-12-19 18:14:45,565 - Accuracy: 0.7967032967032966
2023-12-19 18:14:45,565 - G-mean: 0.5548127457234403
2023-12-19 18:14:45,565 - Additional Info
2023-12-19 18:14:45,565 - Model name: bert-base-uncased
2023-12-19 18:14:45,565 - Datasets list: science
2023-12-19 18:14:45,565 - Layers frozen: 0
2023-12-19 18:14:45,565 - Learning rate: 5e-05
2023-12-19 18:14:45,565 - Class weights: [0.45, 0.55]
2023-12-19 18:14:45,565 - Model not saved, didn't meet minimum accuracy threshold
