2023-12-16 03:38:50,183 - 
Starting detection model - uJpztrCIgu
2023-12-16 03:39:22,360 - Epoch 1 average train loss: 0.0
2023-12-16 03:39:49,908 - Epoch 2 average train loss: 0.0
2023-12-16 03:40:17,395 - Epoch 3 average train loss: 0.0
2023-12-16 03:40:44,828 - Epoch 4 average train loss: 0.0
2023-12-16 03:41:12,191 - Epoch 5 average train loss: 0.0
2023-12-16 03:41:39,560 - Epoch 6 average train loss: 0.0
2023-12-16 03:42:06,886 - Epoch 7 average train loss: 0.0
2023-12-16 03:42:07,611 - Evaluation Results
2023-12-16 03:42:07,612 - Training time: 193.75270652770996 seconds
2023-12-16 03:42:07,612 - Inference time: 0.6641349792480469 seconds
2023-12-16 03:42:07,612 - Precision: 0.6842105263157895
2023-12-16 03:42:07,612 - Recall: 0.29545454545454547
2023-12-16 03:42:07,612 - F-score: 0.41269841269841273
2023-12-16 03:42:07,612 - Accuracy: 0.7967032967032966
2023-12-16 03:42:07,612 - G-mean: 0.48516967175371795
2023-12-16 03:42:07,612 - Additional Info
2023-12-16 03:42:07,612 - Model name: bert-base-uncased
2023-12-16 03:42:07,612 - Datasets list: science
2023-12-16 03:42:07,612 - Layers frozen: 0
2023-12-16 03:42:07,612 - Learning rate: 1e-05
2023-12-16 03:42:07,612 - Class weights: [0.45, 0.55]
2023-12-16 03:42:07,612 - Model not saved, didn't meet minimum accuracy threshold
