2023-12-19 16:40:49,001 - 
Starting detection model - DWDjs9dZ80
2023-12-19 16:40:58,281 - Epoch 1 average train loss: 0.6343114972114563
2023-12-19 16:41:03,925 - Epoch 2 average train loss: 0.5793474912643433
2023-12-19 16:41:09,570 - Epoch 3 average train loss: 0.47694459557533264
2023-12-19 16:41:15,221 - Epoch 4 average train loss: 0.3209816813468933
2023-12-19 16:41:20,866 - Epoch 5 average train loss: 0.18155616521835327
2023-12-19 16:41:21,716 - Evaluation Results
2023-12-19 16:41:21,716 - Training time: 29.265631675720215 seconds
2023-12-19 16:41:21,716 - Inference time: 0.417494535446167 seconds
2023-12-19 16:41:21,716 - Precision: 0.5869565217391305
2023-12-19 16:41:21,716 - Recall: 0.6136363636363636
2023-12-19 16:41:21,716 - F-score: 0.6
2023-12-19 16:41:21,716 - Accuracy: 0.8021978021978022
2023-12-19 16:41:21,716 - G-mean: 0.7016108196555568
2023-12-19 16:41:21,716 - Additional Info
2023-12-19 16:41:21,716 - Model name: bert-base-uncased
2023-12-19 16:41:21,716 - Datasets list: science
2023-12-19 16:41:21,717 - Layers frozen: 0
2023-12-19 16:41:21,717 - Learning rate: 1e-05
2023-12-19 16:41:21,717 - Class weights: [0.45, 0.55]
2023-12-19 16:41:21,717 - Model saved to: ./models\bert_model_DWDjs9dZ80.pt
