2023-12-19 18:35:17,639 - 
Starting detection model - ioutMTsC0L
2023-12-19 18:35:55,447 - Epoch 1 average train loss: 0.6361737847328186
2023-12-19 18:36:31,578 - Epoch 2 average train loss: 0.596010684967041
2023-12-19 18:37:07,582 - Epoch 3 average train loss: 0.5355414748191833
2023-12-19 18:37:43,549 - Epoch 4 average train loss: 0.45725199580192566
2023-12-19 18:38:19,547 - Epoch 5 average train loss: 0.374953955411911
2023-12-19 18:38:22,621 - Evaluation Results
2023-12-19 18:38:22,621 - Training time: 179.2169201374054 seconds
2023-12-19 18:38:22,621 - Inference time: 3.0128514766693115 seconds
2023-12-19 18:38:22,621 - Precision: 0.5777777777777777
2023-12-19 18:38:22,621 - Recall: 0.5909090909090909
2023-12-19 18:38:22,621 - F-score: 0.5842696629213482
2023-12-19 18:38:22,621 - Accuracy: 0.7967032967032966
2023-12-19 18:38:22,621 - G-mean: 0.6861335298462106
2023-12-19 18:38:22,621 - Additional Info
2023-12-19 18:38:22,621 - Model name: bert-base-uncased
2023-12-19 18:38:22,622 - Datasets list: science
2023-12-19 18:38:22,622 - Layers frozen: 0
2023-12-19 18:38:22,622 - Learning rate: 3e-05
2023-12-19 18:38:22,622 - Class weights: [0.45, 0.55]
2023-12-19 18:38:22,622 - Model not saved, didn't meet minimum accuracy threshold
