2023-12-16 03:48:58,199 - 
Starting detection model - dQOf7NCvPx
2023-12-16 03:49:21,947 - Epoch 1 average train loss: 0.0
2023-12-16 03:49:42,136 - Epoch 2 average train loss: 0.0
2023-12-16 03:50:02,327 - Epoch 3 average train loss: 0.0
2023-12-16 03:50:22,500 - Epoch 4 average train loss: 0.0
2023-12-16 03:50:42,677 - Epoch 5 average train loss: 0.0
2023-12-16 03:51:02,888 - Epoch 6 average train loss: 0.0
2023-12-16 03:51:23,052 - Epoch 7 average train loss: 0.0
2023-12-16 03:51:23,698 - Evaluation Results
2023-12-16 03:51:23,699 - Training time: 142.1860716342926 seconds
2023-12-16 03:51:23,699 - Inference time: 0.5850362777709961 seconds
2023-12-16 03:51:23,699 - Precision: 0.410958904109589
2023-12-16 03:51:23,699 - Recall: 0.6818181818181818
2023-12-16 03:51:23,699 - F-score: 0.5128205128205128
2023-12-16 03:51:23,699 - Accuracy: 0.6868131868131868
2023-12-16 03:51:23,699 - G-mean: 0.6843111268141987
2023-12-16 03:51:23,699 - Additional Info
2023-12-16 03:51:23,699 - Model name: bert-base-uncased
2023-12-16 03:51:23,699 - Datasets list: science
2023-12-16 03:51:23,699 - Layers frozen: 0
2023-12-16 03:51:23,699 - Learning rate: 1e-05
2023-12-16 03:51:23,699 - Class weights: [0.45, 0.55]
2023-12-16 03:51:23,700 - Model not saved, didn't meet minimum accuracy threshold
