2023-12-16 18:51:46,307 - 
Starting detection model - wLosDYDx7u
2023-12-16 18:53:38,612 - Epoch 1 average train loss: 0.6344675421714783
2023-12-16 18:55:28,956 - Epoch 2 average train loss: 0.4602069854736328
2023-12-16 18:57:19,532 - Epoch 3 average train loss: 0.36365410685539246
2023-12-16 18:59:09,964 - Epoch 4 average train loss: 0.217023104429245
2023-12-16 18:59:16,496 - Evaluation Results
2023-12-16 18:59:16,496 - Training time: 440.82895040512085 seconds
2023-12-16 18:59:16,496 - Inference time: 6.4636619091033936 seconds
2023-12-16 18:59:16,496 - Precision: 0.4897959183673469
2023-12-16 18:59:16,496 - Recall: 0.5454545454545454
2023-12-16 18:59:16,496 - F-score: 0.5161290322580645
2023-12-16 18:59:16,496 - Accuracy: 0.7527472527472527
2023-12-16 18:59:16,496 - G-mean: 0.6407725107941278
2023-12-16 18:59:16,496 - Additional Info
2023-12-16 18:59:16,496 - Model name: bert-base-uncased
2023-12-16 18:59:16,496 - Datasets list: science
2023-12-16 18:59:16,497 - Layers frozen: 0
2023-12-16 18:59:16,497 - Learning rate: 0.0001
2023-12-16 18:59:16,497 - Batch size: 64
2023-12-16 18:59:16,497 - Class weights: [0.45, 0.55]
2023-12-16 18:59:16,497 - Model not saved, didn't meet minimum accuracy threshold
