2023-12-19 16:45:04,261 - 
Starting detection model - WZzwjxA7iU
2023-12-19 16:45:13,563 - Epoch 1 average train loss: 0.6606823205947876
2023-12-19 16:45:19,207 - Epoch 2 average train loss: 0.6413536071777344
2023-12-19 16:45:24,849 - Epoch 3 average train loss: 0.640499472618103
2023-12-19 16:45:30,507 - Epoch 4 average train loss: 0.640476644039154
2023-12-19 16:45:36,175 - Epoch 5 average train loss: 0.6437310576438904
2023-12-19 16:45:36,654 - Evaluation Results
2023-12-19 16:45:36,654 - Training time: 29.333057165145874 seconds
2023-12-19 16:45:36,654 - Inference time: 0.40881919860839844 seconds
2023-12-19 16:45:36,654 - Precision: 0.0
2023-12-19 16:45:36,654 - Recall: 0.0
2023-12-19 16:45:36,654 - F-score: 0.0
2023-12-19 16:45:36,654 - Accuracy: 0.7582417582417582
2023-12-19 16:45:36,654 - G-mean: 0.0
2023-12-19 16:45:36,655 - Additional Info
2023-12-19 16:45:36,655 - Model name: bert-base-uncased
2023-12-19 16:45:36,655 - Datasets list: science
2023-12-19 16:45:36,655 - Layers frozen: 0
2023-12-19 16:45:36,655 - Learning rate: 0.0003
2023-12-19 16:45:36,655 - Class weights: [0.45, 0.55]
2023-12-19 16:45:36,655 - Model not saved, didn't meet minimum accuracy threshold
