2023-12-19 16:20:49,238 - 
Starting detection model - n6gZkKMWe2
2023-12-19 16:20:59,469 - Epoch 1 average train loss: 0.6261886358261108
2023-12-19 16:21:05,903 - Epoch 2 average train loss: 0.5100744962692261
2023-12-19 16:21:12,341 - Epoch 3 average train loss: 0.35207778215408325
2023-12-19 16:21:18,767 - Epoch 4 average train loss: 0.22050841152668
2023-12-19 16:21:25,198 - Epoch 5 average train loss: 0.14464406669139862
2023-12-19 16:21:25,704 - Evaluation Results
2023-12-19 16:21:25,704 - Training time: 33.33250427246094 seconds
2023-12-19 16:21:25,704 - Inference time: 0.42450594902038574 seconds
2023-12-19 16:21:25,704 - Precision: 0.5161290322580645
2023-12-19 16:21:25,704 - Recall: 0.36363636363636365
2023-12-19 16:21:25,704 - F-score: 0.4266666666666667
2023-12-19 16:21:25,704 - Accuracy: 0.7637362637362637
2023-12-19 16:21:25,704 - G-mean: 0.5269936220888045
2023-12-19 16:21:25,705 - Additional Info
2023-12-19 16:21:25,705 - Model name: bert-base-uncased
2023-12-19 16:21:25,705 - Datasets list: science
2023-12-19 16:21:25,705 - Layers frozen: 0
2023-12-19 16:21:25,705 - Learning rate: 1e-05
2023-12-19 16:21:25,705 - Class weights: [0.45, 0.55]
2023-12-19 16:21:25,705 - Model not saved, didn't meet minimum accuracy threshold
