2023-12-16 19:37:45,934 - 
Starting detection model - nz95r3hh72
2023-12-16 19:39:38,247 - Epoch 1 average train loss: 0.6480798125267029
2023-12-16 19:41:29,419 - Epoch 2 average train loss: 0.5643793344497681
2023-12-16 19:43:20,245 - Epoch 3 average train loss: 0.4159119725227356
2023-12-16 19:45:11,274 - Epoch 4 average train loss: 0.21619145572185516
2023-12-16 19:45:21,531 - Evaluation Results
2023-12-16 19:45:21,531 - Training time: 442.4862928390503 seconds
2023-12-16 19:45:21,531 - Inference time: 10.18976902961731 seconds
2023-12-16 19:45:21,531 - Precision: 0.4264705882352941
2023-12-16 19:45:21,531 - Recall: 0.6590909090909091
2023-12-16 19:45:21,531 - F-score: 0.5178571428571429
2023-12-16 19:45:21,531 - Accuracy: 0.7032967032967034
2023-12-16 19:45:21,531 - G-mean: 0.6808351221378518
2023-12-16 19:45:21,531 - Additional Info
2023-12-16 19:45:21,531 - Model name: bert-base-uncased
2023-12-16 19:45:21,531 - Datasets list: science
2023-12-16 19:45:21,531 - Layers frozen: 0
2023-12-16 19:45:21,531 - Learning rate: 5e-05
2023-12-16 19:45:21,531 - Batch size: 64
2023-12-16 19:45:21,532 - Class weights: [0.45, 0.55]
2023-12-16 19:45:21,532 - Model not saved, didn't meet minimum accuracy threshold
