2023-12-19 16:52:10,426 - 
Starting detection model - HTLCTrfNyH
2023-12-19 16:52:19,749 - Epoch 1 average train loss: 0.6207658648490906
2023-12-19 16:52:25,383 - Epoch 2 average train loss: 0.4316258132457733
2023-12-19 16:52:31,017 - Epoch 3 average train loss: 0.25274184346199036
2023-12-19 16:52:36,666 - Epoch 4 average train loss: 0.08313599228858948
2023-12-19 16:52:42,319 - Epoch 5 average train loss: 0.029334846884012222
2023-12-19 16:52:42,806 - Evaluation Results
2023-12-19 16:52:42,806 - Training time: 29.258763790130615 seconds
2023-12-19 16:52:42,806 - Inference time: 0.4142000675201416 seconds
2023-12-19 16:52:42,806 - Precision: 0.54
2023-12-19 16:52:42,806 - Recall: 0.6136363636363636
2023-12-19 16:52:42,806 - F-score: 0.574468085106383
2023-12-19 16:52:42,806 - Accuracy: 0.7802197802197802
2023-12-19 16:52:42,806 - G-mean: 0.6919329655185023
2023-12-19 16:52:42,806 - Additional Info
2023-12-19 16:52:42,806 - Model name: bert-base-uncased
2023-12-19 16:52:42,806 - Datasets list: science
2023-12-19 16:52:42,806 - Layers frozen: 0
2023-12-19 16:52:42,806 - Learning rate: 5e-05
2023-12-19 16:52:42,806 - Class weights: [0.45, 0.55]
2023-12-19 16:52:42,806 - Model not saved, didn't meet minimum accuracy threshold
