2023-12-18 18:26:49,548 - 
Starting detection model - Wg8FV44qeF
2023-12-18 18:27:00,111 - Epoch 1 average train loss: 0.6162958741188049
2023-12-18 18:27:06,360 - Epoch 2 average train loss: 0.4132297933101654
2023-12-18 18:27:12,639 - Epoch 3 average train loss: 0.18986599147319794
2023-12-18 18:27:18,891 - Epoch 4 average train loss: 0.14197856187820435
2023-12-18 18:27:25,110 - Epoch 5 average train loss: 0.04906132072210312
2023-12-18 18:27:31,340 - Epoch 6 average train loss: 0.03451508656144142
2023-12-18 18:27:31,871 - Evaluation Results
2023-12-18 18:27:31,871 - Training time: 38.918964862823486 seconds
2023-12-18 18:27:31,871 - Inference time: 0.4566664695739746 seconds
2023-12-18 18:27:31,871 - Precision: 0.45454545454545453
2023-12-18 18:27:31,871 - Recall: 0.5681818181818182
2023-12-18 18:27:31,871 - F-score: 0.5050505050505051
2023-12-18 18:27:31,872 - Accuracy: 0.7307692307692307
2023-12-18 18:27:31,872 - G-mean: 0.6443677445448291
2023-12-18 18:27:31,872 - Additional Info
2023-12-18 18:27:31,872 - Model name: bert-base-uncased
2023-12-18 18:27:31,872 - Datasets list: science
2023-12-18 18:27:31,872 - Layers frozen: 0
2023-12-18 18:27:31,872 - Learning rate: 3e-05
2023-12-18 18:27:31,872 - Class weights: [0.45, 0.55]
2023-12-18 18:27:31,872 - Model not saved, didn't meet minimum accuracy threshold
