2023-12-19 17:00:41,358 - 
Starting detection model - kE3mDTxgHH
2023-12-19 17:00:49,438 - Epoch 1 average train loss: 0.6464211940765381
2023-12-19 17:00:53,862 - Epoch 2 average train loss: 0.580272376537323
2023-12-19 17:00:58,295 - Epoch 3 average train loss: 0.6594911813735962
2023-12-19 17:01:02,743 - Epoch 4 average train loss: 0.6342000365257263
2023-12-19 17:01:07,183 - Epoch 5 average train loss: 0.6363712549209595
2023-12-19 17:01:07,625 - Evaluation Results
2023-12-19 17:01:07,625 - Training time: 23.21586513519287 seconds
2023-12-19 17:01:07,625 - Inference time: 0.37820911407470703 seconds
2023-12-19 17:01:07,625 - Precision: 0.0
2023-12-19 17:01:07,625 - Recall: 0.0
2023-12-19 17:01:07,625 - F-score: 0.0
2023-12-19 17:01:07,625 - Accuracy: 0.7582417582417582
2023-12-19 17:01:07,625 - G-mean: 0.0
2023-12-19 17:01:07,625 - Additional Info
2023-12-19 17:01:07,625 - Model name: bert-base-uncased
2023-12-19 17:01:07,625 - Datasets list: science
2023-12-19 17:01:07,625 - Layers frozen: 0
2023-12-19 17:01:07,625 - Learning rate: 0.0003
2023-12-19 17:01:07,625 - Class weights: [0.45, 0.55]
2023-12-19 17:01:07,625 - Model not saved, didn't meet minimum accuracy threshold
