2023-12-16 03:35:05,234 - 
Starting detection model - 05kxpXs8ZE
2023-12-16 03:35:41,444 - Epoch 1 average train loss: 0.0
2023-12-16 03:36:12,116 - Epoch 2 average train loss: 0.0
2023-12-16 03:36:42,131 - Epoch 3 average train loss: 0.0
2023-12-16 03:37:10,439 - Epoch 4 average train loss: 0.0
2023-12-16 03:37:38,776 - Epoch 5 average train loss: 0.0
2023-12-16 03:38:07,112 - Epoch 6 average train loss: 0.0
2023-12-16 03:38:35,467 - Epoch 7 average train loss: 0.0
2023-12-16 03:38:39,645 - Evaluation Results
2023-12-16 03:38:39,645 - Training time: 206.33785128593445 seconds
2023-12-16 03:38:39,645 - Inference time: 4.11597466468811 seconds
2023-12-16 03:38:39,645 - Precision: 0.5
2023-12-16 03:38:39,645 - Recall: 0.5
2023-12-16 03:38:39,645 - F-score: 0.5
2023-12-16 03:38:39,645 - Accuracy: 0.7582417582417582
2023-12-16 03:38:39,645 - G-mean: 0.6157279262148819
2023-12-16 03:38:39,645 - Additional Info
2023-12-16 03:38:39,645 - Model name: bert-base-uncased
2023-12-16 03:38:39,645 - Datasets list: science
2023-12-16 03:38:39,645 - Layers frozen: 0
2023-12-16 03:38:39,645 - Learning rate: 1e-05
2023-12-16 03:38:39,645 - Class weights: [0.45, 0.55]
2023-12-16 03:38:39,645 - Model not saved, didn't meet minimum accuracy threshold
