2023-12-16 15:49:47,938 - 
Starting detection model - x7hrx4IWrq
2023-12-16 15:50:28,717 - Epoch 1 average train loss: 0.6169695258140564
2023-12-16 15:51:33,583 - Epoch 2 average train loss: 0.4631823003292084
2023-12-16 15:52:54,403 - Epoch 3 average train loss: 0.2350636124610901
2023-12-16 15:54:42,709 - Epoch 4 average train loss: 0.17194558680057526
2023-12-16 15:54:43,628 - Evaluation Results
2023-12-16 15:54:43,629 - Training time: 292.01183891296387 seconds
2023-12-16 15:54:43,629 - Inference time: 0.8374145030975342 seconds
2023-12-16 15:54:43,629 - Precision: 0.5666666666666667
2023-12-16 15:54:43,629 - Recall: 0.38636363636363635
2023-12-16 15:54:43,629 - F-score: 0.4594594594594595
2023-12-16 15:54:43,629 - Accuracy: 0.7802197802197802
2023-12-16 15:54:43,629 - G-mean: 0.549043305622199
2023-12-16 15:54:43,629 - Additional Info
2023-12-16 15:54:43,629 - Model name: bert-base-uncased
2023-12-16 15:54:43,629 - Datasets list: science
2023-12-16 15:54:43,629 - Layers frozen: 0
2023-12-16 15:54:43,629 - Learning rate: 3e-05
2023-12-16 15:54:43,629 - Batch size: 16
2023-12-16 15:54:43,629 - Class weights: [0.45, 0.55]
2023-12-16 15:54:43,629 - Model not saved, didn't meet minimum accuracy threshold
