2023-12-19 16:50:45,286 - 
Starting detection model - qYCjcMChkN
2023-12-19 16:50:54,577 - Epoch 1 average train loss: 0.6211738586425781
2023-12-19 16:51:00,231 - Epoch 2 average train loss: 0.4563415050506592
2023-12-19 16:51:05,904 - Epoch 3 average train loss: 0.2364550530910492
2023-12-19 16:51:11,576 - Epoch 4 average train loss: 0.16794264316558838
2023-12-19 16:51:17,241 - Epoch 5 average train loss: 0.12813125550746918
2023-12-19 16:51:17,731 - Evaluation Results
2023-12-19 16:51:17,732 - Training time: 29.352080821990967 seconds
2023-12-19 16:51:17,732 - Inference time: 0.4181990623474121 seconds
2023-12-19 16:51:17,732 - Precision: 0.5172413793103449
2023-12-19 16:51:17,732 - Recall: 0.3409090909090909
2023-12-19 16:51:17,732 - F-score: 0.410958904109589
2023-12-19 16:51:17,732 - Accuracy: 0.7637362637362637
2023-12-19 16:51:17,732 - G-mean: 0.5102593804768663
2023-12-19 16:51:17,732 - Additional Info
2023-12-19 16:51:17,732 - Model name: bert-base-uncased
2023-12-19 16:51:17,732 - Datasets list: science
2023-12-19 16:51:17,732 - Layers frozen: 0
2023-12-19 16:51:17,732 - Learning rate: 5e-05
2023-12-19 16:51:17,732 - Class weights: [0.45, 0.55]
2023-12-19 16:51:17,732 - Model not saved, didn't meet minimum accuracy threshold
