2023-12-20 16:24:45,235 - 
Starting detection model - du2iWLFEU0
2023-12-20 16:25:31,174 - Epoch 1 average train loss: 0.6268472075462341
2023-12-20 16:26:11,647 - Epoch 2 average train loss: 0.49318280816078186
2023-12-20 16:26:52,105 - Epoch 3 average train loss: 0.3373073935508728
2023-12-20 16:27:32,778 - Epoch 4 average train loss: 0.20621205866336823
2023-12-20 16:28:15,512 - Epoch 5 average train loss: 0.09860280901193619
2023-12-20 16:28:54,384 - Epoch 6 average train loss: 0.06957580894231796
2023-12-20 16:29:33,276 - Epoch 7 average train loss: 0.04910101369023323
2023-12-20 16:29:42,121 - Evaluation Results
2023-12-20 16:29:42,121 - Training time: 285.0359842777252 seconds
2023-12-20 16:29:42,121 - Inference time: 8.75800609588623 seconds
2023-12-20 16:29:42,121 - Precision: 0.5277777777777778
2023-12-20 16:29:42,121 - Recall: 0.4318181818181818
2023-12-20 16:29:42,122 - F-score: 0.47500000000000003
2023-12-20 16:29:42,122 - Accuracy: 0.7692307692307693
2023-12-20 16:29:42,122 - G-mean: 0.5763400317241829
2023-12-20 16:29:42,122 - Additional Info
2023-12-20 16:29:42,122 - Model name: bert-base-uncased
2023-12-20 16:29:42,122 - Datasets list: science
2023-12-20 16:29:42,122 - Layers frozen: 0
2023-12-20 16:29:42,122 - Learning rate: 1e-05
2023-12-20 16:29:42,122 - Class weights: [0.45, 0.55]
2023-12-20 16:29:42,122 - Model not saved, didn't meet minimum accuracy threshold
