2023-12-16 15:54:55,003 - 
Starting detection model - mqo3GqAddN
2023-12-16 15:55:23,216 - Epoch 1 average train loss: 0.6113436222076416
2023-12-16 15:55:48,070 - Epoch 2 average train loss: 0.4590897858142853
2023-12-16 15:56:12,893 - Epoch 3 average train loss: 0.22569014132022858
2023-12-16 15:56:37,166 - Epoch 4 average train loss: 0.10784810036420822
2023-12-16 15:56:37,647 - Evaluation Results
2023-12-16 15:56:37,648 - Training time: 99.25178503990173 seconds
2023-12-16 15:56:37,648 - Inference time: 0.4065372943878174 seconds
2023-12-16 15:56:37,648 - Precision: 0.4523809523809524
2023-12-16 15:56:37,648 - Recall: 0.4318181818181818
2023-12-16 15:56:37,648 - F-score: 0.4418604651162791
2023-12-16 15:56:37,648 - Accuracy: 0.7362637362637363
2023-12-16 15:56:37,648 - G-mean: 0.5638546514236341
2023-12-16 15:56:37,648 - Additional Info
2023-12-16 15:56:37,648 - Model name: bert-base-uncased
2023-12-16 15:56:37,648 - Datasets list: science
2023-12-16 15:56:37,648 - Layers frozen: 0
2023-12-16 15:56:37,648 - Learning rate: 3e-05
2023-12-16 15:56:37,648 - Batch size: 16
2023-12-16 15:56:37,648 - Class weights: [0.45, 0.55]
2023-12-16 15:56:37,648 - Model not saved, didn't meet minimum accuracy threshold
