2023-12-16 14:43:54,941 - 
Starting detection model - xE5bpFaWLA
2023-12-16 14:44:24,460 - Epoch 1 average train loss: 0.0
2023-12-16 14:44:48,989 - Epoch 2 average train loss: 0.0
2023-12-16 14:45:12,417 - Epoch 3 average train loss: 0.0
2023-12-16 14:45:35,361 - Epoch 4 average train loss: 0.0
2023-12-16 14:45:36,078 - Evaluation Results
2023-12-16 14:45:36,079 - Training time: 97.68632340431213 seconds
2023-12-16 14:45:36,079 - Inference time: 0.6537468433380127 seconds
2023-12-16 14:45:36,079 - Precision: 0.2430939226519337
2023-12-16 14:45:36,079 - Recall: 1.0
2023-12-16 14:45:36,079 - F-score: 0.3911111111111111
2023-12-16 14:45:36,079 - Accuracy: 0.24725274725274726
2023-12-16 14:45:36,079 - G-mean: 0.4972451580988469
2023-12-16 14:45:36,079 - Additional Info
2023-12-16 14:45:36,079 - Model name: bert-base-uncased
2023-12-16 14:45:36,079 - Datasets list: science
2023-12-16 14:45:36,079 - Layers frozen: 0
2023-12-16 14:45:36,079 - Learning rate: 0.0001
2023-12-16 14:45:36,079 - Batch size: 8
2023-12-16 14:45:36,079 - Class weights: [0.45, 0.55]
2023-12-16 14:45:36,079 - Model not saved, didn't meet minimum accuracy threshold
