2023-12-16 14:42:44,585 - 
Starting detection model - k094BKU3Hi
2023-12-16 14:43:02,329 - Epoch 1 average train loss: 0.0
2023-12-16 14:43:15,821 - Epoch 2 average train loss: 0.0
2023-12-16 14:43:29,044 - Epoch 3 average train loss: 0.0
2023-12-16 14:43:42,945 - Epoch 4 average train loss: 0.0
2023-12-16 14:43:43,538 - Evaluation Results
2023-12-16 14:43:43,539 - Training time: 55.50736331939697 seconds
2023-12-16 14:43:43,539 - Inference time: 0.5331206321716309 seconds
2023-12-16 14:43:43,539 - Precision: 0.5897435897435898
2023-12-16 14:43:43,539 - Recall: 0.5227272727272727
2023-12-16 14:43:43,539 - F-score: 0.5542168674698795
2023-12-16 14:43:43,539 - Accuracy: 0.7967032967032966
2023-12-16 14:43:43,539 - G-mean: 0.6453359911383693
2023-12-16 14:43:43,539 - Additional Info
2023-12-16 14:43:43,539 - Model name: bert-base-uncased
2023-12-16 14:43:43,539 - Datasets list: science
2023-12-16 14:43:43,539 - Layers frozen: 0
2023-12-16 14:43:43,539 - Learning rate: 0.0001
2023-12-16 14:43:43,539 - Batch size: 8
2023-12-16 14:43:43,539 - Class weights: [0.45, 0.55]
2023-12-16 14:43:43,539 - Model not saved, didn't meet minimum accuracy threshold
