2023-12-19 18:14:55,651 - 
Starting detection model - lrqxAEiCrh
2023-12-19 18:15:34,796 - Epoch 1 average train loss: 0.6377800107002258
2023-12-19 18:16:12,276 - Epoch 2 average train loss: 0.583885669708252
2023-12-19 18:16:49,725 - Epoch 3 average train loss: 0.42589306831359863
2023-12-19 18:17:27,094 - Epoch 4 average train loss: 0.20402583479881287
2023-12-19 18:18:04,578 - Epoch 5 average train loss: 0.10657765716314316
2023-12-19 18:18:07,703 - Evaluation Results
2023-12-19 18:18:07,703 - Training time: 186.2328586578369 seconds
2023-12-19 18:18:07,703 - Inference time: 3.061785936355591 seconds
2023-12-19 18:18:07,703 - Precision: 0.3958333333333333
2023-12-19 18:18:07,703 - Recall: 0.4318181818181818
2023-12-19 18:18:07,703 - F-score: 0.41304347826086957
2023-12-19 18:18:07,703 - Accuracy: 0.7032967032967034
2023-12-19 18:18:07,703 - G-mean: 0.5510864756971484
2023-12-19 18:18:07,703 - Additional Info
2023-12-19 18:18:07,703 - Model name: bert-base-uncased
2023-12-19 18:18:07,703 - Datasets list: science
2023-12-19 18:18:07,703 - Layers frozen: 0
2023-12-19 18:18:07,703 - Learning rate: 5e-05
2023-12-19 18:18:07,703 - Class weights: [0.45, 0.55]
2023-12-19 18:18:07,703 - Model not saved, didn't meet minimum accuracy threshold
