2023-12-19 16:38:40,361 - 
Starting detection model - ykRdT7CT3V
2023-12-19 16:38:49,701 - Epoch 1 average train loss: 0.6262117028236389
2023-12-19 16:38:55,341 - Epoch 2 average train loss: 0.5307271480560303
2023-12-19 16:39:00,987 - Epoch 3 average train loss: 0.3840560019016266
2023-12-19 16:39:06,642 - Epoch 4 average train loss: 0.25410374999046326
2023-12-19 16:39:12,303 - Epoch 5 average train loss: 0.14891619980335236
2023-12-19 16:39:13,150 - Evaluation Results
2023-12-19 16:39:13,151 - Training time: 29.310475826263428 seconds
2023-12-19 16:39:13,151 - Inference time: 0.41371798515319824 seconds
2023-12-19 16:39:13,151 - Precision: 0.6666666666666666
2023-12-19 16:39:13,151 - Recall: 0.45454545454545453
2023-12-19 16:39:13,151 - F-score: 0.5405405405405405
2023-12-19 16:39:13,151 - Accuracy: 0.8131868131868132
2023-12-19 16:39:13,151 - G-mean: 0.6079723428169818
2023-12-19 16:39:13,151 - Additional Info
2023-12-19 16:39:13,151 - Model name: bert-base-uncased
2023-12-19 16:39:13,151 - Datasets list: science
2023-12-19 16:39:13,151 - Layers frozen: 0
2023-12-19 16:39:13,151 - Learning rate: 1e-05
2023-12-19 16:39:13,151 - Class weights: [0.45, 0.55]
2023-12-19 16:39:13,151 - Model saved to: ./models\bert_model_ykRdT7CT3V.pt
