2023-12-19 16:40:06,220 - 
Starting detection model - kK3RHuJcgn
2023-12-19 16:40:15,516 - Epoch 1 average train loss: 0.6340139508247375
2023-12-19 16:40:21,164 - Epoch 2 average train loss: 0.5626496076583862
2023-12-19 16:40:26,807 - Epoch 3 average train loss: 0.44605594873428345
2023-12-19 16:40:32,456 - Epoch 4 average train loss: 0.31380313634872437
2023-12-19 16:40:38,152 - Epoch 5 average train loss: 0.18607136607170105
2023-12-19 16:40:38,994 - Evaluation Results
2023-12-19 16:40:38,994 - Training time: 29.32716679573059 seconds
2023-12-19 16:40:38,994 - Inference time: 0.4151315689086914 seconds
2023-12-19 16:40:38,994 - Precision: 0.6363636363636364
2023-12-19 16:40:38,994 - Recall: 0.6363636363636364
2023-12-19 16:40:38,994 - F-score: 0.6363636363636364
2023-12-19 16:40:38,994 - Accuracy: 0.8241758241758241
2023-12-19 16:40:38,994 - G-mean: 0.7242068243779014
2023-12-19 16:40:38,994 - Additional Info
2023-12-19 16:40:38,994 - Model name: bert-base-uncased
2023-12-19 16:40:38,994 - Datasets list: science
2023-12-19 16:40:38,994 - Layers frozen: 0
2023-12-19 16:40:38,994 - Learning rate: 1e-05
2023-12-19 16:40:38,994 - Class weights: [0.45, 0.55]
2023-12-19 16:40:38,994 - Model saved to: ./models\bert_model_kK3RHuJcgn.pt
