2023-12-19 17:09:47,943 - 
Starting detection model - 27Fb5jhUvQ
2023-12-19 17:09:56,105 - Epoch 1 average train loss: 0.6315909028053284
2023-12-19 17:10:00,540 - Epoch 2 average train loss: 0.539878249168396
2023-12-19 17:10:04,981 - Epoch 3 average train loss: 0.38833382725715637
2023-12-19 17:10:09,418 - Epoch 4 average train loss: 0.20337742567062378
2023-12-19 17:10:13,855 - Epoch 5 average train loss: 0.09770236909389496
2023-12-19 17:10:14,291 - Evaluation Results
2023-12-19 17:10:14,291 - Training time: 23.284469604492188 seconds
2023-12-19 17:10:14,291 - Inference time: 0.37302160263061523 seconds
2023-12-19 17:10:14,291 - Precision: 0.3977272727272727
2023-12-19 17:10:14,291 - Recall: 0.7954545454545454
2023-12-19 17:10:14,291 - F-score: 0.5303030303030303
2023-12-19 17:10:14,291 - Accuracy: 0.6593406593406593
2023-12-19 17:10:14,291 - G-mean: 0.7242068243779014
2023-12-19 17:10:14,291 - Additional Info
2023-12-19 17:10:14,291 - Model name: bert-base-uncased
2023-12-19 17:10:14,291 - Datasets list: science
2023-12-19 17:10:14,291 - Layers frozen: 0
2023-12-19 17:10:14,291 - Learning rate: 3e-05
2023-12-19 17:10:14,291 - Class weights: [0.45, 0.55]
2023-12-19 17:10:14,291 - Model not saved, didn't meet minimum accuracy threshold
