2023-12-19 16:35:33,513 - 
Starting detection model - eO5Iawm6H7
2023-12-19 16:35:43,590 - Epoch 1 average train loss: 0.6236730813980103
2023-12-19 16:35:50,053 - Epoch 2 average train loss: 0.4959331154823303
2023-12-19 16:35:56,507 - Epoch 3 average train loss: 0.33566078543663025
2023-12-19 16:36:02,951 - Epoch 4 average train loss: 0.20378261804580688
2023-12-19 16:36:09,402 - Epoch 5 average train loss: 0.19511376321315765
2023-12-19 16:36:09,907 - Evaluation Results
2023-12-19 16:36:09,907 - Training time: 33.30465912818909 seconds
2023-12-19 16:36:09,907 - Inference time: 0.4298982620239258 seconds
2023-12-19 16:36:09,907 - Precision: 0.6
2023-12-19 16:36:09,907 - Recall: 0.4090909090909091
2023-12-19 16:36:09,907 - F-score: 0.4864864864864865
2023-12-19 16:36:09,907 - Accuracy: 0.7912087912087912
2023-12-19 16:36:09,907 - G-mean: 0.5689255871169125
2023-12-19 16:36:09,907 - Additional Info
2023-12-19 16:36:09,908 - Model name: bert-base-uncased
2023-12-19 16:36:09,908 - Datasets list: science
2023-12-19 16:36:09,908 - Layers frozen: 0
2023-12-19 16:36:09,908 - Learning rate: 3e-05
2023-12-19 16:36:09,908 - Class weights: [0.45, 0.55]
2023-12-19 16:36:09,908 - Model not saved, didn't meet minimum accuracy threshold
