2023-12-18 18:25:56,323 - 
Starting detection model - PBeMXPGkRV
2023-12-18 18:26:06,849 - Epoch 1 average train loss: 0.6156211495399475
2023-12-18 18:26:13,058 - Epoch 2 average train loss: 0.5008507370948792
2023-12-18 18:26:19,292 - Epoch 3 average train loss: 0.2983892858028412
2023-12-18 18:26:25,548 - Epoch 4 average train loss: 0.19427022337913513
2023-12-18 18:26:31,809 - Epoch 5 average train loss: 0.06693917512893677
2023-12-18 18:26:38,142 - Epoch 6 average train loss: 0.03970859944820404
2023-12-18 18:26:38,681 - Evaluation Results
2023-12-18 18:26:38,681 - Training time: 38.96942067146301 seconds
2023-12-18 18:26:38,681 - Inference time: 0.4571821689605713 seconds
2023-12-18 18:26:38,681 - Precision: 0.5434782608695652
2023-12-18 18:26:38,681 - Recall: 0.5681818181818182
2023-12-18 18:26:38,681 - F-score: 0.5555555555555556
2023-12-18 18:26:38,681 - Accuracy: 0.7802197802197802
2023-12-18 18:26:38,681 - G-mean: 0.6658128065054723
2023-12-18 18:26:38,681 - Additional Info
2023-12-18 18:26:38,681 - Model name: bert-base-uncased
2023-12-18 18:26:38,681 - Datasets list: science
2023-12-18 18:26:38,681 - Layers frozen: 0
2023-12-18 18:26:38,681 - Learning rate: 5e-05
2023-12-18 18:26:38,681 - Class weights: [0.45, 0.55]
2023-12-18 18:26:38,682 - Model not saved, didn't meet minimum accuracy threshold
