2023-12-20 16:10:47,749 - 
Starting detection model - RmwbAdcegG
2023-12-20 16:11:35,062 - Epoch 1 average train loss: 0.6249309778213501
2023-12-20 16:12:19,033 - Epoch 2 average train loss: 0.5807716846466064
2023-12-20 16:13:00,453 - Epoch 3 average train loss: 0.4644804298877716
2023-12-20 16:13:39,164 - Epoch 4 average train loss: 0.2849006950855255
2023-12-20 16:14:16,384 - Epoch 5 average train loss: 0.10725630819797516
2023-12-20 16:14:55,137 - Epoch 6 average train loss: 0.10721481591463089
2023-12-20 16:15:32,376 - Epoch 7 average train loss: 0.04720136150717735
2023-12-20 16:15:38,305 - Evaluation Results
2023-12-20 16:15:38,305 - Training time: 281.30277919769287 seconds
2023-12-20 16:15:38,305 - Inference time: 5.8475117683410645 seconds
2023-12-20 16:15:38,305 - Precision: 0.53125
2023-12-20 16:15:38,305 - Recall: 0.38636363636363635
2023-12-20 16:15:38,306 - F-score: 0.4473684210526316
2023-12-20 16:15:38,306 - Accuracy: 0.7692307692307693
2023-12-20 16:15:38,306 - G-mean: 0.5451630922969724
2023-12-20 16:15:38,306 - Additional Info
2023-12-20 16:15:38,306 - Model name: bert-base-uncased
2023-12-20 16:15:38,306 - Datasets list: science
2023-12-20 16:15:38,306 - Layers frozen: 0
2023-12-20 16:15:38,306 - Learning rate: 1e-05
2023-12-20 16:15:38,306 - Class weights: [0.45, 0.55]
2023-12-20 16:15:38,306 - Model not saved, didn't meet minimum accuracy threshold
