2023-12-19 17:43:38,524 - 
Starting detection model - uzZObWC4o3
2023-12-19 17:44:19,473 - Epoch 1 average train loss: 0.6457520723342896
2023-12-19 17:44:58,852 - Epoch 2 average train loss: 0.5426563620567322
2023-12-19 17:45:38,319 - Epoch 3 average train loss: 0.3264389634132385
2023-12-19 17:46:17,847 - Epoch 4 average train loss: 0.3611542582511902
2023-12-19 17:46:57,586 - Epoch 5 average train loss: 0.19314377009868622
2023-12-19 17:47:00,809 - Evaluation Results
2023-12-19 17:47:00,809 - Training time: 196.49012660980225 seconds
2023-12-19 17:47:00,809 - Inference time: 3.1616852283477783 seconds
2023-12-19 17:47:00,809 - Precision: 0.5
2023-12-19 17:47:00,809 - Recall: 0.4090909090909091
2023-12-19 17:47:00,809 - F-score: 0.45
2023-12-19 17:47:00,809 - Accuracy: 0.7582417582417582
2023-12-19 17:47:00,810 - G-mean: 0.5569468647813812
2023-12-19 17:47:00,810 - Additional Info
2023-12-19 17:47:00,810 - Model name: bert-base-uncased
2023-12-19 17:47:00,810 - Datasets list: science
2023-12-19 17:47:00,810 - Layers frozen: 0
2023-12-19 17:47:00,810 - Learning rate: 0.0003
2023-12-19 17:47:00,810 - Class weights: [0.45, 0.55]
2023-12-19 17:47:00,810 - Model not saved, didn't meet minimum accuracy threshold
