2023-12-19 16:37:53,655 - 
Starting detection model - azcpIdxdNO
2023-12-19 16:38:03,742 - Epoch 1 average train loss: 0.6115718483924866
2023-12-19 16:38:10,198 - Epoch 2 average train loss: 0.43040409684181213
2023-12-19 16:38:16,630 - Epoch 3 average train loss: 0.149019256234169
2023-12-19 16:38:23,073 - Epoch 4 average train loss: 0.10816656798124313
2023-12-19 16:38:29,517 - Epoch 5 average train loss: 0.05519254878163338
2023-12-19 16:38:30,027 - Evaluation Results
2023-12-19 16:38:30,027 - Training time: 33.28114056587219 seconds
2023-12-19 16:38:30,027 - Inference time: 0.4299955368041992 seconds
2023-12-19 16:38:30,027 - Precision: 0.6363636363636364
2023-12-19 16:38:30,027 - Recall: 0.3181818181818182
2023-12-19 16:38:30,028 - F-score: 0.4242424242424242
2023-12-19 16:38:30,028 - Accuracy: 0.7912087912087912
2023-12-19 16:38:30,028 - G-mean: 0.5017452060042544
2023-12-19 16:38:30,028 - Additional Info
2023-12-19 16:38:30,028 - Model name: bert-base-uncased
2023-12-19 16:38:30,028 - Datasets list: science
2023-12-19 16:38:30,028 - Layers frozen: 0
2023-12-19 16:38:30,028 - Learning rate: 3e-05
2023-12-19 16:38:30,028 - Class weights: [0.45, 0.55]
2023-12-19 16:38:30,028 - Model not saved, didn't meet minimum accuracy threshold
