2023-12-16 15:24:15,261 - 
Starting detection model - 5A15eMVVs1
2023-12-16 15:24:52,463 - Epoch 1 average train loss: 0.6383932828903198
2023-12-16 15:25:25,433 - Epoch 2 average train loss: 0.6375567317008972
2023-12-16 15:25:55,219 - Epoch 3 average train loss: 0.6186692118644714
2023-12-16 15:26:25,970 - Epoch 4 average train loss: 0.5851746797561646
2023-12-16 15:26:26,422 - Evaluation Results
2023-12-16 15:26:26,422 - Training time: 127.85210418701172 seconds
2023-12-16 15:26:26,422 - Inference time: 0.3795499801635742 seconds
2023-12-16 15:26:26,422 - Precision: 0.625
2023-12-16 15:26:26,423 - Recall: 0.3409090909090909
2023-12-16 15:26:26,423 - F-score: 0.4411764705882353
2023-12-16 15:26:26,423 - Accuracy: 0.7912087912087912
2023-12-16 15:26:26,423 - G-mean: 0.5193556293430058
2023-12-16 15:26:26,423 - Additional Info
2023-12-16 15:26:26,423 - Model name: bert-base-uncased
2023-12-16 15:26:26,423 - Datasets list: science
2023-12-16 15:26:26,423 - Layers frozen: 0
2023-12-16 15:26:26,423 - Learning rate: 0.0001
2023-12-16 15:26:26,423 - Batch size: 16
2023-12-16 15:26:26,423 - Class weights: [0.45, 0.55]
2023-12-16 15:26:26,423 - Model not saved, didn't meet minimum accuracy threshold
