2023-12-16 14:59:17,507 - 
Starting detection model - dw1WzPN5ov
2023-12-16 14:59:43,868 - Epoch 1 average train loss: 0.0
2023-12-16 15:00:03,632 - Epoch 2 average train loss: 0.0
2023-12-16 15:00:23,325 - Epoch 3 average train loss: 0.0
2023-12-16 15:00:43,385 - Epoch 4 average train loss: 0.0
2023-12-16 15:00:44,102 - Evaluation Results
2023-12-16 15:00:44,102 - Training time: 83.10359954833984 seconds
2023-12-16 15:00:44,102 - Inference time: 0.6551458835601807 seconds
2023-12-16 15:00:44,102 - Precision: 0.4375
2023-12-16 15:00:44,102 - Recall: 0.4772727272727273
2023-12-16 15:00:44,103 - F-score: 0.45652173913043476
2023-12-16 15:00:44,103 - Accuracy: 0.7252747252747253
2023-12-16 15:00:44,103 - G-mean: 0.5883484054145521
2023-12-16 15:00:44,103 - Additional Info
2023-12-16 15:00:44,103 - Model name: bert-base-uncased
2023-12-16 15:00:44,103 - Datasets list: science
2023-12-16 15:00:44,103 - Layers frozen: 0
2023-12-16 15:00:44,103 - Learning rate: 3e-05
2023-12-16 15:00:44,103 - Batch size: 8
2023-12-16 15:00:44,103 - Class weights: [0.45, 0.55]
2023-12-16 15:00:44,103 - Model not saved, didn't meet minimum accuracy threshold
