2023-12-16 14:51:52,440 - 
Starting detection model - vGkHPiWGEu
2023-12-16 14:52:15,882 - Epoch 1 average train loss: 0.0
2023-12-16 14:52:35,401 - Epoch 2 average train loss: 0.0
2023-12-16 14:52:54,598 - Epoch 3 average train loss: 0.0
2023-12-16 14:53:15,756 - Epoch 4 average train loss: 0.0
2023-12-16 14:53:16,745 - Evaluation Results
2023-12-16 14:53:16,745 - Training time: 80.61624526977539 seconds
2023-12-16 14:53:16,745 - Inference time: 0.9282782077789307 seconds
2023-12-16 14:53:16,745 - Precision: 0.5
2023-12-16 14:53:16,745 - Recall: 0.5
2023-12-16 14:53:16,745 - F-score: 0.5
2023-12-16 14:53:16,745 - Accuracy: 0.7582417582417582
2023-12-16 14:53:16,745 - G-mean: 0.6157279262148819
2023-12-16 14:53:16,745 - Additional Info
2023-12-16 14:53:16,745 - Model name: bert-base-uncased
2023-12-16 14:53:16,746 - Datasets list: science
2023-12-16 14:53:16,746 - Layers frozen: 0
2023-12-16 14:53:16,746 - Learning rate: 5e-05
2023-12-16 14:53:16,746 - Batch size: 8
2023-12-16 14:53:16,746 - Class weights: [0.45, 0.55]
2023-12-16 14:53:16,746 - Model not saved, didn't meet minimum accuracy threshold
