2023-12-19 16:39:23,257 - 
Starting detection model - Q8gl1fjgwx
2023-12-19 16:39:33,004 - Epoch 1 average train loss: 0.606182873249054
2023-12-19 16:39:38,662 - Epoch 2 average train loss: 0.5234266519546509
2023-12-19 16:39:44,316 - Epoch 3 average train loss: 0.3874712586402893
2023-12-19 16:39:49,982 - Epoch 4 average train loss: 0.272123247385025
2023-12-19 16:39:55,640 - Epoch 5 average train loss: 0.19170333445072174
2023-12-19 16:39:56,146 - Evaluation Results
2023-12-19 16:39:56,146 - Training time: 29.723966121673584 seconds
2023-12-19 16:39:56,146 - Inference time: 0.4214060306549072 seconds
2023-12-19 16:39:56,146 - Precision: 0.4827586206896552
2023-12-19 16:39:56,146 - Recall: 0.3181818181818182
2023-12-19 16:39:56,146 - F-score: 0.3835616438356164
2023-12-19 16:39:56,147 - Accuracy: 0.7527472527472527
2023-12-19 16:39:56,147 - G-mean: 0.48939808899349974
2023-12-19 16:39:56,147 - Additional Info
2023-12-19 16:39:56,147 - Model name: bert-base-uncased
2023-12-19 16:39:56,147 - Datasets list: science
2023-12-19 16:39:56,147 - Layers frozen: 0
2023-12-19 16:39:56,147 - Learning rate: 1e-05
2023-12-19 16:39:56,147 - Class weights: [0.45, 0.55]
2023-12-19 16:39:56,147 - Model not saved, didn't meet minimum accuracy threshold
