2023-12-16 14:55:06,267 - 
Starting detection model - pE0cOlW3nu
2023-12-16 14:55:29,595 - Epoch 1 average train loss: 0.0
2023-12-16 14:55:46,164 - Epoch 2 average train loss: 0.0
2023-12-16 14:56:01,799 - Epoch 3 average train loss: 0.0
2023-12-16 14:56:17,128 - Epoch 4 average train loss: 0.0
2023-12-16 14:56:17,781 - Evaluation Results
2023-12-16 14:56:17,782 - Training time: 67.99246835708618 seconds
2023-12-16 14:56:17,782 - Inference time: 0.584604024887085 seconds
2023-12-16 14:56:17,782 - Precision: 0.5227272727272727
2023-12-16 14:56:17,782 - Recall: 0.5227272727272727
2023-12-16 14:56:17,782 - F-score: 0.5227272727272727
2023-12-16 14:56:17,782 - Accuracy: 0.7692307692307693
2023-12-16 14:56:17,782 - G-mean: 0.6341119002967079
2023-12-16 14:56:17,782 - Additional Info
2023-12-16 14:56:17,782 - Model name: bert-base-uncased
2023-12-16 14:56:17,782 - Datasets list: science
2023-12-16 14:56:17,782 - Layers frozen: 0
2023-12-16 14:56:17,782 - Learning rate: 3e-05
2023-12-16 14:56:17,782 - Batch size: 8
2023-12-16 14:56:17,782 - Class weights: [0.45, 0.55]
2023-12-16 14:56:17,782 - Model not saved, didn't meet minimum accuracy threshold
