2023-12-19 18:08:05,631 - 
Starting detection model - 4h9V6CTXBa
2023-12-19 18:08:45,835 - Epoch 1 average train loss: 0.6227763891220093
2023-12-19 18:09:24,627 - Epoch 2 average train loss: 0.450467586517334
2023-12-19 18:10:03,288 - Epoch 3 average train loss: 0.33644163608551025
2023-12-19 18:10:41,988 - Epoch 4 average train loss: 0.23055331408977509
2023-12-19 18:11:20,666 - Epoch 5 average train loss: 0.08021753281354904
2023-12-19 18:11:23,806 - Evaluation Results
2023-12-19 18:11:23,806 - Training time: 192.4186294078827 seconds
2023-12-19 18:11:23,806 - Inference time: 3.077094316482544 seconds
2023-12-19 18:11:23,806 - Precision: 0.574468085106383
2023-12-19 18:11:23,806 - Recall: 0.6136363636363636
2023-12-19 18:11:23,806 - F-score: 0.5934065934065934
2023-12-19 18:11:23,806 - Accuracy: 0.7967032967032966
2023-12-19 18:11:23,806 - G-mean: 0.6992039143812868
2023-12-19 18:11:23,806 - Additional Info
2023-12-19 18:11:23,806 - Model name: bert-base-uncased
2023-12-19 18:11:23,806 - Datasets list: science
2023-12-19 18:11:23,806 - Layers frozen: 0
2023-12-19 18:11:23,806 - Learning rate: 5e-05
2023-12-19 18:11:23,806 - Class weights: [0.45, 0.55]
2023-12-19 18:11:23,806 - Model not saved, didn't meet minimum accuracy threshold
