2023-12-16 14:53:27,864 - 
Starting detection model - OnsvieWyWP
2023-12-16 14:53:51,636 - Epoch 1 average train loss: 0.0
2023-12-16 14:54:13,203 - Epoch 2 average train loss: 0.0
2023-12-16 14:54:34,760 - Epoch 3 average train loss: 0.0
2023-12-16 14:54:54,717 - Epoch 4 average train loss: 0.0
2023-12-16 14:54:55,381 - Evaluation Results
2023-12-16 14:54:55,381 - Training time: 84.12575817108154 seconds
2023-12-16 14:54:55,382 - Inference time: 0.6018314361572266 seconds
2023-12-16 14:54:55,382 - Precision: 0.5294117647058824
2023-12-16 14:54:55,382 - Recall: 0.6136363636363636
2023-12-16 14:54:55,382 - F-score: 0.5684210526315789
2023-12-16 14:54:55,382 - Accuracy: 0.7747252747252747
2023-12-16 14:54:55,382 - G-mean: 0.689492277258854
2023-12-16 14:54:55,382 - Additional Info
2023-12-16 14:54:55,382 - Model name: bert-base-uncased
2023-12-16 14:54:55,382 - Datasets list: science
2023-12-16 14:54:55,382 - Layers frozen: 0
2023-12-16 14:54:55,382 - Learning rate: 5e-05
2023-12-16 14:54:55,382 - Batch size: 8
2023-12-16 14:54:55,382 - Class weights: [0.45, 0.55]
2023-12-16 14:54:55,382 - Model not saved, didn't meet minimum accuracy threshold
