2023-12-20 15:30:07,485 - 
Starting detection model - X9fsmFA7QD
2023-12-20 15:30:49,428 - Epoch 1 average train loss: 0.621239185333252
2023-12-20 15:31:42,780 - Epoch 2 average train loss: 0.535425066947937
2023-12-20 15:32:34,382 - Epoch 3 average train loss: 0.3933314383029938
2023-12-20 15:33:17,839 - Epoch 4 average train loss: 0.2509116232395172
2023-12-20 15:33:51,538 - Epoch 5 average train loss: 0.1528143286705017
2023-12-20 15:33:57,017 - Evaluation Results
2023-12-20 15:33:57,017 - Training time: 220.97233724594116 seconds
2023-12-20 15:33:57,017 - Inference time: 5.395615816116333 seconds
2023-12-20 15:33:57,017 - Precision: 0.4634146341463415
2023-12-20 15:33:57,017 - Recall: 0.4318181818181818
2023-12-20 15:33:57,017 - F-score: 0.4470588235294118
2023-12-20 15:33:57,017 - Accuracy: 0.7417582417582418
2023-12-20 15:33:57,017 - G-mean: 0.5659546760162825
2023-12-20 15:33:57,017 - Additional Info
2023-12-20 15:33:57,017 - Model name: bert-base-uncased
2023-12-20 15:33:57,017 - Datasets list: science
2023-12-20 15:33:57,017 - Layers frozen: 0
2023-12-20 15:33:57,018 - Learning rate: 1e-05
2023-12-20 15:33:57,018 - Class weights: [0.45, 0.55]
2023-12-20 15:33:57,018 - Model not saved, didn't meet minimum accuracy threshold
