2023-12-19 16:42:56,760 - 
Starting detection model - 32LvQCOE8V
2023-12-19 16:43:06,141 - Epoch 1 average train loss: 0.6729956269264221
2023-12-19 16:43:11,780 - Epoch 2 average train loss: 0.6443814039230347
2023-12-19 16:43:17,419 - Epoch 3 average train loss: 0.6438166499137878
2023-12-19 16:43:23,063 - Epoch 4 average train loss: 0.6391594409942627
2023-12-19 16:43:28,705 - Epoch 5 average train loss: 0.6428929567337036
2023-12-19 16:43:29,186 - Evaluation Results
2023-12-19 16:43:29,186 - Training time: 29.274059295654297 seconds
2023-12-19 16:43:29,187 - Inference time: 0.40936994552612305 seconds
2023-12-19 16:43:29,187 - Precision: 0.0
2023-12-19 16:43:29,187 - Recall: 0.0
2023-12-19 16:43:29,187 - F-score: 0.0
2023-12-19 16:43:29,187 - Accuracy: 0.7582417582417582
2023-12-19 16:43:29,187 - G-mean: 0.0
2023-12-19 16:43:29,187 - Additional Info
2023-12-19 16:43:29,187 - Model name: bert-base-uncased
2023-12-19 16:43:29,187 - Datasets list: science
2023-12-19 16:43:29,187 - Layers frozen: 0
2023-12-19 16:43:29,187 - Learning rate: 0.0003
2023-12-19 16:43:29,187 - Class weights: [0.45, 0.55]
2023-12-19 16:43:29,187 - Model not saved, didn't meet minimum accuracy threshold
