2023-12-16 19:07:06,051 - 
Starting detection model - g5thosfpHI
2023-12-16 19:08:57,234 - Epoch 1 average train loss: 0.6364177465438843
2023-12-16 19:10:46,990 - Epoch 2 average train loss: 0.5432451367378235
2023-12-16 19:12:36,576 - Epoch 3 average train loss: 0.404836505651474
2023-12-16 19:14:25,961 - Epoch 4 average train loss: 0.14673328399658203
2023-12-16 19:14:32,464 - Evaluation Results
2023-12-16 19:14:32,465 - Training time: 437.10239005088806 seconds
2023-12-16 19:14:32,465 - Inference time: 6.4374024868011475 seconds
2023-12-16 19:14:32,465 - Precision: 0.45
2023-12-16 19:14:32,465 - Recall: 0.4090909090909091
2023-12-16 19:14:32,465 - F-score: 0.4285714285714286
2023-12-16 19:14:32,465 - Accuracy: 0.7362637362637363
2023-12-16 19:14:32,465 - G-mean: 0.548815817190796
2023-12-16 19:14:32,465 - Additional Info
2023-12-16 19:14:32,465 - Model name: bert-base-uncased
2023-12-16 19:14:32,465 - Datasets list: science
2023-12-16 19:14:32,465 - Layers frozen: 0
2023-12-16 19:14:32,465 - Learning rate: 0.0001
2023-12-16 19:14:32,465 - Batch size: 64
2023-12-16 19:14:32,465 - Class weights: [0.45, 0.55]
2023-12-16 19:14:32,465 - Model not saved, didn't meet minimum accuracy threshold
