2023-12-19 16:52:53,024 - 
Starting detection model - iJCzC446fy
2023-12-19 16:53:02,308 - Epoch 1 average train loss: 0.6289896965026855
2023-12-19 16:53:07,945 - Epoch 2 average train loss: 0.47226831316947937
2023-12-19 16:53:13,584 - Epoch 3 average train loss: 0.2028547078371048
2023-12-19 16:53:19,228 - Epoch 4 average train loss: 0.14523716270923615
2023-12-19 16:53:24,879 - Epoch 5 average train loss: 0.05137626826763153
2023-12-19 16:53:25,366 - Evaluation Results
2023-12-19 16:53:25,366 - Training time: 29.276826858520508 seconds
2023-12-19 16:53:25,366 - Inference time: 0.41498613357543945 seconds
2023-12-19 16:53:25,366 - Precision: 0.4666666666666667
2023-12-19 16:53:25,366 - Recall: 0.6363636363636364
2023-12-19 16:53:25,366 - F-score: 0.5384615384615385
2023-12-19 16:53:25,366 - Accuracy: 0.7362637362637363
2023-12-19 16:53:25,366 - G-mean: 0.684493585456773
2023-12-19 16:53:25,366 - Additional Info
2023-12-19 16:53:25,366 - Model name: bert-base-uncased
2023-12-19 16:53:25,366 - Datasets list: science
2023-12-19 16:53:25,366 - Layers frozen: 0
2023-12-19 16:53:25,366 - Learning rate: 3e-05
2023-12-19 16:53:25,367 - Class weights: [0.45, 0.55]
2023-12-19 16:53:25,367 - Model not saved, didn't meet minimum accuracy threshold
