2023-12-19 16:32:27,640 - 
Starting detection model - kg6G1pyAW2
2023-12-19 16:32:37,829 - Epoch 1 average train loss: 0.6342962980270386
2023-12-19 16:32:44,261 - Epoch 2 average train loss: 0.5305458903312683
2023-12-19 16:32:50,705 - Epoch 3 average train loss: 0.36505693197250366
2023-12-19 16:32:57,136 - Epoch 4 average train loss: 0.20473356544971466
2023-12-19 16:33:03,583 - Epoch 5 average train loss: 0.18195487558841705
2023-12-19 16:33:04,091 - Evaluation Results
2023-12-19 16:33:04,091 - Training time: 33.35226368904114 seconds
2023-12-19 16:33:04,092 - Inference time: 0.4299018383026123 seconds
2023-12-19 16:33:04,092 - Precision: 0.5121951219512195
2023-12-19 16:33:04,092 - Recall: 0.4772727272727273
2023-12-19 16:33:04,092 - F-score: 0.49411764705882355
2023-12-19 16:33:04,092 - Accuracy: 0.7637362637362637
2023-12-19 16:33:04,092 - G-mean: 0.6037470409952247
2023-12-19 16:33:04,092 - Additional Info
2023-12-19 16:33:04,092 - Model name: bert-base-uncased
2023-12-19 16:33:04,092 - Datasets list: science
2023-12-19 16:33:04,092 - Layers frozen: 0
2023-12-19 16:33:04,092 - Learning rate: 5e-05
2023-12-19 16:33:04,092 - Class weights: [0.45, 0.55]
2023-12-19 16:33:04,092 - Model not saved, didn't meet minimum accuracy threshold
