2023-12-16 17:37:33,318 - 
Starting detection model - VvR7tt4WuD
2023-12-16 17:38:50,212 - Epoch 1 average train loss: 0.6175475716590881
2023-12-16 17:40:02,333 - Epoch 2 average train loss: 0.4198874533176422
2023-12-16 17:41:20,339 - Epoch 3 average train loss: 0.17608711123466492
2023-12-16 17:44:10,099 - Epoch 4 average train loss: 0.1583179533481598
2023-12-16 17:44:40,031 - Evaluation Results
2023-12-16 17:44:40,031 - Training time: 393.82049226760864 seconds
2023-12-16 17:44:40,031 - Inference time: 29.864217519760132 seconds
2023-12-16 17:44:40,031 - Precision: 0.4909090909090909
2023-12-16 17:44:40,031 - Recall: 0.6136363636363636
2023-12-16 17:44:40,031 - F-score: 0.5454545454545455
2023-12-16 17:44:40,031 - Accuracy: 0.7527472527472527
2023-12-16 17:44:40,031 - G-mean: 0.6796418813706869
2023-12-16 17:44:40,031 - Additional Info
2023-12-16 17:44:40,031 - Model name: bert-base-uncased
2023-12-16 17:44:40,032 - Datasets list: science
2023-12-16 17:44:40,032 - Layers frozen: 0
2023-12-16 17:44:40,032 - Learning rate: 5e-05
2023-12-16 17:44:40,032 - Batch size: 32
2023-12-16 17:44:40,032 - Class weights: [0.45, 0.55]
2023-12-16 17:44:40,032 - Model not saved, didn't meet minimum accuracy threshold
