2023-12-18 18:18:27,903 - 
Starting detection model - vZlC82TCde
2023-12-18 18:18:39,054 - Epoch 1 average train loss: 0.6414716839790344
2023-12-18 18:18:45,469 - Epoch 2 average train loss: 0.5722966194152832
2023-12-18 18:18:51,911 - Epoch 3 average train loss: 0.44302013516426086
2023-12-18 18:18:58,345 - Epoch 4 average train loss: 0.2824534773826599
2023-12-18 18:19:04,797 - Epoch 5 average train loss: 0.1728442758321762
2023-12-18 18:19:11,465 - Epoch 6 average train loss: 0.17842896282672882
2023-12-18 18:19:12,018 - Evaluation Results
2023-12-18 18:19:12,019 - Training time: 40.52084231376648 seconds
2023-12-18 18:19:12,019 - Inference time: 0.4705619812011719 seconds
2023-12-18 18:19:12,019 - Precision: 0.5
2023-12-18 18:19:12,019 - Recall: 0.2727272727272727
2023-12-18 18:19:12,019 - F-score: 0.3529411764705882
2023-12-18 18:19:12,019 - Accuracy: 0.7582417582417582
2023-12-18 18:19:12,019 - G-mean: 0.4547452108524143
2023-12-18 18:19:12,019 - Additional Info
2023-12-18 18:19:12,019 - Model name: bert-base-uncased
2023-12-18 18:19:12,019 - Datasets list: science
2023-12-18 18:19:12,019 - Layers frozen: 0
2023-12-18 18:19:12,019 - Learning rate: 1e-05
2023-12-18 18:19:12,019 - Class weights: [0.45, 0.55]
2023-12-18 18:19:12,019 - Model not saved, didn't meet minimum accuracy threshold
