2023-12-20 15:26:48,074 - 
Starting detection model - viWpLtmdf7
2023-12-20 15:27:39,761 - Epoch 1 average train loss: 0.6341392397880554
2023-12-20 15:28:24,748 - Epoch 2 average train loss: 0.5419335961341858
2023-12-20 15:29:08,322 - Epoch 3 average train loss: 0.38987162709236145
2023-12-20 15:29:50,312 - Epoch 4 average train loss: 0.22107896208763123
2023-12-20 15:29:56,027 - Evaluation Results
2023-12-20 15:29:56,027 - Training time: 179.2287404537201 seconds
2023-12-20 15:29:56,027 - Inference time: 5.628147840499878 seconds
2023-12-20 15:29:56,027 - Precision: 0.6
2023-12-20 15:29:56,027 - Recall: 0.4090909090909091
2023-12-20 15:29:56,027 - F-score: 0.4864864864864865
2023-12-20 15:29:56,027 - Accuracy: 0.7912087912087912
2023-12-20 15:29:56,027 - G-mean: 0.5689255871169125
2023-12-20 15:29:56,027 - Additional Info
2023-12-20 15:29:56,027 - Model name: bert-base-uncased
2023-12-20 15:29:56,027 - Datasets list: science
2023-12-20 15:29:56,027 - Layers frozen: 0
2023-12-20 15:29:56,027 - Learning rate: 1e-05
2023-12-20 15:29:56,027 - Class weights: [0.45, 0.55]
2023-12-20 15:29:56,028 - Model not saved, didn't meet minimum accuracy threshold
