2023-12-16 19:22:22,099 - 
Starting detection model - oeRal9qpNH
2023-12-16 19:24:12,418 - Epoch 1 average train loss: 0.6226723194122314
2023-12-16 19:26:00,566 - Epoch 2 average train loss: 0.4438866972923279
2023-12-16 19:27:48,887 - Epoch 3 average train loss: 0.20603708922863007
2023-12-16 19:29:37,156 - Epoch 4 average train loss: 0.0638788491487503
2023-12-16 19:29:47,437 - Evaluation Results
2023-12-16 19:29:47,437 - Training time: 432.1467640399933 seconds
2023-12-16 19:29:47,437 - Inference time: 10.214936256408691 seconds
2023-12-16 19:29:47,438 - Precision: 0.5094339622641509
2023-12-16 19:29:47,438 - Recall: 0.6136363636363636
2023-12-16 19:29:47,438 - F-score: 0.556701030927835
2023-12-16 19:29:47,438 - Accuracy: 0.7637362637362637
2023-12-16 19:29:47,438 - G-mean: 0.6845847965419212
2023-12-16 19:29:47,438 - Additional Info
2023-12-16 19:29:47,438 - Model name: bert-base-uncased
2023-12-16 19:29:47,438 - Datasets list: science
2023-12-16 19:29:47,438 - Layers frozen: 0
2023-12-16 19:29:47,438 - Learning rate: 0.0001
2023-12-16 19:29:47,438 - Batch size: 64
2023-12-16 19:29:47,438 - Class weights: [0.45, 0.55]
2023-12-16 19:29:47,438 - Model not saved, didn't meet minimum accuracy threshold
