2023-12-19 16:57:02,033 - 
Starting detection model - FqZSjDTMc3
2023-12-19 16:57:10,151 - Epoch 1 average train loss: 0.6486226916313171
2023-12-19 16:57:14,579 - Epoch 2 average train loss: 0.6199175715446472
2023-12-19 16:57:19,020 - Epoch 3 average train loss: 0.5734401345252991
2023-12-19 16:57:23,464 - Epoch 4 average train loss: 0.4831751883029938
2023-12-19 16:57:27,911 - Epoch 5 average train loss: 0.3901316523551941
2023-12-19 16:57:28,353 - Evaluation Results
2023-12-19 16:57:28,354 - Training time: 23.258172273635864 seconds
2023-12-19 16:57:28,354 - Inference time: 0.377666711807251 seconds
2023-12-19 16:57:28,354 - Precision: 0.6
2023-12-19 16:57:28,354 - Recall: 0.4090909090909091
2023-12-19 16:57:28,354 - F-score: 0.4864864864864865
2023-12-19 16:57:28,354 - Accuracy: 0.7912087912087912
2023-12-19 16:57:28,354 - G-mean: 0.5689255871169125
2023-12-19 16:57:28,354 - Additional Info
2023-12-19 16:57:28,354 - Model name: bert-base-uncased
2023-12-19 16:57:28,354 - Datasets list: science
2023-12-19 16:57:28,354 - Layers frozen: 0
2023-12-19 16:57:28,354 - Learning rate: 1e-05
2023-12-19 16:57:28,354 - Class weights: [0.45, 0.55]
2023-12-19 16:57:28,354 - Model not saved, didn't meet minimum accuracy threshold
