2023-12-19 16:20:02,602 - 
Starting detection model - MIN84WZEKJ
2023-12-19 16:20:12,883 - Epoch 1 average train loss: 0.6231566667556763
2023-12-19 16:20:19,320 - Epoch 2 average train loss: 0.5079219341278076
2023-12-19 16:20:25,721 - Epoch 3 average train loss: 0.32752683758735657
2023-12-19 16:20:32,135 - Epoch 4 average train loss: 0.18910545110702515
2023-12-19 16:20:38,552 - Epoch 5 average train loss: 0.13111452758312225
2023-12-19 16:20:39,060 - Evaluation Results
2023-12-19 16:20:39,060 - Training time: 33.27477979660034 seconds
2023-12-19 16:20:39,060 - Inference time: 0.42833852767944336 seconds
2023-12-19 16:20:39,060 - Precision: 0.4642857142857143
2023-12-19 16:20:39,060 - Recall: 0.5909090909090909
2023-12-19 16:20:39,060 - F-score: 0.52
2023-12-19 16:20:39,060 - Accuracy: 0.7362637362637363
2023-12-19 16:20:39,060 - G-mean: 0.659594523222362
2023-12-19 16:20:39,060 - Additional Info
2023-12-19 16:20:39,060 - Model name: bert-base-uncased
2023-12-19 16:20:39,060 - Datasets list: science
2023-12-19 16:20:39,060 - Layers frozen: 0
2023-12-19 16:20:39,060 - Learning rate: 1e-05
2023-12-19 16:20:39,060 - Class weights: [0.45, 0.55]
2023-12-19 16:20:39,061 - Model not saved, didn't meet minimum accuracy threshold
