2023-12-19 17:06:45,682 - 
Starting detection model - UCjHtNiZ2h
2023-12-19 17:06:53,773 - Epoch 1 average train loss: 0.6477125287055969
2023-12-19 17:06:58,191 - Epoch 2 average train loss: 0.5287162661552429
2023-12-19 17:07:02,636 - Epoch 3 average train loss: 0.3008567988872528
2023-12-19 17:07:07,073 - Epoch 4 average train loss: 0.15281832218170166
2023-12-19 17:07:11,520 - Epoch 5 average train loss: 0.05922076851129532
2023-12-19 17:07:11,956 - Evaluation Results
2023-12-19 17:07:11,956 - Training time: 23.217700481414795 seconds
2023-12-19 17:07:11,956 - Inference time: 0.37403082847595215 seconds
2023-12-19 17:07:11,956 - Precision: 0.3669724770642202
2023-12-19 17:07:11,956 - Recall: 0.9090909090909091
2023-12-19 17:07:11,956 - F-score: 0.5228758169934641
2023-12-19 17:07:11,956 - Accuracy: 0.5989010989010989
2023-12-19 17:07:11,956 - G-mean: 0.7378723090450979
2023-12-19 17:07:11,957 - Additional Info
2023-12-19 17:07:11,957 - Model name: bert-base-uncased
2023-12-19 17:07:11,957 - Datasets list: science
2023-12-19 17:07:11,957 - Layers frozen: 0
2023-12-19 17:07:11,957 - Learning rate: 5e-05
2023-12-19 17:07:11,957 - Class weights: [0.45, 0.55]
2023-12-19 17:07:11,957 - Model not saved, didn't meet minimum accuracy threshold
