2023-12-21 16:22:47,708 - 
Starting detection model - 4V3FKqHgfr
2023-12-21 16:22:56,767 - Epoch 1 average train loss: 0.0
2023-12-21 16:23:03,807 - Epoch 2 average train loss: 0.0
2023-12-21 16:23:10,835 - Epoch 3 average train loss: 0.0
2023-12-21 16:23:11,648 - Evaluation Results
2023-12-21 16:23:11,649 - Training time: 21.58931565284729 seconds
2023-12-21 16:23:11,649 - Inference time: 0.6476447582244873 seconds
2023-12-21 16:23:11,649 - Precision: 0.5087719298245614
2023-12-21 16:23:11,650 - Recall: 0.6590909090909091
2023-12-21 16:23:11,650 - F-score: 0.5742574257425743
2023-12-21 16:23:11,650 - Accuracy: 0.7637362637362637
2023-12-21 16:23:11,650 - G-mean: 0.7094868768142426
2023-12-21 16:23:11,650 - Additional Info
2023-12-21 16:23:11,650 - Model name: albert-base-v2
2023-12-21 16:23:11,650 - Datasets list: science
2023-12-21 16:23:11,650 - Dataset size: 907
2023-12-21 16:23:11,650 - Layers frozen: 0
2023-12-21 16:23:11,650 - Learning rate: 1e-05
2023-12-21 16:23:11,651 - Class weights: Auto weights - [0.278941565600882, 0.721058434399118]
2023-12-21 16:23:11,651 - Model saved to: ./models/bert_model_4V3FKqHgfr.pt
