2023-12-19 17:05:32,980 - 
Starting detection model - 1yTGeomw3J
2023-12-19 17:05:41,060 - Epoch 1 average train loss: 0.6257693767547607
2023-12-19 17:05:45,486 - Epoch 2 average train loss: 0.522829532623291
2023-12-19 17:05:49,917 - Epoch 3 average train loss: 0.3448750972747803
2023-12-19 17:05:54,359 - Epoch 4 average train loss: 0.2191791981458664
2023-12-19 17:05:58,800 - Epoch 5 average train loss: 0.09310717135667801
2023-12-19 17:05:59,239 - Evaluation Results
2023-12-19 17:05:59,239 - Training time: 23.214069604873657 seconds
2023-12-19 17:05:59,240 - Inference time: 0.3760197162628174 seconds
2023-12-19 17:05:59,240 - Precision: 0.4603174603174603
2023-12-19 17:05:59,240 - Recall: 0.6590909090909091
2023-12-19 17:05:59,240 - F-score: 0.5420560747663551
2023-12-19 17:05:59,240 - Accuracy: 0.7307692307692307
2023-12-19 17:05:59,240 - G-mean: 0.69400530015509
2023-12-19 17:05:59,240 - Additional Info
2023-12-19 17:05:59,240 - Model name: bert-base-uncased
2023-12-19 17:05:59,240 - Datasets list: science
2023-12-19 17:05:59,240 - Layers frozen: 0
2023-12-19 17:05:59,240 - Learning rate: 5e-05
2023-12-19 17:05:59,240 - Class weights: [0.45, 0.55]
2023-12-19 17:05:59,240 - Model not saved, didn't meet minimum accuracy threshold
