2023-12-18 18:30:43,924 - 
Starting detection model - fX7i6RUntn
2023-12-18 18:30:53,066 - Epoch 1 average train loss: 0.6424621939659119
2023-12-18 18:30:57,943 - Epoch 2 average train loss: 0.5577484965324402
2023-12-18 18:31:02,807 - Epoch 3 average train loss: 0.4360140562057495
2023-12-18 18:31:07,685 - Epoch 4 average train loss: 0.2588610351085663
2023-12-18 18:31:12,601 - Epoch 5 average train loss: 0.1435735523700714
2023-12-18 18:31:17,536 - Epoch 6 average train loss: 0.07261408865451813
2023-12-18 18:31:18,030 - Evaluation Results
2023-12-18 18:31:18,030 - Training time: 30.731873512268066 seconds
2023-12-18 18:31:18,030 - Inference time: 0.42008328437805176 seconds
2023-12-18 18:31:18,030 - Precision: 0.46511627906976744
2023-12-18 18:31:18,030 - Recall: 0.45454545454545453
2023-12-18 18:31:18,030 - F-score: 0.45977011494252873
2023-12-18 18:31:18,030 - Accuracy: 0.7417582417582418
2023-12-18 18:31:18,030 - G-mean: 0.5806572458540729
2023-12-18 18:31:18,030 - Additional Info
2023-12-18 18:31:18,030 - Model name: bert-base-uncased
2023-12-18 18:31:18,030 - Datasets list: science
2023-12-18 18:31:18,031 - Layers frozen: 0
2023-12-18 18:31:18,031 - Learning rate: 3e-05
2023-12-18 18:31:18,031 - Class weights: [0.45, 0.55]
2023-12-18 18:31:18,031 - Model not saved, didn't meet minimum accuracy threshold
