2023-12-19 16:43:39,297 - 
Starting detection model - k0vCnwX1Ko
2023-12-19 16:43:48,632 - Epoch 1 average train loss: 0.6614547967910767
2023-12-19 16:43:54,263 - Epoch 2 average train loss: 0.6420676112174988
2023-12-19 16:43:59,897 - Epoch 3 average train loss: 0.6433125138282776
2023-12-19 16:44:05,538 - Epoch 4 average train loss: 0.6385989785194397
2023-12-19 16:44:11,186 - Epoch 5 average train loss: 0.6403651237487793
2023-12-19 16:44:11,666 - Evaluation Results
2023-12-19 16:44:11,666 - Training time: 29.253387689590454 seconds
2023-12-19 16:44:11,666 - Inference time: 0.40662646293640137 seconds
2023-12-19 16:44:11,666 - Precision: 0.0
2023-12-19 16:44:11,667 - Recall: 0.0
2023-12-19 16:44:11,667 - F-score: 0.0
2023-12-19 16:44:11,667 - Accuracy: 0.7582417582417582
2023-12-19 16:44:11,667 - G-mean: 0.0
2023-12-19 16:44:11,667 - Additional Info
2023-12-19 16:44:11,667 - Model name: bert-base-uncased
2023-12-19 16:44:11,667 - Datasets list: science
2023-12-19 16:44:11,667 - Layers frozen: 0
2023-12-19 16:44:11,667 - Learning rate: 0.0003
2023-12-19 16:44:11,667 - Class weights: [0.45, 0.55]
2023-12-19 16:44:11,667 - Model not saved, didn't meet minimum accuracy threshold
