2023-12-19 16:34:46,779 - 
Starting detection model - sgK1wDtQrh
2023-12-19 16:34:56,938 - Epoch 1 average train loss: 0.6192167401313782
2023-12-19 16:35:03,430 - Epoch 2 average train loss: 0.47902432084083557
2023-12-19 16:35:09,900 - Epoch 3 average train loss: 0.3512391448020935
2023-12-19 16:35:16,344 - Epoch 4 average train loss: 0.23668508231639862
2023-12-19 16:35:22,793 - Epoch 5 average train loss: 0.140292689204216
2023-12-19 16:35:23,305 - Evaluation Results
2023-12-19 16:35:23,305 - Training time: 33.37641906738281 seconds
2023-12-19 16:35:23,306 - Inference time: 0.43398404121398926 seconds
2023-12-19 16:35:23,306 - Precision: 0.5675675675675675
2023-12-19 16:35:23,306 - Recall: 0.4772727272727273
2023-12-19 16:35:23,306 - F-score: 0.5185185185185185
2023-12-19 16:35:23,306 - Accuracy: 0.7857142857142857
2023-12-19 16:35:23,306 - G-mean: 0.6123724356957945
2023-12-19 16:35:23,306 - Additional Info
2023-12-19 16:35:23,306 - Model name: bert-base-uncased
2023-12-19 16:35:23,306 - Datasets list: science
2023-12-19 16:35:23,306 - Layers frozen: 0
2023-12-19 16:35:23,306 - Learning rate: 3e-05
2023-12-19 16:35:23,306 - Class weights: [0.45, 0.55]
2023-12-19 16:35:23,306 - Model not saved, didn't meet minimum accuracy threshold
