2023-12-19 17:47:11,036 - 
Starting detection model - xbyXYLrJBr
2023-12-19 17:47:50,474 - Epoch 1 average train loss: 0.6309361457824707
2023-12-19 17:48:27,959 - Epoch 2 average train loss: 0.4511968493461609
2023-12-19 17:49:05,397 - Epoch 3 average train loss: 0.2058289349079132
2023-12-19 17:49:42,814 - Epoch 4 average train loss: 0.2037425935268402
2023-12-19 17:50:20,233 - Epoch 5 average train loss: 0.05077157914638519
2023-12-19 17:50:23,336 - Evaluation Results
2023-12-19 17:50:23,336 - Training time: 186.34332609176636 seconds
2023-12-19 17:50:23,337 - Inference time: 3.0414412021636963 seconds
2023-12-19 17:50:23,337 - Precision: 0.56
2023-12-19 17:50:23,337 - Recall: 0.3181818181818182
2023-12-19 17:50:23,337 - F-score: 0.4057971014492754
2023-12-19 17:50:23,337 - Accuracy: 0.7747252747252747
2023-12-19 17:50:23,337 - G-mean: 0.49649118471881903
2023-12-19 17:50:23,337 - Additional Info
2023-12-19 17:50:23,337 - Model name: bert-base-uncased
2023-12-19 17:50:23,337 - Datasets list: science
2023-12-19 17:50:23,337 - Layers frozen: 0
2023-12-19 17:50:23,337 - Learning rate: 0.0001
2023-12-19 17:50:23,337 - Class weights: [0.45, 0.55]
2023-12-19 17:50:23,337 - Model not saved, didn't meet minimum accuracy threshold
