2023-12-18 18:21:18,242 - 
Starting detection model - I7RcAy1FFc
2023-12-18 18:21:29,779 - Epoch 1 average train loss: 0.6266334652900696
2023-12-18 18:21:36,940 - Epoch 2 average train loss: 0.45371606945991516
2023-12-18 18:21:44,051 - Epoch 3 average train loss: 0.22389988601207733
2023-12-18 18:21:51,348 - Epoch 4 average train loss: 0.1490148901939392
2023-12-18 18:21:58,469 - Epoch 5 average train loss: 0.0839947760105133
2023-12-18 18:22:05,584 - Epoch 6 average train loss: 0.03227415680885315
2023-12-18 18:22:06,142 - Evaluation Results
2023-12-18 18:22:06,142 - Training time: 44.37793970108032 seconds
2023-12-18 18:22:06,142 - Inference time: 0.47973060607910156 seconds
2023-12-18 18:22:06,142 - Precision: 0.4782608695652174
2023-12-18 18:22:06,142 - Recall: 0.5
2023-12-18 18:22:06,142 - F-score: 0.4888888888888889
2023-12-18 18:22:06,142 - Accuracy: 0.7472527472527473
2023-12-18 18:22:06,142 - G-mean: 0.6112498455021266
2023-12-18 18:22:06,142 - Additional Info
2023-12-18 18:22:06,142 - Model name: bert-base-uncased
2023-12-18 18:22:06,142 - Datasets list: science
2023-12-18 18:22:06,142 - Layers frozen: 0
2023-12-18 18:22:06,142 - Learning rate: 5e-05
2023-12-18 18:22:06,142 - Class weights: [0.45, 0.55]
2023-12-18 18:22:06,142 - Model not saved, didn't meet minimum accuracy threshold
