2023-12-16 17:50:53,934 - 
Starting detection model - hZTHCPUWih
2023-12-16 17:52:07,758 - Epoch 1 average train loss: 0.6381459832191467
2023-12-16 17:53:20,414 - Epoch 2 average train loss: 0.5795262455940247
2023-12-16 17:54:34,980 - Epoch 3 average train loss: 0.42200636863708496
2023-12-16 17:55:49,332 - Epoch 4 average train loss: 0.22617200016975403
2023-12-16 17:55:57,410 - Evaluation Results
2023-12-16 17:55:57,410 - Training time: 292.6175756454468 seconds
2023-12-16 17:55:57,410 - Inference time: 8.010093450546265 seconds
2023-12-16 17:55:57,410 - Precision: 0.5641025641025641
2023-12-16 17:55:57,410 - Recall: 0.5
2023-12-16 17:55:57,410 - F-score: 0.5301204819277109
2023-12-16 17:55:57,410 - Accuracy: 0.7857142857142857
2023-12-16 17:55:57,411 - G-mean: 0.6267831705280087
2023-12-16 17:55:57,411 - Additional Info
2023-12-16 17:55:57,411 - Model name: bert-base-uncased
2023-12-16 17:55:57,411 - Datasets list: science
2023-12-16 17:55:57,411 - Layers frozen: 0
2023-12-16 17:55:57,411 - Learning rate: 3e-05
2023-12-16 17:55:57,411 - Batch size: 32
2023-12-16 17:55:57,411 - Class weights: [0.45, 0.55]
2023-12-16 17:55:57,411 - Model not saved, didn't meet minimum accuracy threshold
