2023-12-19 17:11:36,934 - 
Starting detection model - VMlMJRE2e9
2023-12-19 17:12:18,757 - Epoch 1 average train loss: 0.6520060896873474
2023-12-19 17:13:00,872 - Epoch 2 average train loss: 0.5936132669448853
2023-12-19 17:13:42,515 - Epoch 3 average train loss: 0.5386675596237183
2023-12-19 17:14:24,134 - Epoch 4 average train loss: 0.46405643224716187
2023-12-19 17:15:05,764 - Epoch 5 average train loss: 0.4107942283153534
2023-12-19 17:15:09,358 - Evaluation Results
2023-12-19 17:15:09,358 - Training time: 206.24133777618408 seconds
2023-12-19 17:15:09,358 - Inference time: 3.1764276027679443 seconds
2023-12-19 17:15:09,358 - Precision: 0.7647058823529411
2023-12-19 17:15:09,358 - Recall: 0.29545454545454547
2023-12-19 17:15:09,358 - F-score: 0.42622950819672134
2023-12-19 17:15:09,358 - Accuracy: 0.8076923076923077
2023-12-19 17:15:09,358 - G-mean: 0.48850421045919723
2023-12-19 17:15:09,358 - Additional Info
2023-12-19 17:15:09,358 - Model name: bert-base-uncased
2023-12-19 17:15:09,359 - Datasets list: science
2023-12-19 17:15:09,359 - Layers frozen: 0
2023-12-19 17:15:09,359 - Learning rate: 1e-05
2023-12-19 17:15:09,359 - Class weights: [0.45, 0.55]
2023-12-19 17:15:09,359 - Model saved to: ./models\bert_model_VMlMJRE2e9.pt
