2023-12-19 16:37:07,021 - 
Starting detection model - 8LYkfaa8Na
2023-12-19 16:37:17,355 - Epoch 1 average train loss: 0.620148241519928
2023-12-19 16:37:23,807 - Epoch 2 average train loss: 0.4780852794647217
2023-12-19 16:37:30,224 - Epoch 3 average train loss: 0.22448328137397766
2023-12-19 16:37:36,652 - Epoch 4 average train loss: 0.21205653250217438
2023-12-19 16:37:43,092 - Epoch 5 average train loss: 0.07287804037332535
2023-12-19 16:37:43,598 - Evaluation Results
2023-12-19 16:37:43,598 - Training time: 33.45318007469177 seconds
2023-12-19 16:37:43,598 - Inference time: 0.42786312103271484 seconds
2023-12-19 16:37:43,598 - Precision: 0.5384615384615384
2023-12-19 16:37:43,598 - Recall: 0.4772727272727273
2023-12-19 16:37:43,598 - F-score: 0.5060240963855421
2023-12-19 16:37:43,598 - Accuracy: 0.7747252747252747
2023-12-19 16:37:43,598 - G-mean: 0.6080750321755077
2023-12-19 16:37:43,598 - Additional Info
2023-12-19 16:37:43,598 - Model name: bert-base-uncased
2023-12-19 16:37:43,598 - Datasets list: science
2023-12-19 16:37:43,598 - Layers frozen: 0
2023-12-19 16:37:43,598 - Learning rate: 3e-05
2023-12-19 16:37:43,599 - Class weights: [0.45, 0.55]
2023-12-19 16:37:43,599 - Model not saved, didn't meet minimum accuracy threshold
