2023-12-19 16:56:25,566 - 
Starting detection model - GSz6vt15wH
2023-12-19 16:56:33,766 - Epoch 1 average train loss: 0.630672812461853
2023-12-19 16:56:38,196 - Epoch 2 average train loss: 0.6015132069587708
2023-12-19 16:56:42,633 - Epoch 3 average train loss: 0.5816977620124817
2023-12-19 16:56:47,070 - Epoch 4 average train loss: 0.5102542638778687
2023-12-19 16:56:51,523 - Epoch 5 average train loss: 0.4394245743751526
2023-12-19 16:56:51,963 - Evaluation Results
2023-12-19 16:56:51,964 - Training time: 23.337583780288696 seconds
2023-12-19 16:56:51,964 - Inference time: 0.3739354610443115 seconds
2023-12-19 16:56:51,964 - Precision: 0.34615384615384615
2023-12-19 16:56:51,964 - Recall: 0.4090909090909091
2023-12-19 16:56:51,964 - F-score: 0.37500000000000006
2023-12-19 16:56:51,964 - Accuracy: 0.6703296703296703
2023-12-19 16:56:51,964 - G-mean: 0.5236657084684601
2023-12-19 16:56:51,964 - Additional Info
2023-12-19 16:56:51,964 - Model name: bert-base-uncased
2023-12-19 16:56:51,964 - Datasets list: science
2023-12-19 16:56:51,964 - Layers frozen: 0
2023-12-19 16:56:51,964 - Learning rate: 1e-05
2023-12-19 16:56:51,964 - Class weights: [0.45, 0.55]
2023-12-19 16:56:51,964 - Model not saved, didn't meet minimum accuracy threshold
