2023-12-19 18:21:51,355 - 
Starting detection model - 2CuHQC5dY7
2023-12-19 18:22:31,175 - Epoch 1 average train loss: 0.6487157344818115
2023-12-19 18:23:09,024 - Epoch 2 average train loss: 0.5755942463874817
2023-12-19 18:23:46,897 - Epoch 3 average train loss: 0.4671783149242401
2023-12-19 18:24:24,820 - Epoch 4 average train loss: 0.3329627513885498
2023-12-19 18:25:02,674 - Epoch 5 average train loss: 0.2895788550376892
2023-12-19 18:25:05,784 - Evaluation Results
2023-12-19 18:25:05,784 - Training time: 188.67205715179443 seconds
2023-12-19 18:25:05,784 - Inference time: 3.045100212097168 seconds
2023-12-19 18:25:05,784 - Precision: 0.6875
2023-12-19 18:25:05,784 - Recall: 0.25
2023-12-19 18:25:05,784 - F-score: 0.36666666666666664
2023-12-19 18:25:05,784 - Accuracy: 0.7912087912087912
2023-12-19 18:25:05,784 - G-mean: 0.4447495899966607
2023-12-19 18:25:05,784 - Additional Info
2023-12-19 18:25:05,784 - Model name: bert-base-uncased
2023-12-19 18:25:05,784 - Datasets list: science
2023-12-19 18:25:05,784 - Layers frozen: 0
2023-12-19 18:25:05,784 - Learning rate: 3e-05
2023-12-19 18:25:05,784 - Class weights: [0.45, 0.55]
2023-12-19 18:25:05,784 - Model not saved, didn't meet minimum accuracy threshold
