2023-12-19 18:04:36,470 - 
Starting detection model - X2leWDvBeg
2023-12-19 18:05:16,830 - Epoch 1 average train loss: 0.6426533460617065
2023-12-19 18:05:55,689 - Epoch 2 average train loss: 0.5543122291564941
2023-12-19 18:06:34,597 - Epoch 3 average train loss: 0.36197108030319214
2023-12-19 18:07:13,465 - Epoch 4 average train loss: 0.1776873767375946
2023-12-19 18:07:52,296 - Epoch 5 average train loss: 0.11445744335651398
2023-12-19 18:07:55,376 - Evaluation Results
2023-12-19 18:07:55,376 - Training time: 193.2439296245575 seconds
2023-12-19 18:07:55,376 - Inference time: 3.0183401107788086 seconds
2023-12-19 18:07:55,376 - Precision: 0.5116279069767442
2023-12-19 18:07:55,376 - Recall: 0.5
2023-12-19 18:07:55,376 - F-score: 0.5057471264367817
2023-12-19 18:07:55,376 - Accuracy: 0.7637362637362637
2023-12-19 18:07:55,376 - G-mean: 0.6179547975929404
2023-12-19 18:07:55,376 - Additional Info
2023-12-19 18:07:55,376 - Model name: bert-base-uncased
2023-12-19 18:07:55,376 - Datasets list: science
2023-12-19 18:07:55,376 - Layers frozen: 0
2023-12-19 18:07:55,376 - Learning rate: 5e-05
2023-12-19 18:07:55,376 - Class weights: [0.45, 0.55]
2023-12-19 18:07:55,376 - Model not saved, didn't meet minimum accuracy threshold
