2023-12-16 15:41:45,164 - 
Starting detection model - gFOx9pdure
2023-12-16 15:42:33,613 - Epoch 1 average train loss: 0.6216947436332703
2023-12-16 15:43:09,409 - Epoch 2 average train loss: 0.45273780822753906
2023-12-16 15:43:45,067 - Epoch 3 average train loss: 0.31400150060653687
2023-12-16 15:44:19,603 - Epoch 4 average train loss: 0.16651374101638794
2023-12-16 15:44:20,055 - Evaluation Results
2023-12-16 15:44:20,055 - Training time: 151.66786122322083 seconds
2023-12-16 15:44:20,055 - Inference time: 0.38146471977233887 seconds
2023-12-16 15:44:20,056 - Precision: 0.5625
2023-12-16 15:44:20,056 - Recall: 0.6136363636363636
2023-12-16 15:44:20,056 - F-score: 0.5869565217391304
2023-12-16 15:44:20,056 - Accuracy: 0.7912087912087912
2023-12-16 15:44:20,056 - G-mean: 0.6967886950248874
2023-12-16 15:44:20,056 - Additional Info
2023-12-16 15:44:20,056 - Model name: bert-base-uncased
2023-12-16 15:44:20,056 - Datasets list: science
2023-12-16 15:44:20,056 - Layers frozen: 0
2023-12-16 15:44:20,056 - Learning rate: 3e-05
2023-12-16 15:44:20,056 - Batch size: 16
2023-12-16 15:44:20,056 - Class weights: [0.45, 0.55]
2023-12-16 15:44:20,056 - Model not saved, didn't meet minimum accuracy threshold
