2023-12-18 18:31:28,839 - 
Starting detection model - DUhFANeWUS
2023-12-18 18:31:47,577 - Epoch 1 average train loss: 0.6615790724754333
2023-12-18 18:32:01,716 - Epoch 2 average train loss: 0.6177254915237427
2023-12-18 18:32:16,070 - Epoch 3 average train loss: 0.5947672724723816
2023-12-18 18:32:30,306 - Epoch 4 average train loss: 0.5513085126876831
2023-12-18 18:32:44,435 - Epoch 5 average train loss: 0.5042750835418701
2023-12-18 18:32:58,538 - Epoch 6 average train loss: 0.437827467918396
2023-12-18 18:33:02,170 - Evaluation Results
2023-12-18 18:33:02,170 - Training time: 86.8134834766388 seconds
2023-12-18 18:33:02,170 - Inference time: 3.5681540966033936 seconds
2023-12-18 18:33:02,170 - Precision: 0.5517241379310345
2023-12-18 18:33:02,170 - Recall: 0.36363636363636365
2023-12-18 18:33:02,170 - F-score: 0.4383561643835616
2023-12-18 18:33:02,170 - Accuracy: 0.7747252747252747
2023-12-18 18:33:02,170 - G-mean: 0.5307714025060899
2023-12-18 18:33:02,170 - Additional Info
2023-12-18 18:33:02,170 - Model name: bert-base-uncased
2023-12-18 18:33:02,170 - Datasets list: science
2023-12-18 18:33:02,170 - Layers frozen: 0
2023-12-18 18:33:02,171 - Learning rate: 1e-05
2023-12-18 18:33:02,171 - Class weights: [0.45, 0.55]
2023-12-18 18:33:02,171 - Model not saved, didn't meet minimum accuracy threshold
