2023-12-16 15:00:54,862 - 
Starting detection model - L1CdKRdqba
2023-12-16 15:01:13,594 - Epoch 1 average train loss: 0.0
2023-12-16 15:01:27,010 - Epoch 2 average train loss: 0.0
2023-12-16 15:01:40,352 - Epoch 3 average train loss: 0.0
2023-12-16 15:01:53,512 - Epoch 4 average train loss: 0.0
2023-12-16 15:01:54,087 - Evaluation Results
2023-12-16 15:01:54,087 - Training time: 55.915512800216675 seconds
2023-12-16 15:01:54,087 - Inference time: 0.5149154663085938 seconds
2023-12-16 15:01:54,087 - Precision: 0.5769230769230769
2023-12-16 15:01:54,087 - Recall: 0.3409090909090909
2023-12-16 15:01:54,087 - F-score: 0.42857142857142855
2023-12-16 15:01:54,087 - Accuracy: 0.7802197802197802
2023-12-16 15:01:54,087 - G-mean: 0.515736382257463
2023-12-16 15:01:54,087 - Additional Info
2023-12-16 15:01:54,087 - Model name: bert-base-uncased
2023-12-16 15:01:54,087 - Datasets list: science
2023-12-16 15:01:54,087 - Layers frozen: 0
2023-12-16 15:01:54,087 - Learning rate: 3e-05
2023-12-16 15:01:54,087 - Batch size: 8
2023-12-16 15:01:54,087 - Class weights: [0.45, 0.55]
2023-12-16 15:01:54,087 - Model not saved, didn't meet minimum accuracy threshold
