2023-12-20 15:59:49,062 - 
Starting detection model - WfJNaDoiSA
2023-12-20 16:00:26,180 - Epoch 1 average train loss: 0.6357097625732422
2023-12-20 16:00:58,701 - Epoch 2 average train loss: 0.5509534478187561
2023-12-20 16:01:31,197 - Epoch 3 average train loss: 0.41820594668388367
2023-12-20 16:02:03,625 - Epoch 4 average train loss: 0.29100722074508667
2023-12-20 16:02:36,065 - Epoch 5 average train loss: 0.20460188388824463
2023-12-20 16:03:08,595 - Epoch 6 average train loss: 0.16520360112190247
2023-12-20 16:03:12,825 - Evaluation Results
2023-12-20 16:03:12,826 - Training time: 196.63967609405518 seconds
2023-12-20 16:03:12,826 - Inference time: 4.147107362747192 seconds
2023-12-20 16:03:12,826 - Precision: 0.4444444444444444
2023-12-20 16:03:12,826 - Recall: 0.45454545454545453
2023-12-20 16:03:12,826 - F-score: 0.44943820224719094
2023-12-20 16:03:12,826 - Accuracy: 0.7307692307692307
2023-12-20 16:03:12,826 - G-mean: 0.5763400317241829
2023-12-20 16:03:12,826 - Additional Info
2023-12-20 16:03:12,826 - Model name: bert-base-uncased
2023-12-20 16:03:12,826 - Datasets list: science
2023-12-20 16:03:12,826 - Layers frozen: 0
2023-12-20 16:03:12,826 - Learning rate: 1e-05
2023-12-20 16:03:12,826 - Class weights: [0.45, 0.55]
2023-12-20 16:03:12,826 - Model not saved, didn't meet minimum accuracy threshold
