2023-12-20 16:07:00,099 - 
Starting detection model - H4s4BadhDd
2023-12-20 16:07:37,451 - Epoch 1 average train loss: 0.617085337638855
2023-12-20 16:08:10,888 - Epoch 2 average train loss: 0.5040892958641052
2023-12-20 16:08:47,383 - Epoch 3 average train loss: 0.31382593512535095
2023-12-20 16:09:23,310 - Epoch 4 average train loss: 0.15534189343452454
2023-12-20 16:09:56,171 - Epoch 5 average train loss: 0.08955614268779755
2023-12-20 16:10:30,858 - Epoch 6 average train loss: 0.06324384361505508
2023-12-20 16:10:35,507 - Evaluation Results
2023-12-20 16:10:35,509 - Training time: 207.82568454742432 seconds
2023-12-20 16:10:35,509 - Inference time: 4.561163902282715 seconds
2023-12-20 16:10:35,509 - Precision: 0.5135135135135135
2023-12-20 16:10:35,509 - Recall: 0.4318181818181818
2023-12-20 16:10:35,509 - F-score: 0.46913580246913583
2023-12-20 16:10:35,509 - Accuracy: 0.7637362637362637
2023-12-20 16:10:35,509 - G-mean: 0.5742779856438908
2023-12-20 16:10:35,509 - Additional Info
2023-12-20 16:10:35,509 - Model name: bert-base-uncased
2023-12-20 16:10:35,509 - Datasets list: science
2023-12-20 16:10:35,509 - Layers frozen: 0
2023-12-20 16:10:35,509 - Learning rate: 1e-05
2023-12-20 16:10:35,509 - Class weights: [0.45, 0.55]
2023-12-20 16:10:35,509 - Model not saved, didn't meet minimum accuracy threshold
