2023-12-19 16:46:29,435 - 
Starting detection model - pLe6k6C0fW
2023-12-19 16:46:39,025 - Epoch 1 average train loss: 0.6567572355270386
2023-12-19 16:46:44,678 - Epoch 2 average train loss: 0.6263754963874817
2023-12-19 16:46:50,331 - Epoch 3 average train loss: 0.5947827696800232
2023-12-19 16:46:55,993 - Epoch 4 average train loss: 0.5402542352676392
2023-12-19 16:47:01,666 - Epoch 5 average train loss: 0.4057917594909668
2023-12-19 16:47:02,154 - Evaluation Results
2023-12-19 16:47:02,155 - Training time: 29.56240677833557 seconds
2023-12-19 16:47:02,155 - Inference time: 0.4156014919281006 seconds
2023-12-19 16:47:02,155 - Precision: 0.5151515151515151
2023-12-19 16:47:02,155 - Recall: 0.38636363636363635
2023-12-19 16:47:02,155 - F-score: 0.44155844155844154
2023-12-19 16:47:02,155 - Accuracy: 0.7637362637362637
2023-12-19 16:47:02,155 - G-mean: 0.5432125919747444
2023-12-19 16:47:02,155 - Additional Info
2023-12-19 16:47:02,155 - Model name: bert-base-uncased
2023-12-19 16:47:02,155 - Datasets list: science
2023-12-19 16:47:02,155 - Layers frozen: 0
2023-12-19 16:47:02,155 - Learning rate: 0.0001
2023-12-19 16:47:02,155 - Class weights: [0.45, 0.55]
2023-12-19 16:47:02,155 - Model not saved, didn't meet minimum accuracy threshold
