2023-12-19 17:26:00,847 - 
Starting detection model - cwUo9Lshsq
2023-12-19 17:26:41,957 - Epoch 1 average train loss: 0.6438087821006775
2023-12-19 17:27:21,480 - Epoch 2 average train loss: 0.6004724502563477
2023-12-19 17:28:00,978 - Epoch 3 average train loss: 0.559486448764801
2023-12-19 17:28:40,524 - Epoch 4 average train loss: 0.48199963569641113
2023-12-19 17:29:20,054 - Epoch 5 average train loss: 0.4267451763153076
2023-12-19 17:29:23,160 - Evaluation Results
2023-12-19 17:29:23,160 - Training time: 196.5979995727539 seconds
2023-12-19 17:29:23,160 - Inference time: 3.042123317718506 seconds
2023-12-19 17:29:23,160 - Precision: 0.5172413793103449
2023-12-19 17:29:23,161 - Recall: 0.3409090909090909
2023-12-19 17:29:23,161 - F-score: 0.410958904109589
2023-12-19 17:29:23,161 - Accuracy: 0.7637362637362637
2023-12-19 17:29:23,161 - G-mean: 0.5102593804768663
2023-12-19 17:29:23,161 - Additional Info
2023-12-19 17:29:23,161 - Model name: bert-base-uncased
2023-12-19 17:29:23,161 - Datasets list: science
2023-12-19 17:29:23,161 - Layers frozen: 0
2023-12-19 17:29:23,161 - Learning rate: 1e-05
2023-12-19 17:29:23,161 - Class weights: [0.45, 0.55]
2023-12-19 17:29:23,161 - Model not saved, didn't meet minimum accuracy threshold
