2023-12-18 18:37:14,230 - 
Starting detection model - CNuoULrNYo
2023-12-18 18:37:52,413 - Epoch 1 average train loss: 0.6398612260818481
2023-12-18 18:38:28,759 - Epoch 2 average train loss: 0.49283477663993835
2023-12-18 18:39:05,212 - Epoch 3 average train loss: 0.36069220304489136
2023-12-18 18:39:41,565 - Epoch 4 average train loss: 0.3294028639793396
2023-12-18 18:40:18,055 - Epoch 5 average train loss: 0.092910997569561
2023-12-18 18:40:54,489 - Epoch 6 average train loss: 0.044475357979536057
2023-12-18 18:40:55,684 - Evaluation Results
2023-12-18 18:40:55,684 - Training time: 217.37642121315002 seconds
2023-12-18 18:40:55,684 - Inference time: 1.129411220550537 seconds
2023-12-18 18:40:55,684 - Precision: 0.5555555555555556
2023-12-18 18:40:55,684 - Recall: 0.5681818181818182
2023-12-18 18:40:55,684 - F-score: 0.5617977528089888
2023-12-18 18:40:55,684 - Accuracy: 0.7857142857142857
2023-12-18 18:40:55,684 - G-mean: 0.6681531047810609
2023-12-18 18:40:55,684 - Additional Info
2023-12-18 18:40:55,684 - Model name: bert-base-uncased
2023-12-18 18:40:55,684 - Datasets list: science
2023-12-18 18:40:55,684 - Layers frozen: 0
2023-12-18 18:40:55,684 - Learning rate: 0.0001
2023-12-18 18:40:55,684 - Class weights: [0.45, 0.55]
2023-12-18 18:40:55,684 - Model not saved, didn't meet minimum accuracy threshold
