2023-12-19 16:30:54,024 - 
Starting detection model - gdnDo0g5Wb
2023-12-19 16:31:04,463 - Epoch 1 average train loss: 0.6218289732933044
2023-12-19 16:31:10,938 - Epoch 2 average train loss: 0.4377132058143616
2023-12-19 16:31:17,453 - Epoch 3 average train loss: 0.3024693429470062
2023-12-19 16:31:23,896 - Epoch 4 average train loss: 0.11148076504468918
2023-12-19 16:31:30,330 - Epoch 5 average train loss: 0.1290338933467865
2023-12-19 16:31:30,834 - Evaluation Results
2023-12-19 16:31:30,835 - Training time: 33.506115198135376 seconds
2023-12-19 16:31:30,835 - Inference time: 0.42785143852233887 seconds
2023-12-19 16:31:30,835 - Precision: 0.3333333333333333
2023-12-19 16:31:30,835 - Recall: 0.6363636363636364
2023-12-19 16:31:30,835 - F-score: 0.43749999999999994
2023-12-19 16:31:30,835 - Accuracy: 0.6043956043956044
2023-12-19 16:31:30,835 - G-mean: 0.6201736729460422
2023-12-19 16:31:30,835 - Additional Info
2023-12-19 16:31:30,835 - Model name: bert-base-uncased
2023-12-19 16:31:30,835 - Datasets list: science
2023-12-19 16:31:30,835 - Layers frozen: 0
2023-12-19 16:31:30,835 - Learning rate: 5e-05
2023-12-19 16:31:30,835 - Class weights: [0.45, 0.55]
2023-12-19 16:31:30,835 - Model not saved, didn't meet minimum accuracy threshold
