2023-12-19 17:08:35,221 - 
Starting detection model - xtBnSjTdIo
2023-12-19 17:08:43,348 - Epoch 1 average train loss: 0.6439046263694763
2023-12-19 17:08:47,770 - Epoch 2 average train loss: 0.6106244921684265
2023-12-19 17:08:52,198 - Epoch 3 average train loss: 0.545720100402832
2023-12-19 17:08:56,631 - Epoch 4 average train loss: 0.4231142997741699
2023-12-19 17:09:01,079 - Epoch 5 average train loss: 0.2171245515346527
2023-12-19 17:09:01,516 - Evaluation Results
2023-12-19 17:09:01,517 - Training time: 23.219675302505493 seconds
2023-12-19 17:09:01,517 - Inference time: 0.37496471405029297 seconds
2023-12-19 17:09:01,517 - Precision: 0.4426229508196721
2023-12-19 17:09:01,517 - Recall: 0.6136363636363636
2023-12-19 17:09:01,517 - F-score: 0.5142857142857142
2023-12-19 17:09:01,517 - Accuracy: 0.7197802197802198
2023-12-19 17:09:01,517 - G-mean: 0.664592594514351
2023-12-19 17:09:01,517 - Additional Info
2023-12-19 17:09:01,517 - Model name: bert-base-uncased
2023-12-19 17:09:01,517 - Datasets list: science
2023-12-19 17:09:01,517 - Layers frozen: 0
2023-12-19 17:09:01,517 - Learning rate: 3e-05
2023-12-19 17:09:01,517 - Class weights: [0.45, 0.55]
2023-12-19 17:09:01,517 - Model not saved, didn't meet minimum accuracy threshold
