2023-12-19 17:50:33,525 - 
Starting detection model - a0yFkmWJ5Y
2023-12-19 17:51:14,881 - Epoch 1 average train loss: 0.6404967308044434
2023-12-19 17:51:54,483 - Epoch 2 average train loss: 0.5908420085906982
2023-12-19 17:52:33,453 - Epoch 3 average train loss: 0.4151974618434906
2023-12-19 17:53:12,154 - Epoch 4 average train loss: 0.27599459886550903
2023-12-19 17:53:50,850 - Epoch 5 average train loss: 0.14572307467460632
2023-12-19 17:53:53,955 - Evaluation Results
2023-12-19 17:53:53,955 - Training time: 194.6621129512787 seconds
2023-12-19 17:53:53,955 - Inference time: 3.0413806438446045 seconds
2023-12-19 17:53:53,955 - Precision: 0.5416666666666666
2023-12-19 17:53:53,955 - Recall: 0.29545454545454547
2023-12-19 17:53:53,955 - F-score: 0.38235294117647056
2023-12-19 17:53:53,955 - Accuracy: 0.7692307692307693
2023-12-19 17:53:53,955 - G-mean: 0.4767312946227962
2023-12-19 17:53:53,955 - Additional Info
2023-12-19 17:53:53,955 - Model name: bert-base-uncased
2023-12-19 17:53:53,955 - Datasets list: science
2023-12-19 17:53:53,955 - Layers frozen: 0
2023-12-19 17:53:53,955 - Learning rate: 0.0001
2023-12-19 17:53:53,955 - Class weights: [0.45, 0.55]
2023-12-19 17:53:53,955 - Model not saved, didn't meet minimum accuracy threshold
