2023-12-19 16:29:20,995 - 
Starting detection model - ppZnf9tfg9
2023-12-19 16:29:31,083 - Epoch 1 average train loss: 0.6383280754089355
2023-12-19 16:29:37,506 - Epoch 2 average train loss: 0.6173391938209534
2023-12-19 16:29:43,922 - Epoch 3 average train loss: 0.6742658019065857
2023-12-19 16:29:50,344 - Epoch 4 average train loss: 0.6454508304595947
2023-12-19 16:29:56,788 - Epoch 5 average train loss: 0.6348145008087158
2023-12-19 16:29:57,312 - Evaluation Results
2023-12-19 16:29:57,312 - Training time: 33.20811986923218 seconds
2023-12-19 16:29:57,313 - Inference time: 0.43596673011779785 seconds
2023-12-19 16:29:57,313 - Precision: 0.0
2023-12-19 16:29:57,313 - Recall: 0.0
2023-12-19 16:29:57,313 - F-score: 0.0
2023-12-19 16:29:57,313 - Accuracy: 0.7582417582417582
2023-12-19 16:29:57,313 - G-mean: 0.0
2023-12-19 16:29:57,313 - Additional Info
2023-12-19 16:29:57,313 - Model name: bert-base-uncased
2023-12-19 16:29:57,313 - Datasets list: science
2023-12-19 16:29:57,313 - Layers frozen: 0
2023-12-19 16:29:57,313 - Learning rate: 0.0001
2023-12-19 16:29:57,313 - Class weights: [0.45, 0.55]
2023-12-19 16:29:57,313 - Model not saved, didn't meet minimum accuracy threshold
