2023-12-19 16:50:02,721 - 
Starting detection model - 1A5OK6vTzK
2023-12-19 16:50:12,117 - Epoch 1 average train loss: 0.6179084181785583
2023-12-19 16:50:17,771 - Epoch 2 average train loss: 0.4811919629573822
2023-12-19 16:50:23,419 - Epoch 3 average train loss: 0.3060000538825989
2023-12-19 16:50:29,067 - Epoch 4 average train loss: 0.16565392911434174
2023-12-19 16:50:34,732 - Epoch 5 average train loss: 0.07491478323936462
2023-12-19 16:50:35,220 - Evaluation Results
2023-12-19 16:50:35,220 - Training time: 29.336121559143066 seconds
2023-12-19 16:50:35,220 - Inference time: 0.41538262367248535 seconds
2023-12-19 16:50:35,221 - Precision: 0.5227272727272727
2023-12-19 16:50:35,221 - Recall: 0.5227272727272727
2023-12-19 16:50:35,221 - F-score: 0.5227272727272727
2023-12-19 16:50:35,221 - Accuracy: 0.7692307692307693
2023-12-19 16:50:35,221 - G-mean: 0.6341119002967079
2023-12-19 16:50:35,221 - Additional Info
2023-12-19 16:50:35,221 - Model name: bert-base-uncased
2023-12-19 16:50:35,221 - Datasets list: science
2023-12-19 16:50:35,221 - Layers frozen: 0
2023-12-19 16:50:35,221 - Learning rate: 5e-05
2023-12-19 16:50:35,221 - Class weights: [0.45, 0.55]
2023-12-19 16:50:35,221 - Model not saved, didn't meet minimum accuracy threshold
