2023-12-18 18:22:16,877 - 
Starting detection model - kFA9rlwGRe
2023-12-18 18:22:28,441 - Epoch 1 average train loss: 0.6363013982772827
2023-12-18 18:22:35,601 - Epoch 2 average train loss: 0.5750123858451843
2023-12-18 18:22:42,807 - Epoch 3 average train loss: 0.3600870668888092
2023-12-18 18:22:49,982 - Epoch 4 average train loss: 0.16277365386486053
2023-12-18 18:22:57,160 - Epoch 5 average train loss: 0.23211143910884857
2023-12-18 18:23:04,313 - Epoch 6 average train loss: 0.03438090533018112
2023-12-18 18:23:04,860 - Evaluation Results
2023-12-18 18:23:04,860 - Training time: 44.462443828582764 seconds
2023-12-18 18:23:04,860 - Inference time: 0.46798157691955566 seconds
2023-12-18 18:23:04,861 - Precision: 0.5384615384615384
2023-12-18 18:23:04,861 - Recall: 0.6363636363636364
2023-12-18 18:23:04,861 - F-score: 0.5833333333333334
2023-12-18 18:23:04,861 - Accuracy: 0.7802197802197802
2023-12-18 18:23:04,861 - G-mean: 0.704630042294179
2023-12-18 18:23:04,861 - Additional Info
2023-12-18 18:23:04,861 - Model name: bert-base-uncased
2023-12-18 18:23:04,861 - Datasets list: science
2023-12-18 18:23:04,861 - Layers frozen: 0
2023-12-18 18:23:04,861 - Learning rate: 3e-05
2023-12-18 18:23:04,861 - Class weights: [0.45, 0.55]
2023-12-18 18:23:04,861 - Model not saved, didn't meet minimum accuracy threshold
