2023-12-19 16:21:35,890 - 
Starting detection model - YBwQCkTDjn
2023-12-19 16:21:46,038 - Epoch 1 average train loss: 0.6334447264671326
2023-12-19 16:21:52,489 - Epoch 2 average train loss: 0.5562103986740112
2023-12-19 16:21:58,912 - Epoch 3 average train loss: 0.441334068775177
2023-12-19 16:22:05,344 - Epoch 4 average train loss: 0.2755579948425293
2023-12-19 16:22:11,773 - Epoch 5 average train loss: 0.1475285291671753
2023-12-19 16:22:12,283 - Evaluation Results
2023-12-19 16:22:12,283 - Training time: 33.26457142829895 seconds
2023-12-19 16:22:12,283 - Inference time: 0.43102192878723145 seconds
2023-12-19 16:22:12,283 - Precision: 0.5862068965517241
2023-12-19 16:22:12,283 - Recall: 0.38636363636363635
2023-12-19 16:22:12,283 - F-score: 0.4657534246575343
2023-12-19 16:22:12,283 - Accuracy: 0.7857142857142857
2023-12-19 16:22:12,283 - G-mean: 0.5509731650193397
2023-12-19 16:22:12,283 - Additional Info
2023-12-19 16:22:12,283 - Model name: bert-base-uncased
2023-12-19 16:22:12,284 - Datasets list: science
2023-12-19 16:22:12,284 - Layers frozen: 0
2023-12-19 16:22:12,284 - Learning rate: 1e-05
2023-12-19 16:22:12,284 - Class weights: [0.45, 0.55]
2023-12-19 16:22:12,284 - Model not saved, didn't meet minimum accuracy threshold
