2023-12-19 16:58:15,178 - 
Starting detection model - 6AGHgKX4PA
2023-12-19 16:58:23,378 - Epoch 1 average train loss: 0.636093258857727
2023-12-19 16:58:27,802 - Epoch 2 average train loss: 0.586814284324646
2023-12-19 16:58:32,238 - Epoch 3 average train loss: 0.5649150609970093
2023-12-19 16:58:36,678 - Epoch 4 average train loss: 0.47182297706604004
2023-12-19 16:58:41,126 - Epoch 5 average train loss: 0.3746051788330078
2023-12-19 16:58:41,925 - Evaluation Results
2023-12-19 16:58:41,925 - Training time: 23.272825479507446 seconds
2023-12-19 16:58:41,926 - Inference time: 0.375551700592041 seconds
2023-12-19 16:58:41,926 - Precision: 0.5740740740740741
2023-12-19 16:58:41,926 - Recall: 0.7045454545454546
2023-12-19 16:58:41,926 - F-score: 0.6326530612244898
2023-12-19 16:58:41,926 - Accuracy: 0.8021978021978022
2023-12-19 16:58:41,926 - G-mean: 0.7517877460991335
2023-12-19 16:58:41,926 - Additional Info
2023-12-19 16:58:41,926 - Model name: bert-base-uncased
2023-12-19 16:58:41,926 - Datasets list: science
2023-12-19 16:58:41,926 - Layers frozen: 0
2023-12-19 16:58:41,926 - Learning rate: 1e-05
2023-12-19 16:58:41,926 - Class weights: [0.45, 0.55]
2023-12-19 16:58:41,926 - Model saved to: ./models\bert_model_6AGHgKX4PA.pt
