2023-12-22 02:56:12,648 - 
Starting detection model - DnCLrzmW9p
2023-12-22 03:08:59,221 - Epoch 1 average train loss: 0.0
2023-12-22 03:15:18,983 - Epoch 2 average train loss: 0.0
2023-12-22 03:21:38,432 - Epoch 3 average train loss: 0.0
2023-12-22 03:27:57,905 - Epoch 4 average train loss: 0.0
2023-12-22 03:34:17,314 - Epoch 5 average train loss: 0.0
2023-12-22 03:40:36,775 - Epoch 6 average train loss: 0.0
2023-12-22 03:46:56,252 - Epoch 7 average train loss: 0.0
2023-12-22 03:47:25,351 - Evaluation Results
2023-12-22 03:47:25,351 - Training time: 2656.6592445373535 seconds
2023-12-22 03:47:25,351 - Inference time: 28.695050716400146 seconds
2023-12-22 03:47:25,351 - Precision: 0.9671807747489239
2023-12-22 03:47:25,352 - Recall: 0.933367947386639
2023-12-22 03:47:25,352 - F-score: 0.9499735775937995
2023-12-22 03:47:25,352 - Accuracy: 0.9576372315035799
2023-12-22 03:47:25,352 - G-mean: 0.9454247178435309
2023-12-22 03:47:25,352 - Additional Info
2023-12-22 03:47:25,352 - Model name: distilbert-base-uncased
2023-12-22 03:47:25,352 - Datasets list: social_media
2023-12-22 03:47:25,352 - Dataset size: 67038
2023-12-22 03:47:25,353 - Layers frozen: 0
2023-12-22 03:47:25,353 - Learning rate: 1e-05
2023-12-22 03:47:25,353 - Class weights: Auto weights - [0.4296667561681434, 0.5703332438318566]
2023-12-22 03:47:25,353 - Model saved to: ./models/bert_model_DnCLrzmW9p.pt
