2023-12-22 03:47:33,535 - 
Starting detection model - zFQjRY0E5d
2023-12-22 04:02:30,610 - Epoch 1 average train loss: 0.0
2023-12-22 04:14:42,002 - Epoch 2 average train loss: 0.0
2023-12-22 04:26:53,426 - Epoch 3 average train loss: 0.0
2023-12-22 04:39:04,733 - Epoch 4 average train loss: 0.0
2023-12-22 04:51:16,128 - Epoch 5 average train loss: 0.0
2023-12-22 05:03:27,451 - Epoch 6 average train loss: 0.0
2023-12-22 05:15:39,073 - Epoch 7 average train loss: 0.0
2023-12-22 05:16:37,566 - Evaluation Results
2023-12-22 05:16:37,566 - Training time: 5120.355710268021 seconds
2023-12-22 05:16:37,566 - Inference time: 57.68566703796387 seconds
2023-12-22 05:16:37,566 - Precision: 0.9634474108582691
2023-12-22 05:16:37,566 - Recall: 0.9305988231221876
2023-12-22 05:16:37,566 - F-score: 0.9467382692138392
2023-12-22 05:16:37,567 - Accuracy: 0.9548776849642004
2023-12-22 05:16:37,567 - G-mean: 0.9426600924263867
2023-12-22 05:16:37,567 - Additional Info
2023-12-22 05:16:37,567 - Model name: roberta-base
2023-12-22 05:16:37,567 - Datasets list: social_media
2023-12-22 05:16:37,567 - Dataset size: 67038
2023-12-22 05:16:37,567 - Layers frozen: 0
2023-12-22 05:16:37,567 - Learning rate: 1e-05
2023-12-22 05:16:37,567 - Class weights: Auto weights - [0.4296667561681434, 0.5703332438318566]
2023-12-22 05:16:37,567 - Model saved to: ./models/bert_model_zFQjRY0E5d.pt
