2023-12-20 02:21:38,999 - ====================================================
2023-12-20 02:21:46,349 - ====================================================
2023-12-20 02:21:47,018 - Model: bert-base-uncased 2023-12-20_02-21-47 with 1 epochs
2023-12-20 02:41:43,768 - Epoch 1 average train loss: 0.600121
2023-12-20 02:41:52,493 - 2023-12-20_02-21-47 with 1 epochs: Evaluation Results (balanced):
2023-12-20 02:41:52,494 - Training time: 1196.6618885993958 seconds
2023-12-20 02:41:52,494 - Inference time: 8.70830488204956 seconds
2023-12-20 02:41:52,494 - Precision: 0.8235294117647058
2023-12-20 02:41:52,494 - Recall: 0.1935483870967742
2023-12-20 02:41:52,494 - F-score: 0.31343283582089554
2023-12-20 02:41:52,494 - Accuracy: 0.6933333333333334
2023-12-20 02:41:52,494 - G-mean: 0.36632437591170036
2023-12-20 02:42:06,331 - bert-base-uncased 2023-12-20_02-21-47 with 1 epochs: Evaluation Results (balanced) (completely new data):
2023-12-20 02:42:06,331 - Training time: 1196.6618885993958 seconds
2023-12-20 02:42:06,331 - Inference time: 11.849153757095337 seconds
2023-12-20 02:42:06,331 - Precision: 0.6179775280898876
2023-12-20 02:42:06,331 - Recall: 0.13126491646778043
2023-12-20 02:42:06,331 - F-score: 0.21653543307086615
2023-12-20 02:42:06,331 - Accuracy: 0.5025
2023-12-20 02:42:06,331 - G-mean: 0.25682799793842503
